mkdir: cannot create directory ‘/home-4/xfeng17@jhu.edu/code/predict_dnase/tss_test5’: File exists
Done with 10000 rows.
Done with 20000 rows.
Done with 30000 rows.
Done with 40000 rows.
Done with 50000 rows.
chr11_KI270721v1_random not found
chr11_KI270721v1_random not found
chr11_KI270721v1_random not found
chr11_KI270721v1_random not found
chr11_KI270721v1_random not found
chr11_KI270721v1_random not found
chr11_KI270721v1_random not found
chr11_KI270721v1_random not found
chr11_KI270721v1_random not found
Done with 60000 rows.
Done with 70000 rows.
Done with 80000 rows.
chr14_GL000009v2_random not found
chr14_GL000009v2_random not found
chr14_GL000009v2_random not found
chr14_GL000009v2_random not found
chr14_GL000009v2_random not found
chr14_GL000009v2_random not found
chr14_GL000009v2_random not found
chr14_GL000009v2_random not found
chr14_GL000009v2_random not found
chr14_GL000009v2_random not found
chr14_GL000009v2_random not found
chr14_GL000194v1_random not found
chr14_GL000194v1_random not found
chr14_GL000194v1_random not found
chr14_GL000194v1_random not found
chr14_GL000194v1_random not found
chr14_GL000194v1_random not found
chr14_GL000194v1_random not found
chr14_GL000194v1_random not found
chr14_GL000194v1_random not found
chr14_GL000194v1_random not found
chr14_GL000194v1_random not found
chr14_GL000194v1_random not found
chr14_GL000194v1_random not found
chr14_GL000194v1_random not found
chr14_GL000194v1_random not found
chr14_GL000194v1_random not found
chr14_GL000194v1_random not found
chr14_GL000194v1_random not found
chr14_GL000194v1_random not found
chr14_GL000194v1_random not found
chr14_GL000194v1_random not found
chr14_GL000194v1_random not found
chr14_GL000194v1_random not found
chr14_GL000194v1_random not found
chr14_GL000194v1_random not found
chr14_GL000194v1_random not found
chr14_GL000194v1_random not found
chr14_GL000194v1_random not found
chr14_GL000194v1_random not found
chr14_GL000194v1_random not found
chr14_GL000194v1_random not found
chr14_GL000194v1_random not found
chr14_GL000194v1_random not found
chr14_GL000194v1_random not found
chr14_GL000194v1_random not found
chr14_GL000194v1_random not found
chr14_GL000194v1_random not found
chr14_GL000194v1_random not found
chr14_GL000194v1_random not found
chr14_GL000194v1_random not found
chr14_GL000194v1_random not found
chr14_GL000194v1_random not found
chr14_GL000194v1_random not found
chr14_GL000194v1_random not found
chr14_GL000194v1_random not found
chr14_GL000194v1_random not found
chr14_GL000194v1_random not found
chr14_GL000225v1_random not found
chr14_GL000225v1_random not found
chr14_GL000225v1_random not found
chr14_GL000225v1_random not found
chr14_GL000225v1_random not found
chr14_GL000225v1_random not found
chr14_GL000225v1_random not found
chr14_GL000225v1_random not found
chr14_GL000225v1_random not found
chr14_GL000225v1_random not found
chr14_GL000225v1_random not found
chr14_GL000225v1_random not found
chr14_GL000225v1_random not found
chr14_GL000225v1_random not found
chr14_GL000225v1_random not found
chr14_GL000225v1_random not found
chr14_GL000225v1_random not found
chr14_GL000225v1_random not found
chr14_GL000225v1_random not found
chr14_GL000225v1_random not found
chr14_GL000225v1_random not found
chr14_GL000225v1_random not found
chr14_GL000225v1_random not found
chr14_GL000225v1_random not found
chr14_GL000225v1_random not found
chr14_GL000225v1_random not found
chr14_GL000225v1_random not found
chr14_GL000225v1_random not found
chr14_GL000225v1_random not found
chr14_KI270722v1_random not found
chr14_KI270722v1_random not found
chr14_KI270722v1_random not found
chr14_KI270722v1_random not found
chr14_KI270722v1_random not found
chr14_KI270722v1_random not found
chr14_KI270723v1_random not found
chr14_KI270723v1_random not found
chr14_KI270724v1_random not found
chr14_KI270726v1_random not found
chr15_KI270727v1_random not found
chr15_KI270727v1_random not found
chr15_KI270727v1_random not found
chr15_KI270727v1_random not found
chr15_KI270727v1_random not found
chr15_KI270727v1_random not found
chr15_KI270727v1_random not found
chr15_KI270727v1_random not found
chr15_KI270727v1_random not found
chr15_KI270727v1_random not found
chr15_KI270727v1_random not found
chr15_KI270727v1_random not found
Done with 90000 rows.
chr16_KI270728v1_random not found
chr16_KI270728v1_random not found
chr16_KI270728v1_random not found
chr16_KI270728v1_random not found
chr16_KI270728v1_random not found
chr16_KI270728v1_random not found
chr16_KI270728v1_random not found
chr16_KI270728v1_random not found
chr16_KI270728v1_random not found
chr16_KI270728v1_random not found
chr16_KI270728v1_random not found
chr16_KI270728v1_random not found
chr16_KI270728v1_random not found
chr16_KI270728v1_random not found
chr16_KI270728v1_random not found
chr16_KI270728v1_random not found
chr16_KI270728v1_random not found
chr16_KI270728v1_random not found
chr16_KI270728v1_random not found
Done with 100000 rows.
chr17_GL000205v2_random not found
chr17_GL000205v2_random not found
chr17_GL000205v2_random not found
chr17_GL000205v2_random not found
chr17_GL000205v2_random not found
chr17_GL000205v2_random not found
chr17_GL000205v2_random not found
chr17_GL000205v2_random not found
chr17_GL000205v2_random not found
chr17_GL000205v2_random not found
chr17_GL000205v2_random not found
chr17_GL000205v2_random not found
chr17_GL000205v2_random not found
chr17_GL000205v2_random not found
chr17_GL000205v2_random not found
chr17_GL000205v2_random not found
chr17_GL000205v2_random not found
chr17_GL000205v2_random not found
chr17_GL000205v2_random not found
chr17_GL000205v2_random not found
chr17_GL000205v2_random not found
chr17_GL000205v2_random not found
chr17_GL000205v2_random not found
chr17_GL000205v2_random not found
chr17_GL000205v2_random not found
chr17_GL000205v2_random not found
chr17_GL000205v2_random not found
chr17_GL000205v2_random not found
chr17_GL000205v2_random not found
chr17_GL000205v2_random not found
chr17_GL000205v2_random not found
chr17_GL000205v2_random not found
chr17_GL000205v2_random not found
chr17_GL000205v2_random not found
chr17_GL000205v2_random not found
chr17_GL000205v2_random not found
chr17_GL000205v2_random not found
chr17_GL000205v2_random not found
chr17_GL000205v2_random not found
chr17_GL000205v2_random not found
chr17_GL000205v2_random not found
chr17_GL000205v2_random not found
chr17_GL000205v2_random not found
chr17_GL000205v2_random not found
chr17_GL000205v2_random not found
chr17_GL000205v2_random not found
chr17_GL000205v2_random not found
chr17_GL000205v2_random not found
chr17_GL000205v2_random not found
chr17_GL000205v2_random not found
chr17_GL000205v2_random not found
chr17_GL000205v2_random not found
chr17_GL000205v2_random not found
chr17_GL000205v2_random not found
chr17_GL000205v2_random not found
chr17_GL000205v2_random not found
chr17_GL000205v2_random not found
chr17_GL000205v2_random not found
chr17_GL000205v2_random not found
chr17_GL000205v2_random not found
chr17_GL000205v2_random not found
chr17_GL000205v2_random not found
chr17_GL000205v2_random not found
chr17_GL000205v2_random not found
chr17_GL000205v2_random not found
chr17_GL000205v2_random not found
chr17_GL000205v2_random not found
chr17_GL000205v2_random not found
chr17_GL000205v2_random not found
chr17_GL000205v2_random not found
chr17_GL000205v2_random not found
chr17_GL000205v2_random not found
chr17_GL000205v2_random not found
chr17_GL000205v2_random not found
chr17_GL000205v2_random not found
chr17_GL000205v2_random not found
chr17_GL000205v2_random not found
chr17_GL000205v2_random not found
chr17_GL000205v2_random not found
chr17_GL000205v2_random not found
chr17_GL000205v2_random not found
chr17_GL000205v2_random not found
chr17_GL000205v2_random not found
chr17_GL000205v2_random not found
chr17_GL000205v2_random not found
chr17_GL000205v2_random not found
chr17_GL000205v2_random not found
chr17_GL000205v2_random not found
chr17_GL000205v2_random not found
chr17_GL000205v2_random not found
chr17_GL000205v2_random not found
chr17_GL000205v2_random not found
chr17_GL000205v2_random not found
chr17_GL000205v2_random not found
chr17_GL000205v2_random not found
chr17_GL000205v2_random not found
chr17_GL000205v2_random not found
chr17_GL000205v2_random not found
chr17_GL000205v2_random not found
chr17_GL000205v2_random not found
chr17_GL000205v2_random not found
chr17_GL000205v2_random not found
chr17_GL000205v2_random not found
chr17_GL000205v2_random not found
chr17_GL000205v2_random not found
chr17_GL000205v2_random not found
chr17_GL000205v2_random not found
chr17_GL000205v2_random not found
chr17_GL000205v2_random not found
chr17_KI270729v1_random not found
chr17_KI270729v1_random not found
chr17_KI270729v1_random not found
chr17_KI270729v1_random not found
chr17_KI270729v1_random not found
chr17_KI270729v1_random not found
chr17_KI270730v1_random not found
chr17_KI270730v1_random not found
Done with 110000 rows.
Done with 120000 rows.
chr1_KI270706v1_random not found
chr1_KI270706v1_random not found
chr1_KI270706v1_random not found
chr1_KI270706v1_random not found
chr1_KI270706v1_random not found
chr1_KI270706v1_random not found
chr1_KI270706v1_random not found
chr1_KI270706v1_random not found
chr1_KI270706v1_random not found
chr1_KI270706v1_random not found
chr1_KI270706v1_random not found
chr1_KI270706v1_random not found
chr1_KI270706v1_random not found
chr1_KI270706v1_random not found
chr1_KI270706v1_random not found
chr1_KI270706v1_random not found
chr1_KI270706v1_random not found
chr1_KI270706v1_random not found
chr1_KI270706v1_random not found
chr1_KI270706v1_random not found
chr1_KI270706v1_random not found
chr1_KI270706v1_random not found
chr1_KI270706v1_random not found
chr1_KI270706v1_random not found
chr1_KI270707v1_random not found
chr1_KI270707v1_random not found
chr1_KI270708v1_random not found
chr1_KI270708v1_random not found
chr1_KI270708v1_random not found
chr1_KI270708v1_random not found
chr1_KI270708v1_random not found
chr1_KI270708v1_random not found
chr1_KI270708v1_random not found
chr1_KI270708v1_random not found
chr1_KI270709v1_random not found
chr1_KI270709v1_random not found
chr1_KI270709v1_random not found
chr1_KI270709v1_random not found
chr1_KI270710v1_random not found
chr1_KI270711v1_random not found
chr1_KI270711v1_random not found
chr1_KI270711v1_random not found
chr1_KI270711v1_random not found
chr1_KI270711v1_random not found
chr1_KI270711v1_random not found
chr1_KI270711v1_random not found
chr1_KI270711v1_random not found
chr1_KI270711v1_random not found
chr1_KI270711v1_random not found
chr1_KI270711v1_random not found
chr1_KI270711v1_random not found
chr1_KI270711v1_random not found
chr1_KI270711v1_random not found
chr1_KI270711v1_random not found
chr1_KI270711v1_random not found
chr1_KI270711v1_random not found
chr1_KI270711v1_random not found
chr1_KI270711v1_random not found
chr1_KI270712v1_random not found
chr1_KI270712v1_random not found
chr1_KI270712v1_random not found
chr1_KI270712v1_random not found
chr1_KI270712v1_random not found
chr1_KI270712v1_random not found
chr1_KI270712v1_random not found
chr1_KI270712v1_random not found
chr1_KI270712v1_random not found
chr1_KI270712v1_random not found
chr1_KI270712v1_random not found
chr1_KI270712v1_random not found
chr1_KI270713v1_random not found
chr1_KI270713v1_random not found
chr1_KI270713v1_random not found
chr1_KI270713v1_random not found
chr1_KI270713v1_random not found
chr1_KI270713v1_random not found
chr1_KI270713v1_random not found
chr1_KI270713v1_random not found
chr1_KI270713v1_random not found
chr1_KI270713v1_random not found
chr1_KI270713v1_random not found
chr1_KI270713v1_random not found
chr1_KI270713v1_random not found
chr1_KI270713v1_random not found
chr1_KI270713v1_random not found
chr1_KI270713v1_random not found
chr1_KI270713v1_random not found
chr1_KI270713v1_random not found
chr1_KI270713v1_random not found
chr1_KI270713v1_random not found
chr1_KI270713v1_random not found
chr1_KI270713v1_random not found
chr1_KI270713v1_random not found
chr1_KI270713v1_random not found
chr1_KI270713v1_random not found
chr1_KI270713v1_random not found
chr1_KI270713v1_random not found
chr1_KI270713v1_random not found
chr1_KI270713v1_random not found
chr1_KI270713v1_random not found
chr1_KI270713v1_random not found
chr1_KI270713v1_random not found
chr1_KI270713v1_random not found
chr1_KI270713v1_random not found
chr1_KI270713v1_random not found
chr1_KI270713v1_random not found
chr1_KI270713v1_random not found
chr1_KI270713v1_random not found
chr1_KI270713v1_random not found
chr1_KI270713v1_random not found
chr1_KI270713v1_random not found
chr1_KI270714v1_random not found
chr1_KI270714v1_random not found
chr1_KI270714v1_random not found
chr1_KI270714v1_random not found
chr1_KI270714v1_random not found
chr1_KI270714v1_random not found
chr1_KI270714v1_random not found
chr1_KI270714v1_random not found
chr1_KI270714v1_random not found
chr1_KI270714v1_random not found
chr1_KI270714v1_random not found
chr1_KI270714v1_random not found
chr1_KI270714v1_random not found
chr1_KI270714v1_random not found
chr1_KI270714v1_random not found
chr1_KI270714v1_random not found
chr1_KI270714v1_random not found
Done with 130000 rows.
Done with 140000 rows.
Done with 150000 rows.
Done with 160000 rows.
chr22_KI270733v1_random not found
chr22_KI270733v1_random not found
chr22_KI270733v1_random not found
chr22_KI270733v1_random not found
chr22_KI270733v1_random not found
chr22_KI270733v1_random not found
chr22_KI270733v1_random not found
chr22_KI270733v1_random not found
chr22_KI270733v1_random not found
chr22_KI270733v1_random not found
chr22_KI270733v1_random not found
chr22_KI270733v1_random not found
chr22_KI270733v1_random not found
chr22_KI270733v1_random not found
chr22_KI270734v1_random not found
chr22_KI270734v1_random not found
chr22_KI270734v1_random not found
chr22_KI270734v1_random not found
chr22_KI270734v1_random not found
chr22_KI270734v1_random not found
chr22_KI270734v1_random not found
chr22_KI270734v1_random not found
chr22_KI270734v1_random not found
chr22_KI270734v1_random not found
chr22_KI270734v1_random not found
chr22_KI270734v1_random not found
chr22_KI270736v1_random not found
chr22_KI270736v1_random not found
chr22_KI270736v1_random not found
chr22_KI270736v1_random not found
chr22_KI270736v1_random not found
chr22_KI270736v1_random not found
chr22_KI270736v1_random not found
chr22_KI270736v1_random not found
chr22_KI270736v1_random not found
chr22_KI270736v1_random not found
chr22_KI270736v1_random not found
chr22_KI270736v1_random not found
chr22_KI270736v1_random not found
chr22_KI270736v1_random not found
chr22_KI270736v1_random not found
chr22_KI270736v1_random not found
chr22_KI270736v1_random not found
chr22_KI270736v1_random not found
chr22_KI270736v1_random not found
chr22_KI270736v1_random not found
chr22_KI270736v1_random not found
chr22_KI270736v1_random not found
chr22_KI270736v1_random not found
chr22_KI270736v1_random not found
chr22_KI270736v1_random not found
chr22_KI270736v1_random not found
chr22_KI270736v1_random not found
chr22_KI270737v1_random not found
chr22_KI270737v1_random not found
chr22_KI270737v1_random not found
chr22_KI270737v1_random not found
chr22_KI270737v1_random not found
chr22_KI270738v1_random not found
chr22_KI270738v1_random not found
chr22_KI270738v1_random not found
chr22_KI270738v1_random not found
chr22_KI270738v1_random not found
chr22_KI270738v1_random not found
chr22_KI270738v1_random not found
chr22_KI270738v1_random not found
chr22_KI270738v1_random not found
chr22_KI270738v1_random not found
chr22_KI270738v1_random not found
Done with 170000 rows.
chr3_GL000221v1_random not found
chr3_GL000221v1_random not found
Done with 180000 rows.
chr4_GL000008v2_random not found
chr4_GL000008v2_random not found
chr4_GL000008v2_random not found
chr4_GL000008v2_random not found
chr4_GL000008v2_random not found
chr4_GL000008v2_random not found
chr4_GL000008v2_random not found
chr4_GL000008v2_random not found
chr4_GL000008v2_random not found
chr4_GL000008v2_random not found
chr4_GL000008v2_random not found
chr4_GL000008v2_random not found
chr4_GL000008v2_random not found
chr4_GL000008v2_random not found
chr4_GL000008v2_random not found
chr4_GL000008v2_random not found
chr4_GL000008v2_random not found
chr4_GL000008v2_random not found
chr4_GL000008v2_random not found
chr4_GL000008v2_random not found
Done with 190000 rows.
Done with 200000 rows.
chr5_GL000208v1_random not found
chr5_GL000208v1_random not found
chr5_GL000208v1_random not found
chr5_GL000208v1_random not found
Done with 210000 rows.
Done with 220000 rows.
Done with 230000 rows.
Done with 240000 rows.
Done with 250000 rows.
chr9_KI270717v1_random not found
chr9_KI270718v1_random not found
chr9_KI270718v1_random not found
chr9_KI270719v1_random not found
chr9_KI270719v1_random not found
chr9_KI270719v1_random not found
chr9_KI270719v1_random not found
chr9_KI270719v1_random not found
chr9_KI270719v1_random not found
chr9_KI270719v1_random not found
chr9_KI270719v1_random not found
chr9_KI270719v1_random not found
chr9_KI270719v1_random not found
chr9_KI270720v1_random not found
chr9_KI270720v1_random not found
chr9_KI270720v1_random not found
chrUn_GL000195v1 not found
chrUn_GL000195v1 not found
chrUn_GL000195v1 not found
chrUn_GL000195v1 not found
chrUn_GL000195v1 not found
chrUn_GL000195v1 not found
chrUn_GL000195v1 not found
chrUn_GL000195v1 not found
chrUn_GL000195v1 not found
chrUn_GL000195v1 not found
chrUn_GL000195v1 not found
chrUn_GL000195v1 not found
chrUn_GL000195v1 not found
chrUn_GL000195v1 not found
chrUn_GL000195v1 not found
chrUn_GL000195v1 not found
chrUn_GL000213v1 not found
chrUn_GL000214v1 not found
chrUn_GL000214v1 not found
chrUn_GL000214v1 not found
chrUn_GL000214v1 not found
chrUn_GL000214v1 not found
chrUn_GL000214v1 not found
chrUn_GL000214v1 not found
chrUn_GL000214v1 not found
chrUn_GL000214v1 not found
chrUn_GL000214v1 not found
chrUn_GL000214v1 not found
chrUn_GL000214v1 not found
chrUn_GL000214v1 not found
chrUn_GL000216v2 not found
chrUn_GL000216v2 not found
chrUn_GL000216v2 not found
chrUn_GL000216v2 not found
chrUn_GL000216v2 not found
chrUn_GL000218v1 not found
chrUn_GL000218v1 not found
chrUn_GL000218v1 not found
chrUn_GL000218v1 not found
chrUn_GL000218v1 not found
chrUn_GL000218v1 not found
chrUn_GL000218v1 not found
chrUn_GL000218v1 not found
chrUn_GL000218v1 not found
chrUn_GL000218v1 not found
chrUn_GL000218v1 not found
chrUn_GL000218v1 not found
chrUn_GL000218v1 not found
chrUn_GL000218v1 not found
chrUn_GL000218v1 not found
chrUn_GL000218v1 not found
chrUn_GL000218v1 not found
chrUn_GL000218v1 not found
chrUn_GL000218v1 not found
chrUn_GL000218v1 not found
chrUn_GL000218v1 not found
chrUn_GL000218v1 not found
chrUn_GL000218v1 not found
chrUn_GL000218v1 not found
chrUn_GL000218v1 not found
chrUn_GL000218v1 not found
chrUn_GL000218v1 not found
chrUn_GL000218v1 not found
chrUn_GL000218v1 not found
chrUn_GL000218v1 not found
chrUn_GL000218v1 not found
chrUn_GL000218v1 not found
chrUn_GL000218v1 not found
chrUn_GL000218v1 not found
chrUn_GL000218v1 not found
chrUn_GL000218v1 not found
chrUn_GL000218v1 not found
chrUn_GL000218v1 not found
chrUn_GL000219v1 not found
chrUn_GL000219v1 not found
chrUn_GL000219v1 not found
chrUn_GL000219v1 not found
chrUn_GL000219v1 not found
chrUn_GL000219v1 not found
chrUn_GL000219v1 not found
chrUn_GL000219v1 not found
chrUn_GL000219v1 not found
chrUn_GL000219v1 not found
chrUn_GL000219v1 not found
chrUn_GL000219v1 not found
chrUn_GL000219v1 not found
chrUn_GL000219v1 not found
chrUn_GL000219v1 not found
chrUn_GL000219v1 not found
chrUn_GL000219v1 not found
chrUn_GL000219v1 not found
chrUn_GL000219v1 not found
chrUn_GL000219v1 not found
chrUn_GL000219v1 not found
chrUn_GL000219v1 not found
chrUn_GL000219v1 not found
chrUn_GL000219v1 not found
chrUn_GL000219v1 not found
chrUn_GL000219v1 not found
chrUn_GL000219v1 not found
chrUn_GL000219v1 not found
chrUn_GL000219v1 not found
chrUn_GL000219v1 not found
chrUn_GL000220v1 not found
chrUn_GL000220v1 not found
chrUn_GL000220v1 not found
chrUn_GL000220v1 not found
chrUn_GL000220v1 not found
chrUn_GL000220v1 not found
chrUn_GL000220v1 not found
chrUn_GL000224v1 not found
chrUn_GL000224v1 not found
chrUn_GL000224v1 not found
chrUn_GL000224v1 not found
chrUn_GL000224v1 not found
chrUn_GL000224v1 not found
chrUn_GL000224v1 not found
chrUn_GL000224v1 not found
chrUn_GL000224v1 not found
chrUn_GL000224v1 not found
chrUn_GL000224v1 not found
chrUn_GL000224v1 not found
chrUn_GL000224v1 not found
chrUn_GL000224v1 not found
chrUn_GL000224v1 not found
chrUn_GL000224v1 not found
chrUn_GL000224v1 not found
chrUn_GL000224v1 not found
chrUn_GL000224v1 not found
chrUn_GL000224v1 not found
chrUn_GL000224v1 not found
chrUn_GL000224v1 not found
chrUn_GL000224v1 not found
chrUn_GL000224v1 not found
chrUn_GL000224v1 not found
chrUn_GL000224v1 not found
chrUn_GL000224v1 not found
chrUn_GL000224v1 not found
chrUn_GL000224v1 not found
chrUn_GL000224v1 not found
chrUn_GL000224v1 not found
chrUn_GL000224v1 not found
chrUn_GL000224v1 not found
chrUn_GL000224v1 not found
chrUn_GL000224v1 not found
chrUn_GL000224v1 not found
chrUn_GL000224v1 not found
chrUn_GL000224v1 not found
chrUn_GL000224v1 not found
chrUn_GL000224v1 not found
chrUn_GL000224v1 not found
chrUn_GL000224v1 not found
chrUn_GL000224v1 not found
chrUn_GL000224v1 not found
chrUn_GL000224v1 not found
chrUn_KI270330v1 not found
chrUn_KI270435v1 not found
chrUn_KI270435v1 not found
chrUn_KI270435v1 not found
chrUn_KI270435v1 not found
chrUn_KI270435v1 not found
chrUn_KI270435v1 not found
chrUn_KI270438v1 not found
chrUn_KI270438v1 not found
chrUn_KI270438v1 not found
chrUn_KI270438v1 not found
chrUn_KI270438v1 not found
chrUn_KI270438v1 not found
chrUn_KI270438v1 not found
chrUn_KI270438v1 not found
chrUn_KI270438v1 not found
chrUn_KI270438v1 not found
chrUn_KI270438v1 not found
chrUn_KI270438v1 not found
chrUn_KI270438v1 not found
chrUn_KI270438v1 not found
chrUn_KI270438v1 not found
chrUn_KI270442v1 not found
chrUn_KI270442v1 not found
chrUn_KI270442v1 not found
chrUn_KI270442v1 not found
chrUn_KI270442v1 not found
chrUn_KI270442v1 not found
chrUn_KI270442v1 not found
chrUn_KI270442v1 not found
chrUn_KI270442v1 not found
chrUn_KI270442v1 not found
chrUn_KI270442v1 not found
chrUn_KI270442v1 not found
chrUn_KI270442v1 not found
chrUn_KI270442v1 not found
chrUn_KI270442v1 not found
chrUn_KI270442v1 not found
chrUn_KI270442v1 not found
chrUn_KI270442v1 not found
chrUn_KI270442v1 not found
chrUn_KI270442v1 not found
chrUn_KI270442v1 not found
chrUn_KI270442v1 not found
chrUn_KI270442v1 not found
chrUn_KI270442v1 not found
chrUn_KI270442v1 not found
chrUn_KI270442v1 not found
chrUn_KI270442v1 not found
chrUn_KI270467v1 not found
chrUn_KI270467v1 not found
chrUn_KI270467v1 not found
chrUn_KI270467v1 not found
chrUn_KI270507v1 not found
chrUn_KI270511v1 not found
chrUn_KI270519v1 not found
chrUn_KI270519v1 not found
chrUn_KI270519v1 not found
chrUn_KI270519v1 not found
chrUn_KI270519v1 not found
chrUn_KI270519v1 not found
chrUn_KI270538v1 not found
chrUn_KI270589v1 not found
chrUn_KI270589v1 not found
chrUn_KI270589v1 not found
chrUn_KI270589v1 not found
chrUn_KI270589v1 not found
chrUn_KI270589v1 not found
chrUn_KI270591v1 not found
chrUn_KI270591v1 not found
chrUn_KI270741v1 not found
chrUn_KI270742v1 not found
chrUn_KI270742v1 not found
chrUn_KI270742v1 not found
chrUn_KI270742v1 not found
chrUn_KI270742v1 not found
chrUn_KI270742v1 not found
chrUn_KI270742v1 not found
chrUn_KI270742v1 not found
chrUn_KI270742v1 not found
chrUn_KI270742v1 not found
chrUn_KI270742v1 not found
chrUn_KI270742v1 not found
chrUn_KI270742v1 not found
chrUn_KI270742v1 not found
chrUn_KI270742v1 not found
chrUn_KI270742v1 not found
chrUn_KI270742v1 not found
chrUn_KI270742v1 not found
chrUn_KI270742v1 not found
chrUn_KI270742v1 not found
chrUn_KI270742v1 not found
chrUn_KI270742v1 not found
chrUn_KI270742v1 not found
chrUn_KI270742v1 not found
chrUn_KI270742v1 not found
chrUn_KI270742v1 not found
chrUn_KI270743v1 not found
chrUn_KI270743v1 not found
chrUn_KI270743v1 not found
chrUn_KI270743v1 not found
chrUn_KI270743v1 not found
chrUn_KI270743v1 not found
chrUn_KI270743v1 not found
chrUn_KI270743v1 not found
chrUn_KI270743v1 not found
chrUn_KI270743v1 not found
chrUn_KI270743v1 not found
chrUn_KI270743v1 not found
chrUn_KI270743v1 not found
chrUn_KI270743v1 not found
chrUn_KI270743v1 not found
chrUn_KI270744v1 not found
chrUn_KI270744v1 not found
chrUn_KI270744v1 not found
chrUn_KI270744v1 not found
chrUn_KI270744v1 not found
chrUn_KI270744v1 not found
chrUn_KI270744v1 not found
chrUn_KI270744v1 not found
chrUn_KI270744v1 not found
chrUn_KI270744v1 not found
chrUn_KI270744v1 not found
chrUn_KI270744v1 not found
chrUn_KI270744v1 not found
chrUn_KI270744v1 not found
chrUn_KI270744v1 not found
chrUn_KI270744v1 not found
chrUn_KI270744v1 not found
chrUn_KI270744v1 not found
chrUn_KI270744v1 not found
chrUn_KI270744v1 not found
chrUn_KI270744v1 not found
chrUn_KI270744v1 not found
chrUn_KI270744v1 not found
chrUn_KI270744v1 not found
chrUn_KI270744v1 not found
chrUn_KI270744v1 not found
chrUn_KI270744v1 not found
chrUn_KI270744v1 not found
chrUn_KI270744v1 not found
chrUn_KI270745v1 not found
chrUn_KI270745v1 not found
chrUn_KI270745v1 not found
chrUn_KI270745v1 not found
chrUn_KI270745v1 not found
chrUn_KI270745v1 not found
chrUn_KI270750v1 not found
chrUn_KI270750v1 not found
chrUn_KI270750v1 not found
chrUn_KI270750v1 not found
chrUn_KI270750v1 not found
chrUn_KI270750v1 not found
chrUn_KI270750v1 not found
chrUn_KI270750v1 not found
chrUn_KI270750v1 not found
chrUn_KI270750v1 not found
chrUn_KI270750v1 not found
chrUn_KI270751v1 not found
chrUn_KI270751v1 not found
chrUn_KI270751v1 not found
chrUn_KI270751v1 not found
chrUn_KI270754v1 not found
chrUn_KI270754v1 not found
chrUn_KI270754v1 not found
chrUn_KI270754v1 not found
chrUn_KI270754v1 not found
chrUn_KI270754v1 not found
chrUn_KI270754v1 not found
chrUn_KI270754v1 not found
chrUn_KI270756v1 not found
chrUn_KI270757v1 not found
chrUn_KI270757v1 not found
chrUn_KI270757v1 not found
Done with 260000 rows.
Done with 10000 rows.
chr14_GL000225v1_random not found
chr14_GL000225v1_random not found
chr14_GL000225v1_random not found
chr14_GL000225v1_random not found
chr14_GL000225v1_random not found
chr14_GL000225v1_random not found
chr14_GL000225v1_random not found
chr14_GL000225v1_random not found
chr14_GL000225v1_random not found
chr14_GL000225v1_random not found
chr15_KI270727v1_random not found
Done with 20000 rows.
chr16_KI270728v1_random not found
chr17_GL000205v2_random not found
chr17_GL000205v2_random not found
chr17_GL000205v2_random not found
chr17_GL000205v2_random not found
chr17_GL000205v2_random not found
chr17_GL000205v2_random not found
chr17_GL000205v2_random not found
chr17_GL000205v2_random not found
chr17_GL000205v2_random not found
chr17_GL000205v2_random not found
chr17_KI270729v1_random not found
chr17_KI270729v1_random not found
chr17_KI270730v1_random not found
chr1_KI270706v1_random not found
chr1_KI270706v1_random not found
chr1_KI270709v1_random not found
chr1_KI270713v1_random not found
chr1_KI270713v1_random not found
chr1_KI270713v1_random not found
chr1_KI270713v1_random not found
Done with 30000 rows.
chr22_KI270733v1_random not found
chr22_KI270733v1_random not found
chr22_KI270733v1_random not found
chr22_KI270733v1_random not found
chr22_KI270733v1_random not found
chr22_KI270733v1_random not found
chr22_KI270733v1_random not found
chr22_KI270733v1_random not found
chr22_KI270733v1_random not found
chr22_KI270735v1_random not found
chr22_KI270736v1_random not found
chr22_KI270737v1_random not found
chr22_KI270738v1_random not found
Done with 40000 rows.
Done with 50000 rows.
chr9_KI270719v1_random not found
chrEBV not found
chrEBV not found
chrEBV not found
chrEBV not found
chrEBV not found
chrEBV not found
chrEBV not found
chrEBV not found
chrEBV not found
chrEBV not found
chrEBV not found
chrEBV not found
chrEBV not found
chrEBV not found
chrEBV not found
chrEBV not found
chrEBV not found
chrEBV not found
chrEBV not found
chrEBV not found
chrEBV not found
chrEBV not found
chrEBV not found
chrEBV not found
chrEBV not found
chrEBV not found
chrEBV not found
chrEBV not found
chrEBV not found
chrEBV not found
chrEBV not found
chrEBV not found
chrEBV not found
chrEBV not found
chrEBV not found
chrEBV not found
chrEBV not found
chrEBV not found
chrEBV not found
chrEBV not found
chrEBV not found
chrEBV not found
chrEBV not found
chrEBV not found
chrEBV not found
chrEBV not found
chrEBV not found
chrEBV not found
chrEBV not found
chrEBV not found
chrEBV not found
chrEBV not found
chrEBV not found
chrEBV not found
chrEBV not found
chrEBV not found
chrEBV not found
chrEBV not found
chrEBV not found
chrEBV not found
chrEBV not found
chrEBV not found
chrEBV not found
chrEBV not found
chrEBV not found
chrEBV not found
chrEBV not found
chrEBV not found
chrEBV not found
chrEBV not found
chrEBV not found
chrEBV not found
chrEBV not found
chrEBV not found
chrEBV not found
chrEBV not found
chrEBV not found
chrEBV not found
chrEBV not found
chrEBV not found
chrEBV not found
chrUn_GL000195v1 not found
chrUn_GL000195v1 not found
chrUn_GL000195v1 not found
chrUn_GL000195v1 not found
chrUn_GL000195v1 not found
chrUn_GL000195v1 not found
chrUn_GL000195v1 not found
chrUn_GL000195v1 not found
chrUn_GL000195v1 not found
chrUn_GL000216v2 not found
chrUn_GL000216v2 not found
chrUn_GL000216v2 not found
chrUn_GL000216v2 not found
chrUn_GL000216v2 not found
chrUn_GL000216v2 not found
chrUn_GL000216v2 not found
chrUn_GL000218v1 not found
chrUn_GL000218v1 not found
chrUn_GL000219v1 not found
chrUn_GL000219v1 not found
chrUn_GL000219v1 not found
chrUn_GL000219v1 not found
chrUn_GL000219v1 not found
chrUn_GL000220v1 not found
chrUn_GL000220v1 not found
chrUn_GL000220v1 not found
chrUn_GL000224v1 not found
chrUn_GL000224v1 not found
chrUn_KI270333v1 not found
chrUn_KI270438v1 not found
chrUn_KI270438v1 not found
chrUn_KI270438v1 not found
chrUn_KI270438v1 not found
chrUn_KI270438v1 not found
chrUn_KI270438v1 not found
chrUn_KI270438v1 not found
chrUn_KI270438v1 not found
chrUn_KI270438v1 not found
chrUn_KI270438v1 not found
chrUn_KI270438v1 not found
chrUn_KI270438v1 not found
chrUn_KI270438v1 not found
chrUn_KI270438v1 not found
chrUn_KI270438v1 not found
chrUn_KI270438v1 not found
chrUn_KI270438v1 not found
chrUn_KI270438v1 not found
chrUn_KI270442v1 not found
chrUn_KI270442v1 not found
chrUn_KI270442v1 not found
chrUn_KI270442v1 not found
chrUn_KI270465v1 not found
chrUn_KI270466v1 not found
chrUn_KI270467v1 not found
chrUn_KI270467v1 not found
chrUn_KI270467v1 not found
chrUn_KI270467v1 not found
chrUn_KI270467v1 not found
chrUn_KI270467v1 not found
chrUn_KI270467v1 not found
chrUn_KI270744v1 not found
chrUn_KI270744v1 not found
chrUn_KI270744v1 not found
chrUn_KI270744v1 not found
chrUn_KI270744v1 not found
chrUn_KI270744v1 not found
chrUn_KI270744v1 not found
chrUn_KI270744v1 not found
chrUn_KI270744v1 not found
chrUn_KI270744v1 not found
chrUn_KI270744v1 not found
chrUn_KI270744v1 not found
chrUn_KI270744v1 not found
chrUn_KI270744v1 not found
chrUn_KI270747v1 not found
chrUn_KI270754v1 not found

Done!
