Aligning to fly genome...
+ tar zxvf dm6_bwa_index.tgz
+ set +x
+ bwa aln -Y -l 32 -n 0.04 -k 2 -t 8 dm6 /home-4/xfeng17@jhu.edu/data/xfeng17/dnase/dm/oregon/ENCFF005BHD_trimmed.fastq
[bwa_aln] 17bp reads: max_diff = 2
[bwa_aln] 38bp reads: max_diff = 3
[bwa_aln] 64bp reads: max_diff = 4
[bwa_aln] 93bp reads: max_diff = 5
[bwa_aln] 124bp reads: max_diff = 6
[bwa_aln] 157bp reads: max_diff = 7
[bwa_aln] 190bp reads: max_diff = 8
[bwa_aln] 225bp reads: max_diff = 9
[bwa_aln_core] calculate SA coordinate... 16.45 sec
[bwa_aln_core] write to the disk... 0.03 sec
[bwa_aln_core] 262144 sequences have been processed.
[bwa_aln_core] calculate SA coordinate... 16.43 sec
[bwa_aln_core] write to the disk... 0.02 sec
[bwa_aln_core] 524288 sequences have been processed.
[bwa_aln_core] calculate SA coordinate... 16.42 sec
[bwa_aln_core] write to the disk... 0.03 sec
[bwa_aln_core] 786432 sequences have been processed.
[bwa_aln_core] calculate SA coordinate... 16.46 sec
[bwa_aln_core] write to the disk... 0.03 sec
[bwa_aln_core] 1048576 sequences have been processed.
[bwa_aln_core] calculate SA coordinate... 16.29 sec
[bwa_aln_core] write to the disk... 0.02 sec
[bwa_aln_core] 1310720 sequences have been processed.
[bwa_aln_core] calculate SA coordinate... 16.37 sec
[bwa_aln_core] write to the disk... 0.03 sec
[bwa_aln_core] 1572864 sequences have been processed.
[bwa_aln_core] calculate SA coordinate... 16.25 sec
[bwa_aln_core] write to the disk... 0.03 sec
[bwa_aln_core] 1835008 sequences have been processed.
[bwa_aln_core] calculate SA coordinate... 16.32 sec
[bwa_aln_core] write to the disk... 0.01 sec
[bwa_aln_core] 2097152 sequences have been processed.
[bwa_aln_core] calculate SA coordinate... 16.24 sec
[bwa_aln_core] write to the disk... 0.02 sec
[bwa_aln_core] 2359296 sequences have been processed.
[bwa_aln_core] calculate SA coordinate... 16.32 sec
[bwa_aln_core] write to the disk... 0.01 sec
[bwa_aln_core] 2621440 sequences have been processed.
[bwa_aln_core] calculate SA coordinate... 16.14 sec
[bwa_aln_core] write to the disk... 0.03 sec
[bwa_aln_core] 2883584 sequences have been processed.
[bwa_aln_core] calculate SA coordinate... 16.27 sec
[bwa_aln_core] write to the disk... 0.03 sec
[bwa_aln_core] 3145728 sequences have been processed.
[bwa_aln_core] calculate SA coordinate... 16.29 sec
[bwa_aln_core] write to the disk... 0.03 sec
[bwa_aln_core] 3407872 sequences have been processed.
[bwa_aln_core] calculate SA coordinate... 16.23 sec
[bwa_aln_core] write to the disk... 0.02 sec
[bwa_aln_core] 3670016 sequences have been processed.
[bwa_aln_core] calculate SA coordinate... 16.24 sec
[bwa_aln_core] write to the disk... 0.02 sec
[bwa_aln_core] 3932160 sequences have been processed.
[bwa_aln_core] calculate SA coordinate... 16.34 sec
[bwa_aln_core] write to the disk... 0.03 sec
[bwa_aln_core] 4194304 sequences have been processed.
[bwa_aln_core] calculate SA coordinate... 16.28 sec
[bwa_aln_core] write to the disk... 0.02 sec
[bwa_aln_core] 4456448 sequences have been processed.
[bwa_aln_core] calculate SA coordinate... 16.33 sec
[bwa_aln_core] write to the disk... 0.03 sec
[bwa_aln_core] 4718592 sequences have been processed.
[bwa_aln_core] calculate SA coordinate... 16.31 sec
[bwa_aln_core] write to the disk... 0.02 sec
[bwa_aln_core] 4980736 sequences have been processed.
[bwa_aln_core] calculate SA coordinate... 16.32 sec
[bwa_aln_core] write to the disk... 0.02 sec
[bwa_aln_core] 5242880 sequences have been processed.
[bwa_aln_core] calculate SA coordinate... 16.91 sec
[bwa_aln_core] write to the disk... 0.02 sec
[bwa_aln_core] 5505024 sequences have been processed.
[bwa_aln_core] calculate SA coordinate... 16.24 sec
[bwa_aln_core] write to the disk... 0.01 sec
[bwa_aln_core] 5767168 sequences have been processed.
[bwa_aln_core] calculate SA coordinate... 16.22 sec
[bwa_aln_core] write to the disk... 0.02 sec
[bwa_aln_core] 6029312 sequences have been processed.
[bwa_aln_core] calculate SA coordinate... 16.20 sec
[bwa_aln_core] write to the disk... 0.02 sec
[bwa_aln_core] 6291456 sequences have been processed.
[bwa_aln_core] calculate SA coordinate... 16.23 sec
[bwa_aln_core] write to the disk... 0.03 sec
[bwa_aln_core] 6553600 sequences have been processed.
[bwa_aln_core] calculate SA coordinate... 16.33 sec
[bwa_aln_core] write to the disk... 0.01 sec
[bwa_aln_core] 6815744 sequences have been processed.
[bwa_aln_core] calculate SA coordinate... 16.27 sec
[bwa_aln_core] write to the disk... 0.02 sec
[bwa_aln_core] 7077888 sequences have been processed.
[bwa_aln_core] calculate SA coordinate... 16.22 sec
[bwa_aln_core] write to the disk... 0.02 sec
[bwa_aln_core] 7340032 sequences have been processed.
[bwa_aln_core] calculate SA coordinate... 16.27 sec
[bwa_aln_core] write to the disk... 0.02 sec
[bwa_aln_core] 7602176 sequences have been processed.
[bwa_aln_core] calculate SA coordinate... 16.67 sec
[bwa_aln_core] write to the disk... 0.02 sec
[bwa_aln_core] 7864320 sequences have been processed.
[bwa_aln_core] calculate SA coordinate... 16.20 sec
[bwa_aln_core] write to the disk... 0.03 sec
[bwa_aln_core] 8126464 sequences have been processed.
[bwa_aln_core] calculate SA coordinate... 16.14 sec
[bwa_aln_core] write to the disk... 0.03 sec
[bwa_aln_core] 8388608 sequences have been processed.
[bwa_aln_core] calculate SA coordinate... 16.28 sec
[bwa_aln_core] write to the disk... 0.03 sec
[bwa_aln_core] 8650752 sequences have been processed.
[bwa_aln_core] calculate SA coordinate... 16.23 sec
[bwa_aln_core] write to the disk... 0.01 sec
[bwa_aln_core] 8912896 sequences have been processed.
[bwa_aln_core] calculate SA coordinate... 16.24 sec
[bwa_aln_core] write to the disk... 0.02 sec
[bwa_aln_core] 9175040 sequences have been processed.
[bwa_aln_core] calculate SA coordinate... 16.23 sec
[bwa_aln_core] write to the disk... 0.02 sec
[bwa_aln_core] 9437184 sequences have been processed.
[bwa_aln_core] calculate SA coordinate... 16.25 sec
[bwa_aln_core] write to the disk... 0.02 sec
[bwa_aln_core] 9699328 sequences have been processed.
[bwa_aln_core] calculate SA coordinate... 16.25 sec
[bwa_aln_core] write to the disk... 0.02 sec
[bwa_aln_core] 9961472 sequences have been processed.
[bwa_aln_core] calculate SA coordinate... 16.22 sec
[bwa_aln_core] write to the disk... 0.02 sec
[bwa_aln_core] 10223616 sequences have been processed.
[bwa_aln_core] calculate SA coordinate... 16.19 sec
[bwa_aln_core] write to the disk... 0.02 sec
[bwa_aln_core] 10485760 sequences have been processed.
[bwa_aln_core] calculate SA coordinate... 16.17 sec
[bwa_aln_core] write to the disk... 0.02 sec
[bwa_aln_core] 10747904 sequences have been processed.
[bwa_aln_core] calculate SA coordinate... 16.23 sec
[bwa_aln_core] write to the disk... 0.02 sec
[bwa_aln_core] 11010048 sequences have been processed.
[bwa_aln_core] calculate SA coordinate... 16.25 sec
[bwa_aln_core] write to the disk... 0.01 sec
[bwa_aln_core] 11272192 sequences have been processed.
[bwa_aln_core] calculate SA coordinate... 16.24 sec
[bwa_aln_core] write to the disk... 0.03 sec
[bwa_aln_core] 11534336 sequences have been processed.
[bwa_aln_core] calculate SA coordinate... 16.23 sec
[bwa_aln_core] write to the disk... 0.02 sec
[bwa_aln_core] 11796480 sequences have been processed.
[bwa_aln_core] calculate SA coordinate... 16.26 sec
[bwa_aln_core] write to the disk... 0.02 sec
[bwa_aln_core] 12058624 sequences have been processed.
[bwa_aln_core] calculate SA coordinate... 16.24 sec
[bwa_aln_core] write to the disk... 0.02 sec
[bwa_aln_core] 12320768 sequences have been processed.
[bwa_aln_core] calculate SA coordinate... 16.24 sec
[bwa_aln_core] write to the disk... 0.01 sec
[bwa_aln_core] 12582912 sequences have been processed.
[bwa_aln_core] calculate SA coordinate... 16.22 sec
[bwa_aln_core] write to the disk... 0.01 sec
[bwa_aln_core] 12845056 sequences have been processed.
[bwa_aln_core] calculate SA coordinate... 16.28 sec
[bwa_aln_core] write to the disk... 0.01 sec
[bwa_aln_core] 13107200 sequences have been processed.
[bwa_aln_core] calculate SA coordinate... 16.26 sec
[bwa_aln_core] write to the disk... 0.02 sec
[bwa_aln_core] 13369344 sequences have been processed.
[bwa_aln_core] calculate SA coordinate... 16.32 sec
[bwa_aln_core] write to the disk... 0.02 sec
[bwa_aln_core] 13631488 sequences have been processed.
[bwa_aln_core] calculate SA coordinate... 16.31 sec
[bwa_aln_core] write to the disk... 0.02 sec
[bwa_aln_core] 13893632 sequences have been processed.
[bwa_aln_core] calculate SA coordinate... 16.34 sec
[bwa_aln_core] write to the disk... 0.01 sec
[bwa_aln_core] 14155776 sequences have been processed.
[bwa_aln_core] calculate SA coordinate... 16.28 sec
[bwa_aln_core] write to the disk... 0.02 sec
[bwa_aln_core] 14417920 sequences have been processed.
[bwa_aln_core] calculate SA coordinate... 16.32 sec
[bwa_aln_core] write to the disk... 0.02 sec
[bwa_aln_core] 14680064 sequences have been processed.
[bwa_aln_core] calculate SA coordinate... 16.36 sec
[bwa_aln_core] write to the disk... 0.02 sec
[bwa_aln_core] 14942208 sequences have been processed.
[bwa_aln_core] calculate SA coordinate... 16.27 sec
[bwa_aln_core] write to the disk... 0.03 sec
[bwa_aln_core] 15204352 sequences have been processed.
[bwa_aln_core] calculate SA coordinate... 16.30 sec
[bwa_aln_core] write to the disk... 0.01 sec
[bwa_aln_core] 15466496 sequences have been processed.
[bwa_aln_core] calculate SA coordinate... 16.39 sec
[bwa_aln_core] write to the disk... 0.03 sec
[bwa_aln_core] 15728640 sequences have been processed.
[bwa_aln_core] calculate SA coordinate... 16.42 sec
[bwa_aln_core] write to the disk... 0.01 sec
[bwa_aln_core] 15990784 sequences have been processed.
[bwa_aln_core] calculate SA coordinate... 13.62 sec
[bwa_aln_core] write to the disk... 0.02 sec
[bwa_aln_core] 16207640 sequences have been processed.
[main] Version: 0.7.15-r1140
[main] CMD: bwa aln -Y -l 32 -n 0.04 -k 2 -t 8 dm6 /home-4/xfeng17@jhu.edu/data/xfeng17/dnase/dm/oregon/ENCFF005BHD_trimmed.fastq
[main] Real time: 151.294 sec; CPU: 1024.714 sec
+ bwa samse -n 10 dm6 tmp.sai /home-4/xfeng17@jhu.edu/data/xfeng17/dnase/dm/oregon/ENCFF005BHD_trimmed.fastq
[bwa_aln_core] convert to sequence coordinate... 1.60 sec
[bwa_aln_core] refine gapped alignments... 0.13 sec
[bwa_aln_core] print alignments... 0.46 sec
[bwa_aln_core] 262144 sequences have been processed.
[bwa_aln_core] convert to sequence coordinate... 1.60 sec
[bwa_aln_core] refine gapped alignments... 0.14 sec
[bwa_aln_core] print alignments... 0.47 sec
[bwa_aln_core] 524288 sequences have been processed.
[bwa_aln_core] convert to sequence coordinate... 1.60 sec
[bwa_aln_core] refine gapped alignments... 0.14 sec
[bwa_aln_core] print alignments... 0.46 sec
[bwa_aln_core] 786432 sequences have been processed.
[bwa_aln_core] convert to sequence coordinate... 1.62 sec
[bwa_aln_core] refine gapped alignments... 0.13 sec
[bwa_aln_core] print alignments... 0.47 sec
[bwa_aln_core] 1048576 sequences have been processed.
[bwa_aln_core] convert to sequence coordinate... 1.59 sec
[bwa_aln_core] refine gapped alignments... 0.14 sec
[bwa_aln_core] print alignments... 0.47 sec
[bwa_aln_core] 1310720 sequences have been processed.
[bwa_aln_core] convert to sequence coordinate... 1.60 sec
[bwa_aln_core] refine gapped alignments... 0.14 sec
[bwa_aln_core] print alignments... 0.47 sec
[bwa_aln_core] 1572864 sequences have been processed.
[bwa_aln_core] convert to sequence coordinate... 1.61 sec
[bwa_aln_core] refine gapped alignments... 0.13 sec
[bwa_aln_core] print alignments... 0.46 sec
[bwa_aln_core] 1835008 sequences have been processed.
[bwa_aln_core] convert to sequence coordinate... 1.61 sec
[bwa_aln_core] refine gapped alignments... 0.13 sec
[bwa_aln_core] print alignments... 0.47 sec
[bwa_aln_core] 2097152 sequences have been processed.
[bwa_aln_core] convert to sequence coordinate... 1.59 sec
[bwa_aln_core] refine gapped alignments... 0.14 sec
[bwa_aln_core] print alignments... 0.46 sec
[bwa_aln_core] 2359296 sequences have been processed.
[bwa_aln_core] convert to sequence coordinate... 1.59 sec
[bwa_aln_core] refine gapped alignments... 0.14 sec
[bwa_aln_core] print alignments... 0.47 sec
[bwa_aln_core] 2621440 sequences have been processed.
[bwa_aln_core] convert to sequence coordinate... 1.60 sec
[bwa_aln_core] refine gapped alignments... 0.13 sec
[bwa_aln_core] print alignments... 0.46 sec
[bwa_aln_core] 2883584 sequences have been processed.
[bwa_aln_core] convert to sequence coordinate... 1.59 sec
[bwa_aln_core] refine gapped alignments... 0.14 sec
[bwa_aln_core] print alignments... 0.46 sec
[bwa_aln_core] 3145728 sequences have been processed.
[bwa_aln_core] convert to sequence coordinate... 1.61 sec
[bwa_aln_core] refine gapped alignments... 0.14 sec
[bwa_aln_core] print alignments... 0.46 sec
[bwa_aln_core] 3407872 sequences have been processed.
[bwa_aln_core] convert to sequence coordinate... 1.59 sec
[bwa_aln_core] refine gapped alignments... 0.13 sec
[bwa_aln_core] print alignments... 0.48 sec
[bwa_aln_core] 3670016 sequences have been processed.
[bwa_aln_core] convert to sequence coordinate... 1.61 sec
[bwa_aln_core] refine gapped alignments... 0.14 sec
[bwa_aln_core] print alignments... 0.46 sec
[bwa_aln_core] 3932160 sequences have been processed.
[bwa_aln_core] convert to sequence coordinate... 1.61 sec
[bwa_aln_core] refine gapped alignments... 0.13 sec
[bwa_aln_core] print alignments... 0.46 sec
[bwa_aln_core] 4194304 sequences have been processed.
[bwa_aln_core] convert to sequence coordinate... 1.60 sec
[bwa_aln_core] refine gapped alignments... 0.13 sec
[bwa_aln_core] print alignments... 0.47 sec
[bwa_aln_core] 4456448 sequences have been processed.
[bwa_aln_core] convert to sequence coordinate... 1.60 sec
[bwa_aln_core] refine gapped alignments... 0.13 sec
[bwa_aln_core] print alignments... 0.47 sec
[bwa_aln_core] 4718592 sequences have been processed.
[bwa_aln_core] convert to sequence coordinate... 1.60 sec
[bwa_aln_core] refine gapped alignments... 0.13 sec
[bwa_aln_core] print alignments... 0.47 sec
[bwa_aln_core] 4980736 sequences have been processed.
[bwa_aln_core] convert to sequence coordinate... 1.60 sec
[bwa_aln_core] refine gapped alignments... 0.14 sec
[bwa_aln_core] print alignments... 0.46 sec
[bwa_aln_core] 5242880 sequences have been processed.
[bwa_aln_core] convert to sequence coordinate... 1.60 sec
[bwa_aln_core] refine gapped alignments... 0.13 sec
[bwa_aln_core] print alignments... 0.47 sec
[bwa_aln_core] 5505024 sequences have been processed.
[bwa_aln_core] convert to sequence coordinate... 1.60 sec
[bwa_aln_core] refine gapped alignments... 0.14 sec
[bwa_aln_core] print alignments... 0.46 sec
[bwa_aln_core] 5767168 sequences have been processed.
[bwa_aln_core] convert to sequence coordinate... 1.60 sec
[bwa_aln_core] refine gapped alignments... 0.14 sec
[bwa_aln_core] print alignments... 0.46 sec
[bwa_aln_core] 6029312 sequences have been processed.
[bwa_aln_core] convert to sequence coordinate... 1.60 sec
[bwa_aln_core] refine gapped alignments... 0.14 sec
[bwa_aln_core] print alignments... 0.47 sec
[bwa_aln_core] 6291456 sequences have been processed.
[bwa_aln_core] convert to sequence coordinate... 1.61 sec
[bwa_aln_core] refine gapped alignments... 0.13 sec
[bwa_aln_core] print alignments... 0.46 sec
[bwa_aln_core] 6553600 sequences have been processed.
[bwa_aln_core] convert to sequence coordinate... 1.60 sec
[bwa_aln_core] refine gapped alignments... 0.13 sec
[bwa_aln_core] print alignments... 0.47 sec
[bwa_aln_core] 6815744 sequences have been processed.
[bwa_aln_core] convert to sequence coordinate... 1.60 sec
[bwa_aln_core] refine gapped alignments... 0.14 sec
[bwa_aln_core] print alignments... 0.46 sec
[bwa_aln_core] 7077888 sequences have been processed.
[bwa_aln_core] convert to sequence coordinate... 1.59 sec
[bwa_aln_core] refine gapped alignments... 0.13 sec
[bwa_aln_core] print alignments... 0.47 sec
[bwa_aln_core] 7340032 sequences have been processed.
[bwa_aln_core] convert to sequence coordinate... 1.59 sec
[bwa_aln_core] refine gapped alignments... 0.14 sec
[bwa_aln_core] print alignments... 0.47 sec
[bwa_aln_core] 7602176 sequences have been processed.
[bwa_aln_core] convert to sequence coordinate... 1.61 sec
[bwa_aln_core] refine gapped alignments... 0.13 sec
[bwa_aln_core] print alignments... 0.47 sec
[bwa_aln_core] 7864320 sequences have been processed.
[bwa_aln_core] convert to sequence coordinate... 1.60 sec
[bwa_aln_core] refine gapped alignments... 0.12 sec
[bwa_aln_core] print alignments... 0.47 sec
[bwa_aln_core] 8126464 sequences have been processed.
[bwa_aln_core] convert to sequence coordinate... 1.60 sec
[bwa_aln_core] refine gapped alignments... 0.14 sec
[bwa_aln_core] print alignments... 0.46 sec
[bwa_aln_core] 8388608 sequences have been processed.
[bwa_aln_core] convert to sequence coordinate... 1.60 sec
[bwa_aln_core] refine gapped alignments... 0.14 sec
[bwa_aln_core] print alignments... 0.46 sec
[bwa_aln_core] 8650752 sequences have been processed.
[bwa_aln_core] convert to sequence coordinate... 1.60 sec
[bwa_aln_core] refine gapped alignments... 0.14 sec
[bwa_aln_core] print alignments... 0.46 sec
[bwa_aln_core] 8912896 sequences have been processed.
[bwa_aln_core] convert to sequence coordinate... 1.60 sec
[bwa_aln_core] refine gapped alignments... 0.13 sec
[bwa_aln_core] print alignments... 0.46 sec
[bwa_aln_core] 9175040 sequences have been processed.
[bwa_aln_core] convert to sequence coordinate... 1.61 sec
[bwa_aln_core] refine gapped alignments... 0.14 sec
[bwa_aln_core] print alignments... 0.46 sec
[bwa_aln_core] 9437184 sequences have been processed.
[bwa_aln_core] convert to sequence coordinate... 1.59 sec
[bwa_aln_core] refine gapped alignments... 0.14 sec
[bwa_aln_core] print alignments... 0.46 sec
[bwa_aln_core] 9699328 sequences have been processed.
[bwa_aln_core] convert to sequence coordinate... 1.60 sec
[bwa_aln_core] refine gapped alignments... 0.13 sec
[bwa_aln_core] print alignments... 0.47 sec
[bwa_aln_core] 9961472 sequences have been processed.
[bwa_aln_core] convert to sequence coordinate... 1.60 sec
[bwa_aln_core] refine gapped alignments... 0.13 sec
[bwa_aln_core] print alignments... 0.46 sec
[bwa_aln_core] 10223616 sequences have been processed.
[bwa_aln_core] convert to sequence coordinate... 1.60 sec
[bwa_aln_core] refine gapped alignments... 0.14 sec
[bwa_aln_core] print alignments... 0.47 sec
[bwa_aln_core] 10485760 sequences have been processed.
[bwa_aln_core] convert to sequence coordinate... 1.58 sec
[bwa_aln_core] refine gapped alignments... 0.14 sec
[bwa_aln_core] print alignments... 0.47 sec
[bwa_aln_core] 10747904 sequences have been processed.
[bwa_aln_core] convert to sequence coordinate... 1.59 sec
[bwa_aln_core] refine gapped alignments... 0.14 sec
[bwa_aln_core] print alignments... 0.46 sec
[bwa_aln_core] 11010048 sequences have been processed.
[bwa_aln_core] convert to sequence coordinate... 1.59 sec
[bwa_aln_core] refine gapped alignments... 0.14 sec
[bwa_aln_core] print alignments... 0.47 sec
[bwa_aln_core] 11272192 sequences have been processed.
[bwa_aln_core] convert to sequence coordinate... 1.59 sec
[bwa_aln_core] refine gapped alignments... 0.14 sec
[bwa_aln_core] print alignments... 0.46 sec
[bwa_aln_core] 11534336 sequences have been processed.
[bwa_aln_core] convert to sequence coordinate... 1.61 sec
[bwa_aln_core] refine gapped alignments... 0.14 sec
[bwa_aln_core] print alignments... 0.46 sec
[bwa_aln_core] 11796480 sequences have been processed.
[bwa_aln_core] convert to sequence coordinate... 1.60 sec
[bwa_aln_core] refine gapped alignments... 0.13 sec
[bwa_aln_core] print alignments... 0.47 sec
[bwa_aln_core] 12058624 sequences have been processed.
[bwa_aln_core] convert to sequence coordinate... 1.61 sec
[bwa_aln_core] refine gapped alignments... 0.13 sec
[bwa_aln_core] print alignments... 0.46 sec
[bwa_aln_core] 12320768 sequences have been processed.
[bwa_aln_core] convert to sequence coordinate... 1.60 sec
[bwa_aln_core] refine gapped alignments... 0.14 sec
[bwa_aln_core] print alignments... 0.46 sec
[bwa_aln_core] 12582912 sequences have been processed.
[bwa_aln_core] convert to sequence coordinate... 1.59 sec
[bwa_aln_core] refine gapped alignments... 0.14 sec
[bwa_aln_core] print alignments... 0.46 sec
[bwa_aln_core] 12845056 sequences have been processed.
[bwa_aln_core] convert to sequence coordinate... 1.61 sec
[bwa_aln_core] refine gapped alignments... 0.13 sec
[bwa_aln_core] print alignments... 0.46 sec
[bwa_aln_core] 13107200 sequences have been processed.
[bwa_aln_core] convert to sequence coordinate... 1.65 sec
[bwa_aln_core] refine gapped alignments... 0.14 sec
[bwa_aln_core] print alignments... 0.46 sec
[bwa_aln_core] 13369344 sequences have been processed.
[bwa_aln_core] convert to sequence coordinate... 1.65 sec
[bwa_aln_core] refine gapped alignments... 0.14 sec
[bwa_aln_core] print alignments... 0.47 sec
[bwa_aln_core] 13631488 sequences have been processed.
[bwa_aln_core] convert to sequence coordinate... 1.61 sec
[bwa_aln_core] refine gapped alignments... 0.13 sec
[bwa_aln_core] print alignments... 0.47 sec
[bwa_aln_core] 13893632 sequences have been processed.
[bwa_aln_core] convert to sequence coordinate... 1.60 sec
[bwa_aln_core] refine gapped alignments... 0.13 sec
[bwa_aln_core] print alignments... 0.47 sec
[bwa_aln_core] 14155776 sequences have been processed.
[bwa_aln_core] convert to sequence coordinate... 1.60 sec
[bwa_aln_core] refine gapped alignments... 0.14 sec
[bwa_aln_core] print alignments... 0.47 sec
[bwa_aln_core] 14417920 sequences have been processed.
[bwa_aln_core] convert to sequence coordinate... 1.60 sec
[bwa_aln_core] refine gapped alignments... 0.13 sec
[bwa_aln_core] print alignments... 0.47 sec
[bwa_aln_core] 14680064 sequences have been processed.
[bwa_aln_core] convert to sequence coordinate... 1.59 sec
[bwa_aln_core] refine gapped alignments... 0.14 sec
[bwa_aln_core] print alignments... 0.47 sec
[bwa_aln_core] 14942208 sequences have been processed.
[bwa_aln_core] convert to sequence coordinate... 1.60 sec
[bwa_aln_core] refine gapped alignments... 0.13 sec
[bwa_aln_core] print alignments... 0.47 sec
[bwa_aln_core] 15204352 sequences have been processed.
[bwa_aln_core] convert to sequence coordinate... 1.60 sec
[bwa_aln_core] refine gapped alignments... 0.14 sec
[bwa_aln_core] print alignments... 0.47 sec
[bwa_aln_core] 15466496 sequences have been processed.
[bwa_aln_core] convert to sequence coordinate... 1.60 sec
[bwa_aln_core] refine gapped alignments... 0.14 sec
[bwa_aln_core] print alignments... 0.47 sec
[bwa_aln_core] 15728640 sequences have been processed.
[bwa_aln_core] convert to sequence coordinate... 1.60 sec
[bwa_aln_core] refine gapped alignments... 0.13 sec
[bwa_aln_core] print alignments... 0.47 sec
[bwa_aln_core] 15990784 sequences have been processed.
[bwa_aln_core] convert to sequence coordinate... 1.34 sec
[bwa_aln_core] refine gapped alignments... 0.11 sec
[bwa_aln_core] print alignments... 0.39 sec
[bwa_aln_core] 16207640 sequences have been processed.
[main] Version: 0.7.15-r1140
[main] CMD: bwa samse -n 10 dm6 tmp.sai /home-4/xfeng17@jhu.edu/data/xfeng17/dnase/dm/oregon/ENCFF005BHD_trimmed.fastq
[main] Real time: 148.374 sec; CPU: 148.346 sec
+ samtools view -Shb tmp_se.sam
+ samtools sort -@ 8 -m 4G -o /home-4/xfeng17@jhu.edu/data/xfeng17/dnase/dm/oregon/ENCFF005BHD_trimmed.bam tmp.bam
[bam_sort_core] merging from 0 files and 8 in-memory blocks...
+ samtools index /home-4/xfeng17@jhu.edu/data/xfeng17/dnase/dm/oregon/ENCFF005BHD_trimmed.bam
+ set +x
+ samtools flagstat /home-4/xfeng17@jhu.edu/data/xfeng17/dnase/dm/oregon/ENCFF005BHD_trimmed.bam
+ edwBamStats /home-4/xfeng17@jhu.edu/data/xfeng17/dnase/dm/oregon/ENCFF005BHD_trimmed.bam /home-4/xfeng17@jhu.edu/data/xfeng17/dnase/dm/oregon/ENCFF005BHD_trimmed_edwBamStats.txt
Scanned 16207640 reads in /home-4/xfeng17@jhu.edu/data/xfeng17/dnase/dm/oregon/ENCFF005BHD_trimmed.bam
u4mUniqueRatio 0.971818
+ set +x
Done
