Filtering human alignments...
+ samtools sort -@ 16 -m 4G -O bam -T sorted ENCFF332VRZ_trimmed.bam
[bam_sort_core] merging from 0 files and 16 in-memory blocks...
+ set +x
+ java -jar ./picard.jar MarkDuplicates INPUT=sorted.bam OUTPUT=ENCFF332VRZ_trimmed_marked.bam METRICS_FILE=ENCFF332VRZ_trimmed_filtered_dup_qc.txt ASSUME_SORTED=true VALIDATION_STRINGENCY=SILENT 'READ_NAME_REGEX=[a-zA-Z0-9]+:[0-9]+:[a-zA-Z0-9]+:[0-9]+:([0-9]+):([0-9]+):([0-9]+).*'
16:21:31.731 INFO  NativeLibraryLoader - Loading libgkl_compression.so from jar:file:/work-zfs/jtayl139/xfeng17/dnase/hs/A549/picard.jar!/com/intel/gkl/native/libgkl_compression.so
[Mon Jan 29 16:21:31 EST 2018] MarkDuplicates INPUT=[sorted.bam] OUTPUT=ENCFF332VRZ_trimmed_marked.bam METRICS_FILE=ENCFF332VRZ_trimmed_filtered_dup_qc.txt ASSUME_SORTED=true READ_NAME_REGEX=[a-zA-Z0-9]+:[0-9]+:[a-zA-Z0-9]+:[0-9]+:([0-9]+):([0-9]+):([0-9]+).* VALIDATION_STRINGENCY=SILENT    MAX_SEQUENCES_FOR_DISK_READ_ENDS_MAP=50000 MAX_FILE_HANDLES_FOR_READ_ENDS_MAP=8000 SORTING_COLLECTION_SIZE_RATIO=0.25 TAG_DUPLICATE_SET_MEMBERS=false REMOVE_SEQUENCING_DUPLICATES=false TAGGING_POLICY=DontTag CLEAR_DT=true ADD_PG_TAG_TO_READS=true REMOVE_DUPLICATES=false DUPLICATE_SCORING_STRATEGY=SUM_OF_BASE_QUALITIES PROGRAM_RECORD_ID=MarkDuplicates PROGRAM_GROUP_NAME=MarkDuplicates OPTICAL_DUPLICATE_PIXEL_DISTANCE=100 MAX_OPTICAL_DUPLICATE_SET_SIZE=300000 VERBOSITY=INFO QUIET=false COMPRESSION_LEVEL=5 MAX_RECORDS_IN_RAM=500000 CREATE_INDEX=false CREATE_MD5_FILE=false GA4GH_CLIENT_SECRETS=client_secrets.json USE_JDK_DEFLATER=false USE_JDK_INFLATER=false
[Mon Jan 29 16:21:31 EST 2018] Executing as xfeng17@jhu.edu@bigmem0041 on Linux 2.6.32-573.22.1.el6.x86_64 amd64; Java HotSpot(TM) 64-Bit Server VM 1.8.0_112-b15; Deflater: Intel; Inflater: Intel; Picard version: 2.17.6-SNAPSHOT
INFO	2018-01-29 16:21:31	MarkDuplicates	Start of doWork freeMemory: 2038396288; totalMemory: 2058354688; maxMemory: 28631367680
INFO	2018-01-29 16:21:31	MarkDuplicates	Reading input file and constructing read end information.
INFO	2018-01-29 16:21:31	MarkDuplicates	Will retain up to 103736839 data points before spilling to disk.
WARNING	2018-01-29 16:21:32	AbstractOpticalDuplicateFinderCommandLineProgram	READ_NAME_REGEX '[a-zA-Z0-9]+:[0-9]+:[a-zA-Z0-9]+:[0-9]+:([0-9]+):([0-9]+):([0-9]+).*' did not match read name 'HWI-ST1293:287:C6YA3ACXX:4:2203:18984:32978'.  Your regex may not be correct.  Note that this message will not be emitted again even if other read names do not match the regex.
INFO	2018-01-29 16:21:34	MarkDuplicates	Read 253442 records. 0 pairs never matched.
INFO	2018-01-29 16:21:35	MarkDuplicates	After buildSortedReadEndLists freeMemory: 1195899024; totalMemory: 2058354688; maxMemory: 28631367680
INFO	2018-01-29 16:21:35	MarkDuplicates	Will retain up to 894730240 duplicate indices before spilling to disk.
INFO	2018-01-29 16:21:39	MarkDuplicates	Traversing read pair information and detecting duplicates.
INFO	2018-01-29 16:21:39	MarkDuplicates	Traversing fragment information and detecting duplicates.
INFO	2018-01-29 16:21:39	MarkDuplicates	Sorting list of duplicate records.
INFO	2018-01-29 16:21:39	MarkDuplicates	After generateDuplicateIndexes freeMemory: 2571237800; totalMemory: 9753853952; maxMemory: 28631367680
INFO	2018-01-29 16:21:39	MarkDuplicates	Marking 9868 records as duplicates.
INFO	2018-01-29 16:21:39	MarkDuplicates	Found 0 optical duplicate clusters.
INFO	2018-01-29 16:21:39	MarkDuplicates	Reads are assumed to be ordered by: coordinate
INFO	2018-01-29 16:22:25	MarkDuplicates	Written    10,000,000 records.  Elapsed time: 00:00:45s.  Time for last 10,000,000:   45s.  Last read position: */*
INFO	2018-01-29 16:23:09	MarkDuplicates	Written    20,000,000 records.  Elapsed time: 00:01:29s.  Time for last 10,000,000:   43s.  Last read position: */*
INFO	2018-01-29 16:23:25	MarkDuplicates	Before output close freeMemory: 19730218016; totalMemory: 19948109824; maxMemory: 28631367680
INFO	2018-01-29 16:23:25	MarkDuplicates	After output close freeMemory: 19715537952; totalMemory: 19933429760; maxMemory: 28631367680
[Mon Jan 29 16:23:25 EST 2018] picard.sam.markduplicates.MarkDuplicates done. Elapsed time: 1.89 minutes.
Runtime.totalMemory()=19933429760

real	1m55.657s
user	2m37.480s
sys	0m9.093s
+ set +x
+ samtools view -F 512 -q 10 -b ENCFF332VRZ_trimmed_marked.bam
+ set +x
+ samtools flagstat ENCFF332VRZ_trimmed.bam
+ samtools flagstat ENCFF332VRZ_trimmed_filtered.bam
+ samtools stats ENCFF332VRZ_trimmed_filtered.bam
+ head -3 ENCFF332VRZ_trimmed_filtered_samstats.txt
+ grep '^SN' ENCFF332VRZ_trimmed_filtered_samstats.txt
+ cut -f 2-
+ set +x
Done.
