Aligning to human genome...
+ tar zxvf hg38_bwa_index.tgz
+ set +x
+ bwa aln -Y -l 32 -n 0.04 -k 2 -t 8 hg38 /home-4/xfeng17@jhu.edu/data/xfeng17/dnase/hs/A549/ENCFF332VRZ_trimmed.fastq
[bwa_aln] 17bp reads: max_diff = 2
[bwa_aln] 38bp reads: max_diff = 3
[bwa_aln] 64bp reads: max_diff = 4
[bwa_aln] 93bp reads: max_diff = 5
[bwa_aln] 124bp reads: max_diff = 6
[bwa_aln] 157bp reads: max_diff = 7
[bwa_aln] 190bp reads: max_diff = 8
[bwa_aln] 225bp reads: max_diff = 9
[bwa_aln_core] calculate SA coordinate... 81.18 sec
[bwa_aln_core] write to the disk... 0.00 sec
[bwa_aln_core] 262144 sequences have been processed.
[bwa_aln_core] calculate SA coordinate... 82.44 sec
[bwa_aln_core] write to the disk... 0.02 sec
[bwa_aln_core] 524288 sequences have been processed.
[bwa_aln_core] calculate SA coordinate... 81.96 sec
[bwa_aln_core] write to the disk... 0.01 sec
[bwa_aln_core] 786432 sequences have been processed.
[bwa_aln_core] calculate SA coordinate... 81.12 sec
[bwa_aln_core] write to the disk... 0.01 sec
[bwa_aln_core] 1048576 sequences have been processed.
[bwa_aln_core] calculate SA coordinate... 81.25 sec
[bwa_aln_core] write to the disk... 0.01 sec
[bwa_aln_core] 1310720 sequences have been processed.
[bwa_aln_core] calculate SA coordinate... 80.98 sec
[bwa_aln_core] write to the disk... 0.02 sec
[bwa_aln_core] 1572864 sequences have been processed.
[bwa_aln_core] calculate SA coordinate... 81.69 sec
[bwa_aln_core] write to the disk... 0.02 sec
[bwa_aln_core] 1835008 sequences have been processed.
[bwa_aln_core] calculate SA coordinate... 81.40 sec
[bwa_aln_core] write to the disk... 0.02 sec
[bwa_aln_core] 2097152 sequences have been processed.
[bwa_aln_core] calculate SA coordinate... 81.66 sec
[bwa_aln_core] write to the disk... 0.01 sec
[bwa_aln_core] 2359296 sequences have been processed.
[bwa_aln_core] calculate SA coordinate... 82.46 sec
[bwa_aln_core] write to the disk... 0.01 sec
[bwa_aln_core] 2621440 sequences have been processed.
[bwa_aln_core] calculate SA coordinate... 82.13 sec
[bwa_aln_core] write to the disk... 0.01 sec
[bwa_aln_core] 2883584 sequences have been processed.
[bwa_aln_core] calculate SA coordinate... 82.02 sec
[bwa_aln_core] write to the disk... 0.01 sec
[bwa_aln_core] 3145728 sequences have been processed.
[bwa_aln_core] calculate SA coordinate... 82.51 sec
[bwa_aln_core] write to the disk... 0.01 sec
[bwa_aln_core] 3407872 sequences have been processed.
[bwa_aln_core] calculate SA coordinate... 82.40 sec
[bwa_aln_core] write to the disk... 0.01 sec
[bwa_aln_core] 3670016 sequences have been processed.
[bwa_aln_core] calculate SA coordinate... 81.86 sec
[bwa_aln_core] write to the disk... 0.01 sec
[bwa_aln_core] 3932160 sequences have been processed.
[bwa_aln_core] calculate SA coordinate... 82.34 sec
[bwa_aln_core] write to the disk... 0.01 sec
[bwa_aln_core] 4194304 sequences have been processed.
[bwa_aln_core] calculate SA coordinate... 81.61 sec
[bwa_aln_core] write to the disk... 0.01 sec
[bwa_aln_core] 4456448 sequences have been processed.
[bwa_aln_core] calculate SA coordinate... 82.35 sec
[bwa_aln_core] write to the disk... 0.01 sec
[bwa_aln_core] 4718592 sequences have been processed.
[bwa_aln_core] calculate SA coordinate... 81.97 sec
[bwa_aln_core] write to the disk... 0.01 sec
[bwa_aln_core] 4980736 sequences have been processed.
[bwa_aln_core] calculate SA coordinate... 81.26 sec
[bwa_aln_core] write to the disk... 0.01 sec
[bwa_aln_core] 5242880 sequences have been processed.
[bwa_aln_core] calculate SA coordinate... 80.31 sec
[bwa_aln_core] write to the disk... 0.01 sec
[bwa_aln_core] 5505024 sequences have been processed.
[bwa_aln_core] calculate SA coordinate... 82.02 sec
[bwa_aln_core] write to the disk... 0.02 sec
[bwa_aln_core] 5767168 sequences have been processed.
[bwa_aln_core] calculate SA coordinate... 79.50 sec
[bwa_aln_core] write to the disk... 0.01 sec
[bwa_aln_core] 6029312 sequences have been processed.
[bwa_aln_core] calculate SA coordinate... 79.88 sec
[bwa_aln_core] write to the disk... 0.01 sec
[bwa_aln_core] 6291456 sequences have been processed.
[bwa_aln_core] calculate SA coordinate... 80.21 sec
[bwa_aln_core] write to the disk... 0.01 sec
[bwa_aln_core] 6553600 sequences have been processed.
[bwa_aln_core] calculate SA coordinate... 81.03 sec
[bwa_aln_core] write to the disk... 0.01 sec
[bwa_aln_core] 6815744 sequences have been processed.
[bwa_aln_core] calculate SA coordinate... 80.39 sec
[bwa_aln_core] write to the disk... 0.02 sec
[bwa_aln_core] 7077888 sequences have been processed.
[bwa_aln_core] calculate SA coordinate... 81.83 sec
[bwa_aln_core] write to the disk... 0.01 sec
[bwa_aln_core] 7340032 sequences have been processed.
[bwa_aln_core] calculate SA coordinate... 81.66 sec
[bwa_aln_core] write to the disk... 0.02 sec
[bwa_aln_core] 7602176 sequences have been processed.
[bwa_aln_core] calculate SA coordinate... 80.10 sec
[bwa_aln_core] write to the disk... 0.01 sec
[bwa_aln_core] 7864320 sequences have been processed.
[bwa_aln_core] calculate SA coordinate... 78.91 sec
[bwa_aln_core] write to the disk... 0.01 sec
[bwa_aln_core] 8126464 sequences have been processed.
[bwa_aln_core] calculate SA coordinate... 80.42 sec
[bwa_aln_core] write to the disk... 0.01 sec
[bwa_aln_core] 8388608 sequences have been processed.
[bwa_aln_core] calculate SA coordinate... 81.14 sec
[bwa_aln_core] write to the disk... 0.01 sec
[bwa_aln_core] 8650752 sequences have been processed.
[bwa_aln_core] calculate SA coordinate... 79.03 sec
[bwa_aln_core] write to the disk... 0.01 sec
[bwa_aln_core] 8912896 sequences have been processed.
[bwa_aln_core] calculate SA coordinate... 79.52 sec
[bwa_aln_core] write to the disk... 0.00 sec
[bwa_aln_core] 9175040 sequences have been processed.
[bwa_aln_core] calculate SA coordinate... 80.17 sec
[bwa_aln_core] write to the disk... 0.01 sec
[bwa_aln_core] 9437184 sequences have been processed.
[bwa_aln_core] calculate SA coordinate... 79.32 sec
[bwa_aln_core] write to the disk... 0.02 sec
[bwa_aln_core] 9699328 sequences have been processed.
[bwa_aln_core] calculate SA coordinate... 81.12 sec
[bwa_aln_core] write to the disk... 0.01 sec
[bwa_aln_core] 9961472 sequences have been processed.
[bwa_aln_core] calculate SA coordinate... 80.44 sec
[bwa_aln_core] write to the disk... 0.01 sec
[bwa_aln_core] 10223616 sequences have been processed.
[bwa_aln_core] calculate SA coordinate... 80.80 sec
[bwa_aln_core] write to the disk... 0.01 sec
[bwa_aln_core] 10485760 sequences have been processed.
[bwa_aln_core] calculate SA coordinate... 80.50 sec
[bwa_aln_core] write to the disk... 0.01 sec
[bwa_aln_core] 10747904 sequences have been processed.
[bwa_aln_core] calculate SA coordinate... 80.81 sec
[bwa_aln_core] write to the disk... 0.01 sec
[bwa_aln_core] 11010048 sequences have been processed.
[bwa_aln_core] calculate SA coordinate... 82.30 sec
[bwa_aln_core] write to the disk... 0.01 sec
[bwa_aln_core] 11272192 sequences have been processed.
[bwa_aln_core] calculate SA coordinate... 82.56 sec
[bwa_aln_core] write to the disk... 0.02 sec
[bwa_aln_core] 11534336 sequences have been processed.
[bwa_aln_core] calculate SA coordinate... 82.36 sec
[bwa_aln_core] write to the disk... 0.01 sec
[bwa_aln_core] 11796480 sequences have been processed.
[bwa_aln_core] calculate SA coordinate... 82.42 sec
[bwa_aln_core] write to the disk... 0.01 sec
[bwa_aln_core] 12058624 sequences have been processed.
[bwa_aln_core] calculate SA coordinate... 79.41 sec
[bwa_aln_core] write to the disk... 0.01 sec
[bwa_aln_core] 12320768 sequences have been processed.
[bwa_aln_core] calculate SA coordinate... 79.27 sec
[bwa_aln_core] write to the disk... 0.00 sec
[bwa_aln_core] 12582912 sequences have been processed.
[bwa_aln_core] calculate SA coordinate... 79.37 sec
[bwa_aln_core] write to the disk... 0.01 sec
[bwa_aln_core] 12845056 sequences have been processed.
[bwa_aln_core] calculate SA coordinate... 79.53 sec
[bwa_aln_core] write to the disk... 0.01 sec
[bwa_aln_core] 13107200 sequences have been processed.
[bwa_aln_core] calculate SA coordinate... 79.47 sec
[bwa_aln_core] write to the disk... 0.01 sec
[bwa_aln_core] 13369344 sequences have been processed.
[bwa_aln_core] calculate SA coordinate... 80.52 sec
[bwa_aln_core] write to the disk... 0.01 sec
[bwa_aln_core] 13631488 sequences have been processed.
[bwa_aln_core] calculate SA coordinate... 78.88 sec
[bwa_aln_core] write to the disk... 0.01 sec
[bwa_aln_core] 13893632 sequences have been processed.
[bwa_aln_core] calculate SA coordinate... 79.74 sec
[bwa_aln_core] write to the disk... 0.01 sec
[bwa_aln_core] 14155776 sequences have been processed.
[bwa_aln_core] calculate SA coordinate... 79.61 sec
[bwa_aln_core] write to the disk... 0.01 sec
[bwa_aln_core] 14417920 sequences have been processed.
[bwa_aln_core] calculate SA coordinate... 79.09 sec
[bwa_aln_core] write to the disk... 0.01 sec
[bwa_aln_core] 14680064 sequences have been processed.
[bwa_aln_core] calculate SA coordinate... 79.26 sec
[bwa_aln_core] write to the disk... 0.01 sec
[bwa_aln_core] 14942208 sequences have been processed.
[bwa_aln_core] calculate SA coordinate... 79.92 sec
[bwa_aln_core] write to the disk... 0.01 sec
[bwa_aln_core] 15204352 sequences have been processed.
[bwa_aln_core] calculate SA coordinate... 80.35 sec
[bwa_aln_core] write to the disk... 0.01 sec
[bwa_aln_core] 15466496 sequences have been processed.
[bwa_aln_core] calculate SA coordinate... 81.81 sec
[bwa_aln_core] write to the disk... 0.01 sec
[bwa_aln_core] 15728640 sequences have been processed.
[bwa_aln_core] calculate SA coordinate... 82.67 sec
[bwa_aln_core] write to the disk... 0.01 sec
[bwa_aln_core] 15990784 sequences have been processed.
[bwa_aln_core] calculate SA coordinate... 78.95 sec
[bwa_aln_core] write to the disk... 0.01 sec
[bwa_aln_core] 16252928 sequences have been processed.
[bwa_aln_core] calculate SA coordinate... 79.28 sec
[bwa_aln_core] write to the disk... 0.01 sec
[bwa_aln_core] 16515072 sequences have been processed.
[bwa_aln_core] calculate SA coordinate... 80.19 sec
[bwa_aln_core] write to the disk... 0.01 sec
[bwa_aln_core] 16777216 sequences have been processed.
[bwa_aln_core] calculate SA coordinate... 78.17 sec
[bwa_aln_core] write to the disk... 0.01 sec
[bwa_aln_core] 17039360 sequences have been processed.
[bwa_aln_core] calculate SA coordinate... 78.08 sec
[bwa_aln_core] write to the disk... 0.01 sec
[bwa_aln_core] 17301504 sequences have been processed.
[bwa_aln_core] calculate SA coordinate... 80.62 sec
[bwa_aln_core] write to the disk... 0.01 sec
[bwa_aln_core] 17563648 sequences have been processed.
[bwa_aln_core] calculate SA coordinate... 79.62 sec
[bwa_aln_core] write to the disk... 0.01 sec
[bwa_aln_core] 17825792 sequences have been processed.
[bwa_aln_core] calculate SA coordinate... 78.57 sec
[bwa_aln_core] write to the disk... 0.01 sec
[bwa_aln_core] 18087936 sequences have been processed.
[bwa_aln_core] calculate SA coordinate... 79.47 sec
[bwa_aln_core] write to the disk... 0.01 sec
[bwa_aln_core] 18350080 sequences have been processed.
[bwa_aln_core] calculate SA coordinate... 78.92 sec
[bwa_aln_core] write to the disk... 0.01 sec
[bwa_aln_core] 18612224 sequences have been processed.
[bwa_aln_core] calculate SA coordinate... 80.41 sec
[bwa_aln_core] write to the disk... 0.01 sec
[bwa_aln_core] 18874368 sequences have been processed.
[bwa_aln_core] calculate SA coordinate... 79.62 sec
[bwa_aln_core] write to the disk... 0.01 sec
[bwa_aln_core] 19136512 sequences have been processed.
[bwa_aln_core] calculate SA coordinate... 79.57 sec
[bwa_aln_core] write to the disk... 0.01 sec
[bwa_aln_core] 19398656 sequences have been processed.
[bwa_aln_core] calculate SA coordinate... 79.52 sec
[bwa_aln_core] write to the disk... 0.01 sec
[bwa_aln_core] 19660800 sequences have been processed.
[bwa_aln_core] calculate SA coordinate... 80.30 sec
[bwa_aln_core] write to the disk... 0.01 sec
[bwa_aln_core] 19922944 sequences have been processed.
[bwa_aln_core] calculate SA coordinate... 78.16 sec
[bwa_aln_core] write to the disk... 0.01 sec
[bwa_aln_core] 20185088 sequences have been processed.
[bwa_aln_core] calculate SA coordinate... 79.58 sec
[bwa_aln_core] write to the disk... 0.01 sec
[bwa_aln_core] 20447232 sequences have been processed.
[bwa_aln_core] calculate SA coordinate... 78.45 sec
[bwa_aln_core] write to the disk... 0.02 sec
[bwa_aln_core] 20709376 sequences have been processed.
[bwa_aln_core] calculate SA coordinate... 78.83 sec
[bwa_aln_core] write to the disk... 0.01 sec
[bwa_aln_core] 20971520 sequences have been processed.
[bwa_aln_core] calculate SA coordinate... 79.54 sec
[bwa_aln_core] write to the disk... 0.01 sec
[bwa_aln_core] 21233664 sequences have been processed.
[bwa_aln_core] calculate SA coordinate... 78.34 sec
[bwa_aln_core] write to the disk... 0.01 sec
[bwa_aln_core] 21495808 sequences have been processed.
[bwa_aln_core] calculate SA coordinate... 78.91 sec
[bwa_aln_core] write to the disk... 0.01 sec
[bwa_aln_core] 21757952 sequences have been processed.
[bwa_aln_core] calculate SA coordinate... 79.59 sec
[bwa_aln_core] write to the disk... 0.01 sec
[bwa_aln_core] 22020096 sequences have been processed.
[bwa_aln_core] calculate SA coordinate... 78.61 sec
[bwa_aln_core] write to the disk... 0.01 sec
[bwa_aln_core] 22282240 sequences have been processed.
[bwa_aln_core] calculate SA coordinate... 79.65 sec
[bwa_aln_core] write to the disk... 0.01 sec
[bwa_aln_core] 22544384 sequences have been processed.
[bwa_aln_core] calculate SA coordinate... 79.49 sec
[bwa_aln_core] write to the disk... 0.01 sec
[bwa_aln_core] 22806528 sequences have been processed.
[bwa_aln_core] calculate SA coordinate... 79.43 sec
[bwa_aln_core] write to the disk... 0.02 sec
[bwa_aln_core] 23068672 sequences have been processed.
[bwa_aln_core] calculate SA coordinate... 81.20 sec
[bwa_aln_core] write to the disk... 0.01 sec
[bwa_aln_core] 23330816 sequences have been processed.
[bwa_aln_core] calculate SA coordinate... 20.56 sec
[bwa_aln_core] write to the disk... 0.01 sec
[bwa_aln_core] 23397489 sequences have been processed.
[main] Version: 0.7.15-r1140
[main] CMD: bwa aln -Y -l 32 -n 0.04 -k 2 -t 8 hg38 /home-4/xfeng17@jhu.edu/data/xfeng17/dnase/hs/A549/ENCFF332VRZ_trimmed.fastq
[main] Real time: 940.669 sec; CPU: 7204.035 sec
+ bwa samse -n 10 hg38 tmp.sai /home-4/xfeng17@jhu.edu/data/xfeng17/dnase/hs/A549/ENCFF332VRZ_trimmed.fastq
[bwa_aln_core] convert to sequence coordinate... 3.65 sec
[bwa_aln_core] refine gapped alignments... 0.74 sec
[bwa_aln_core] print alignments... 0.13 sec
[bwa_aln_core] 262144 sequences have been processed.
[bwa_aln_core] convert to sequence coordinate... 3.13 sec
[bwa_aln_core] refine gapped alignments... 0.56 sec
[bwa_aln_core] print alignments... 0.14 sec
[bwa_aln_core] 524288 sequences have been processed.
[bwa_aln_core] convert to sequence coordinate... 3.08 sec
[bwa_aln_core] refine gapped alignments... 0.54 sec
[bwa_aln_core] print alignments... 0.13 sec
[bwa_aln_core] 786432 sequences have been processed.
[bwa_aln_core] convert to sequence coordinate... 3.07 sec
[bwa_aln_core] refine gapped alignments... 0.55 sec
[bwa_aln_core] print alignments... 0.14 sec
[bwa_aln_core] 1048576 sequences have been processed.
[bwa_aln_core] convert to sequence coordinate... 3.08 sec
[bwa_aln_core] refine gapped alignments... 0.54 sec
[bwa_aln_core] print alignments... 0.14 sec
[bwa_aln_core] 1310720 sequences have been processed.
[bwa_aln_core] convert to sequence coordinate... 3.07 sec
[bwa_aln_core] refine gapped alignments... 0.55 sec
[bwa_aln_core] print alignments... 0.14 sec
[bwa_aln_core] 1572864 sequences have been processed.
[bwa_aln_core] convert to sequence coordinate... 3.08 sec
[bwa_aln_core] refine gapped alignments... 0.55 sec
[bwa_aln_core] print alignments... 0.13 sec
[bwa_aln_core] 1835008 sequences have been processed.
[bwa_aln_core] convert to sequence coordinate... 3.08 sec
[bwa_aln_core] refine gapped alignments... 0.55 sec
[bwa_aln_core] print alignments... 0.13 sec
[bwa_aln_core] 2097152 sequences have been processed.
[bwa_aln_core] convert to sequence coordinate... 3.08 sec
[bwa_aln_core] refine gapped alignments... 0.55 sec
[bwa_aln_core] print alignments... 0.13 sec
[bwa_aln_core] 2359296 sequences have been processed.
[bwa_aln_core] convert to sequence coordinate... 3.09 sec
[bwa_aln_core] refine gapped alignments... 0.55 sec
[bwa_aln_core] print alignments... 0.13 sec
[bwa_aln_core] 2621440 sequences have been processed.
[bwa_aln_core] convert to sequence coordinate... 3.10 sec
[bwa_aln_core] refine gapped alignments... 0.53 sec
[bwa_aln_core] print alignments... 0.15 sec
[bwa_aln_core] 2883584 sequences have been processed.
[bwa_aln_core] convert to sequence coordinate... 3.08 sec
[bwa_aln_core] refine gapped alignments... 0.55 sec
[bwa_aln_core] print alignments... 0.13 sec
[bwa_aln_core] 3145728 sequences have been processed.
[bwa_aln_core] convert to sequence coordinate... 3.09 sec
[bwa_aln_core] refine gapped alignments... 0.55 sec
[bwa_aln_core] print alignments... 0.13 sec
[bwa_aln_core] 3407872 sequences have been processed.
[bwa_aln_core] convert to sequence coordinate... 3.07 sec
[bwa_aln_core] refine gapped alignments... 0.53 sec
[bwa_aln_core] print alignments... 0.14 sec
[bwa_aln_core] 3670016 sequences have been processed.
[bwa_aln_core] convert to sequence coordinate... 3.07 sec
[bwa_aln_core] refine gapped alignments... 0.55 sec
[bwa_aln_core] print alignments... 0.13 sec
[bwa_aln_core] 3932160 sequences have been processed.
[bwa_aln_core] convert to sequence coordinate... 3.07 sec
[bwa_aln_core] refine gapped alignments... 0.55 sec
[bwa_aln_core] print alignments... 0.13 sec
[bwa_aln_core] 4194304 sequences have been processed.
[bwa_aln_core] convert to sequence coordinate... 3.07 sec
[bwa_aln_core] refine gapped alignments... 0.55 sec
[bwa_aln_core] print alignments... 0.13 sec
[bwa_aln_core] 4456448 sequences have been processed.
[bwa_aln_core] convert to sequence coordinate... 3.07 sec
[bwa_aln_core] refine gapped alignments... 0.55 sec
[bwa_aln_core] print alignments... 0.14 sec
[bwa_aln_core] 4718592 sequences have been processed.
[bwa_aln_core] convert to sequence coordinate... 3.07 sec
[bwa_aln_core] refine gapped alignments... 0.55 sec
[bwa_aln_core] print alignments... 0.13 sec
[bwa_aln_core] 4980736 sequences have been processed.
[bwa_aln_core] convert to sequence coordinate... 3.07 sec
[bwa_aln_core] refine gapped alignments... 0.54 sec
[bwa_aln_core] print alignments... 0.14 sec
[bwa_aln_core] 5242880 sequences have been processed.
[bwa_aln_core] convert to sequence coordinate... 3.08 sec
[bwa_aln_core] refine gapped alignments... 0.54 sec
[bwa_aln_core] print alignments... 0.14 sec
[bwa_aln_core] 5505024 sequences have been processed.
[bwa_aln_core] convert to sequence coordinate... 3.07 sec
[bwa_aln_core] refine gapped alignments... 0.54 sec
[bwa_aln_core] print alignments... 0.14 sec
[bwa_aln_core] 5767168 sequences have been processed.
[bwa_aln_core] convert to sequence coordinate... 3.08 sec
[bwa_aln_core] refine gapped alignments... 0.54 sec
[bwa_aln_core] print alignments... 0.14 sec
[bwa_aln_core] 6029312 sequences have been processed.
[bwa_aln_core] convert to sequence coordinate... 3.09 sec
[bwa_aln_core] refine gapped alignments... 0.55 sec
[bwa_aln_core] print alignments... 0.13 sec
[bwa_aln_core] 6291456 sequences have been processed.
[bwa_aln_core] convert to sequence coordinate... 3.09 sec
[bwa_aln_core] refine gapped alignments... 0.54 sec
[bwa_aln_core] print alignments... 0.14 sec
[bwa_aln_core] 6553600 sequences have been processed.
[bwa_aln_core] convert to sequence coordinate... 3.07 sec
[bwa_aln_core] refine gapped alignments... 0.55 sec
[bwa_aln_core] print alignments... 0.14 sec
[bwa_aln_core] 6815744 sequences have been processed.
[bwa_aln_core] convert to sequence coordinate... 3.09 sec
[bwa_aln_core] refine gapped alignments... 0.54 sec
[bwa_aln_core] print alignments... 0.14 sec
[bwa_aln_core] 7077888 sequences have been processed.
[bwa_aln_core] convert to sequence coordinate... 3.11 sec
[bwa_aln_core] refine gapped alignments... 0.54 sec
[bwa_aln_core] print alignments... 0.14 sec
[bwa_aln_core] 7340032 sequences have been processed.
[bwa_aln_core] convert to sequence coordinate... 3.09 sec
[bwa_aln_core] refine gapped alignments... 0.55 sec
[bwa_aln_core] print alignments... 0.14 sec
[bwa_aln_core] 7602176 sequences have been processed.
[bwa_aln_core] convert to sequence coordinate... 3.07 sec
[bwa_aln_core] refine gapped alignments... 0.54 sec
[bwa_aln_core] print alignments... 0.14 sec
[bwa_aln_core] 7864320 sequences have been processed.
[bwa_aln_core] convert to sequence coordinate... 3.07 sec
[bwa_aln_core] refine gapped alignments... 0.55 sec
[bwa_aln_core] print alignments... 0.12 sec
[bwa_aln_core] 8126464 sequences have been processed.
[bwa_aln_core] convert to sequence coordinate... 3.07 sec
[bwa_aln_core] refine gapped alignments... 0.55 sec
[bwa_aln_core] print alignments... 0.14 sec
[bwa_aln_core] 8388608 sequences have been processed.
[bwa_aln_core] convert to sequence coordinate... 3.07 sec
[bwa_aln_core] refine gapped alignments... 0.55 sec
[bwa_aln_core] print alignments... 0.13 sec
[bwa_aln_core] 8650752 sequences have been processed.
[bwa_aln_core] convert to sequence coordinate... 3.07 sec
[bwa_aln_core] refine gapped alignments... 0.55 sec
[bwa_aln_core] print alignments... 0.13 sec
[bwa_aln_core] 8912896 sequences have been processed.
[bwa_aln_core] convert to sequence coordinate... 3.08 sec
[bwa_aln_core] refine gapped alignments... 0.55 sec
[bwa_aln_core] print alignments... 0.13 sec
[bwa_aln_core] 9175040 sequences have been processed.
[bwa_aln_core] convert to sequence coordinate... 3.08 sec
[bwa_aln_core] refine gapped alignments... 0.55 sec
[bwa_aln_core] print alignments... 0.13 sec
[bwa_aln_core] 9437184 sequences have been processed.
[bwa_aln_core] convert to sequence coordinate... 3.08 sec
[bwa_aln_core] refine gapped alignments... 0.54 sec
[bwa_aln_core] print alignments... 0.14 sec
[bwa_aln_core] 9699328 sequences have been processed.
[bwa_aln_core] convert to sequence coordinate... 3.09 sec
[bwa_aln_core] refine gapped alignments... 0.55 sec
[bwa_aln_core] print alignments... 0.13 sec
[bwa_aln_core] 9961472 sequences have been processed.
[bwa_aln_core] convert to sequence coordinate... 3.07 sec
[bwa_aln_core] refine gapped alignments... 0.55 sec
[bwa_aln_core] print alignments... 0.13 sec
[bwa_aln_core] 10223616 sequences have been processed.
[bwa_aln_core] convert to sequence coordinate... 3.10 sec
[bwa_aln_core] refine gapped alignments... 0.54 sec
[bwa_aln_core] print alignments... 0.14 sec
[bwa_aln_core] 10485760 sequences have been processed.
[bwa_aln_core] convert to sequence coordinate... 3.10 sec
[bwa_aln_core] refine gapped alignments... 0.55 sec
[bwa_aln_core] print alignments... 0.13 sec
[bwa_aln_core] 10747904 sequences have been processed.
[bwa_aln_core] convert to sequence coordinate... 3.12 sec
[bwa_aln_core] refine gapped alignments... 0.54 sec
[bwa_aln_core] print alignments... 0.14 sec
[bwa_aln_core] 11010048 sequences have been processed.
[bwa_aln_core] convert to sequence coordinate... 3.08 sec
[bwa_aln_core] refine gapped alignments... 0.56 sec
[bwa_aln_core] print alignments... 0.14 sec
[bwa_aln_core] 11272192 sequences have been processed.
[bwa_aln_core] convert to sequence coordinate... 3.11 sec
[bwa_aln_core] refine gapped alignments... 0.54 sec
[bwa_aln_core] print alignments... 0.15 sec
[bwa_aln_core] 11534336 sequences have been processed.
[bwa_aln_core] convert to sequence coordinate... 3.10 sec
[bwa_aln_core] refine gapped alignments... 0.55 sec
[bwa_aln_core] print alignments... 0.13 sec
[bwa_aln_core] 11796480 sequences have been processed.
[bwa_aln_core] convert to sequence coordinate... 3.13 sec
[bwa_aln_core] refine gapped alignments... 0.55 sec
[bwa_aln_core] print alignments... 0.14 sec
[bwa_aln_core] 12058624 sequences have been processed.
[bwa_aln_core] convert to sequence coordinate... 3.10 sec
[bwa_aln_core] refine gapped alignments... 0.55 sec
[bwa_aln_core] print alignments... 0.13 sec
[bwa_aln_core] 12320768 sequences have been processed.
[bwa_aln_core] convert to sequence coordinate... 3.10 sec
[bwa_aln_core] refine gapped alignments... 0.54 sec
[bwa_aln_core] print alignments... 0.14 sec
[bwa_aln_core] 12582912 sequences have been processed.
[bwa_aln_core] convert to sequence coordinate... 3.09 sec
[bwa_aln_core] refine gapped alignments... 0.55 sec
[bwa_aln_core] print alignments... 0.13 sec
[bwa_aln_core] 12845056 sequences have been processed.
[bwa_aln_core] convert to sequence coordinate... 3.08 sec
[bwa_aln_core] refine gapped alignments... 0.55 sec
[bwa_aln_core] print alignments... 0.13 sec
[bwa_aln_core] 13107200 sequences have been processed.
[bwa_aln_core] convert to sequence coordinate... 3.07 sec
[bwa_aln_core] refine gapped alignments... 0.54 sec
[bwa_aln_core] print alignments... 0.14 sec
[bwa_aln_core] 13369344 sequences have been processed.
[bwa_aln_core] convert to sequence coordinate... 3.08 sec
[bwa_aln_core] refine gapped alignments... 0.55 sec
[bwa_aln_core] print alignments... 0.13 sec
[bwa_aln_core] 13631488 sequences have been processed.
[bwa_aln_core] convert to sequence coordinate... 3.07 sec
[bwa_aln_core] refine gapped alignments... 0.54 sec
[bwa_aln_core] print alignments... 0.14 sec
[bwa_aln_core] 13893632 sequences have been processed.
[bwa_aln_core] convert to sequence coordinate... 3.09 sec
[bwa_aln_core] refine gapped alignments... 0.54 sec
[bwa_aln_core] print alignments... 0.14 sec
[bwa_aln_core] 14155776 sequences have been processed.
[bwa_aln_core] convert to sequence coordinate... 3.09 sec
[bwa_aln_core] refine gapped alignments... 0.53 sec
[bwa_aln_core] print alignments... 0.15 sec
[bwa_aln_core] 14417920 sequences have been processed.
[bwa_aln_core] convert to sequence coordinate... 3.06 sec
[bwa_aln_core] refine gapped alignments... 0.55 sec
[bwa_aln_core] print alignments... 0.13 sec
[bwa_aln_core] 14680064 sequences have been processed.
[bwa_aln_core] convert to sequence coordinate... 3.08 sec
[bwa_aln_core] refine gapped alignments... 0.55 sec
[bwa_aln_core] print alignments... 0.13 sec
[bwa_aln_core] 14942208 sequences have been processed.
[bwa_aln_core] convert to sequence coordinate... 3.08 sec
[bwa_aln_core] refine gapped alignments... 0.55 sec
[bwa_aln_core] print alignments... 0.13 sec
[bwa_aln_core] 15204352 sequences have been processed.
[bwa_aln_core] convert to sequence coordinate... 3.10 sec
[bwa_aln_core] refine gapped alignments... 0.54 sec
[bwa_aln_core] print alignments... 0.14 sec
[bwa_aln_core] 15466496 sequences have been processed.
[bwa_aln_core] convert to sequence coordinate... 3.09 sec
[bwa_aln_core] refine gapped alignments... 0.55 sec
[bwa_aln_core] print alignments... 0.14 sec
[bwa_aln_core] 15728640 sequences have been processed.
[bwa_aln_core] convert to sequence coordinate... 3.08 sec
[bwa_aln_core] refine gapped alignments... 0.55 sec
[bwa_aln_core] print alignments... 0.14 sec
[bwa_aln_core] 15990784 sequences have been processed.
[bwa_aln_core] convert to sequence coordinate... 3.08 sec
[bwa_aln_core] refine gapped alignments... 0.54 sec
[bwa_aln_core] print alignments... 0.13 sec
[bwa_aln_core] 16252928 sequences have been processed.
[bwa_aln_core] convert to sequence coordinate... 3.09 sec
[bwa_aln_core] refine gapped alignments... 0.53 sec
[bwa_aln_core] print alignments... 0.15 sec
[bwa_aln_core] 16515072 sequences have been processed.
[bwa_aln_core] convert to sequence coordinate... 3.07 sec
[bwa_aln_core] refine gapped alignments... 0.56 sec
[bwa_aln_core] print alignments... 0.13 sec
[bwa_aln_core] 16777216 sequences have been processed.
[bwa_aln_core] convert to sequence coordinate... 3.07 sec
[bwa_aln_core] refine gapped alignments... 0.54 sec
[bwa_aln_core] print alignments... 0.14 sec
[bwa_aln_core] 17039360 sequences have been processed.
[bwa_aln_core] convert to sequence coordinate... 3.09 sec
[bwa_aln_core] refine gapped alignments... 0.55 sec
[bwa_aln_core] print alignments... 0.13 sec
[bwa_aln_core] 17301504 sequences have been processed.
[bwa_aln_core] convert to sequence coordinate... 3.10 sec
[bwa_aln_core] refine gapped alignments... 0.55 sec
[bwa_aln_core] print alignments... 0.14 sec
[bwa_aln_core] 17563648 sequences have been processed.
[bwa_aln_core] convert to sequence coordinate... 3.11 sec
[bwa_aln_core] refine gapped alignments... 0.54 sec
[bwa_aln_core] print alignments... 0.13 sec
[bwa_aln_core] 17825792 sequences have been processed.
[bwa_aln_core] convert to sequence coordinate... 3.11 sec
[bwa_aln_core] refine gapped alignments... 0.55 sec
[bwa_aln_core] print alignments... 0.13 sec
[bwa_aln_core] 18087936 sequences have been processed.
[bwa_aln_core] convert to sequence coordinate... 3.10 sec
[bwa_aln_core] refine gapped alignments... 0.55 sec
[bwa_aln_core] print alignments... 0.14 sec
[bwa_aln_core] 18350080 sequences have been processed.
[bwa_aln_core] convert to sequence coordinate... 3.09 sec
[bwa_aln_core] refine gapped alignments... 0.54 sec
[bwa_aln_core] print alignments... 0.14 sec
[bwa_aln_core] 18612224 sequences have been processed.
[bwa_aln_core] convert to sequence coordinate... 3.10 sec
[bwa_aln_core] refine gapped alignments... 0.54 sec
[bwa_aln_core] print alignments... 0.14 sec
[bwa_aln_core] 18874368 sequences have been processed.
[bwa_aln_core] convert to sequence coordinate... 3.09 sec
[bwa_aln_core] refine gapped alignments... 0.55 sec
[bwa_aln_core] print alignments... 0.14 sec
[bwa_aln_core] 19136512 sequences have been processed.
[bwa_aln_core] convert to sequence coordinate... 3.07 sec
[bwa_aln_core] refine gapped alignments... 0.55 sec
[bwa_aln_core] print alignments... 0.13 sec
[bwa_aln_core] 19398656 sequences have been processed.
[bwa_aln_core] convert to sequence coordinate... 3.08 sec
[bwa_aln_core] refine gapped alignments... 0.54 sec
[bwa_aln_core] print alignments... 0.14 sec
[bwa_aln_core] 19660800 sequences have been processed.
[bwa_aln_core] convert to sequence coordinate... 3.08 sec
[bwa_aln_core] refine gapped alignments... 0.56 sec
[bwa_aln_core] print alignments... 0.13 sec
[bwa_aln_core] 19922944 sequences have been processed.
[bwa_aln_core] convert to sequence coordinate... 3.07 sec
[bwa_aln_core] refine gapped alignments... 0.55 sec
[bwa_aln_core] print alignments... 0.13 sec
[bwa_aln_core] 20185088 sequences have been processed.
[bwa_aln_core] convert to sequence coordinate... 3.07 sec
[bwa_aln_core] refine gapped alignments... 0.54 sec
[bwa_aln_core] print alignments... 0.13 sec
[bwa_aln_core] 20447232 sequences have been processed.
[bwa_aln_core] convert to sequence coordinate... 3.08 sec
[bwa_aln_core] refine gapped alignments... 0.54 sec
[bwa_aln_core] print alignments... 0.13 sec
[bwa_aln_core] 20709376 sequences have been processed.
[bwa_aln_core] convert to sequence coordinate... 3.07 sec
[bwa_aln_core] refine gapped alignments... 0.55 sec
[bwa_aln_core] print alignments... 0.13 sec
[bwa_aln_core] 20971520 sequences have been processed.
[bwa_aln_core] convert to sequence coordinate... 3.09 sec
[bwa_aln_core] refine gapped alignments... 0.54 sec
[bwa_aln_core] print alignments... 0.14 sec
[bwa_aln_core] 21233664 sequences have been processed.
[bwa_aln_core] convert to sequence coordinate... 3.07 sec
[bwa_aln_core] refine gapped alignments... 0.55 sec
[bwa_aln_core] print alignments... 0.13 sec
[bwa_aln_core] 21495808 sequences have been processed.
[bwa_aln_core] convert to sequence coordinate... 3.07 sec
[bwa_aln_core] refine gapped alignments... 0.55 sec
[bwa_aln_core] print alignments... 0.14 sec
[bwa_aln_core] 21757952 sequences have been processed.
[bwa_aln_core] convert to sequence coordinate... 3.08 sec
[bwa_aln_core] refine gapped alignments... 0.55 sec
[bwa_aln_core] print alignments... 0.13 sec
[bwa_aln_core] 22020096 sequences have been processed.
[bwa_aln_core] convert to sequence coordinate... 3.07 sec
[bwa_aln_core] refine gapped alignments... 0.55 sec
[bwa_aln_core] print alignments... 0.13 sec
[bwa_aln_core] 22282240 sequences have been processed.
[bwa_aln_core] convert to sequence coordinate... 3.08 sec
[bwa_aln_core] refine gapped alignments... 0.54 sec
[bwa_aln_core] print alignments... 0.14 sec
[bwa_aln_core] 22544384 sequences have been processed.
[bwa_aln_core] convert to sequence coordinate... 3.09 sec
[bwa_aln_core] refine gapped alignments... 0.54 sec
[bwa_aln_core] print alignments... 0.14 sec
[bwa_aln_core] 22806528 sequences have been processed.
[bwa_aln_core] convert to sequence coordinate... 3.09 sec
[bwa_aln_core] refine gapped alignments... 0.55 sec
[bwa_aln_core] print alignments... 0.13 sec
[bwa_aln_core] 23068672 sequences have been processed.
[bwa_aln_core] convert to sequence coordinate... 3.09 sec
[bwa_aln_core] refine gapped alignments... 0.54 sec
[bwa_aln_core] print alignments... 0.14 sec
[bwa_aln_core] 23330816 sequences have been processed.
[bwa_aln_core] convert to sequence coordinate... 3.05 sec
[bwa_aln_core] refine gapped alignments... 0.52 sec
[bwa_aln_core] print alignments... 0.04 sec
[bwa_aln_core] 23397489 sequences have been processed.
[main] Version: 0.7.15-r1140
[main] CMD: bwa samse -n 10 hg38 tmp.sai /home-4/xfeng17@jhu.edu/data/xfeng17/dnase/hs/A549/ENCFF332VRZ_trimmed.fastq
[main] Real time: 362.524 sec; CPU: 358.559 sec
+ samtools view -Shb tmp_se.sam
+ samtools sort -@ 8 -m 4G -o /home-4/xfeng17@jhu.edu/data/xfeng17/dnase/hs/A549/ENCFF332VRZ_trimmed.bam tmp.bam
[bam_sort_core] merging from 0 files and 8 in-memory blocks...
+ samtools index /home-4/xfeng17@jhu.edu/data/xfeng17/dnase/hs/A549/ENCFF332VRZ_trimmed.bam
+ set +x
+ samtools flagstat /home-4/xfeng17@jhu.edu/data/xfeng17/dnase/hs/A549/ENCFF332VRZ_trimmed.bam
+ edwBamStats /home-4/xfeng17@jhu.edu/data/xfeng17/dnase/hs/A549/ENCFF332VRZ_trimmed.bam /home-4/xfeng17@jhu.edu/data/xfeng17/dnase/hs/A549/ENCFF332VRZ_trimmed_edwBamStats.txt
Scanned 23397489 reads in /home-4/xfeng17@jhu.edu/data/xfeng17/dnase/hs/A549/ENCFF332VRZ_trimmed.bam
u4mUniqueRatio 0.963003
+ set +x
Done
