Aligning to fly genome...
+ tar zxvf dm6_bwa_index.tgz
+ set +x
+ bwa aln -Y -l 32 -n 0.04 -k 2 -t 8 dm6 /home-4/xfeng17@jhu.edu/data/xfeng17/dnase/dm/oregon/ENCFF005BHD_trimmed.fastq
[bwa_aln] 17bp reads: max_diff = 2
[bwa_aln] 38bp reads: max_diff = 3
[bwa_aln] 64bp reads: max_diff = 4
[bwa_aln] 93bp reads: max_diff = 5
[bwa_aln] 124bp reads: max_diff = 6
[bwa_aln] 157bp reads: max_diff = 7
[bwa_aln] 190bp reads: max_diff = 8
[bwa_aln] 225bp reads: max_diff = 9
[bwa_aln_core] calculate SA coordinate... 15.40 sec
[bwa_aln_core] write to the disk... 0.02 sec
[bwa_aln_core] 262144 sequences have been processed.
[bwa_aln_core] calculate SA coordinate... 15.35 sec
[bwa_aln_core] write to the disk... 0.02 sec
[bwa_aln_core] 524288 sequences have been processed.
[bwa_aln_core] calculate SA coordinate... 15.41 sec
[bwa_aln_core] write to the disk... 0.03 sec
[bwa_aln_core] 786432 sequences have been processed.
[bwa_aln_core] calculate SA coordinate... 15.38 sec
[bwa_aln_core] write to the disk... 0.02 sec
[bwa_aln_core] 1048576 sequences have been processed.
[bwa_aln_core] calculate SA coordinate... 15.29 sec
[bwa_aln_core] write to the disk... 0.02 sec
[bwa_aln_core] 1310720 sequences have been processed.
[bwa_aln_core] calculate SA coordinate... 15.29 sec
[bwa_aln_core] write to the disk... 0.01 sec
[bwa_aln_core] 1572864 sequences have been processed.
[bwa_aln_core] calculate SA coordinate... 15.22 sec
[bwa_aln_core] write to the disk... 0.03 sec
[bwa_aln_core] 1835008 sequences have been processed.
[bwa_aln_core] calculate SA coordinate... 15.27 sec
[bwa_aln_core] write to the disk... 0.02 sec
[bwa_aln_core] 2097152 sequences have been processed.
[bwa_aln_core] calculate SA coordinate... 15.21 sec
[bwa_aln_core] write to the disk... 0.02 sec
[bwa_aln_core] 2359296 sequences have been processed.
[bwa_aln_core] calculate SA coordinate... 15.27 sec
[bwa_aln_core] write to the disk... 0.01 sec
[bwa_aln_core] 2621440 sequences have been processed.
[bwa_aln_core] calculate SA coordinate... 15.11 sec
[bwa_aln_core] write to the disk... 0.03 sec
[bwa_aln_core] 2883584 sequences have been processed.
[bwa_aln_core] calculate SA coordinate... 15.23 sec
[bwa_aln_core] write to the disk... 0.02 sec
[bwa_aln_core] 3145728 sequences have been processed.
[bwa_aln_core] calculate SA coordinate... 15.26 sec
[bwa_aln_core] write to the disk... 0.03 sec
[bwa_aln_core] 3407872 sequences have been processed.
[bwa_aln_core] calculate SA coordinate... 15.19 sec
[bwa_aln_core] write to the disk... 0.02 sec
[bwa_aln_core] 3670016 sequences have been processed.
[bwa_aln_core] calculate SA coordinate... 15.20 sec
[bwa_aln_core] write to the disk... 0.02 sec
[bwa_aln_core] 3932160 sequences have been processed.
[bwa_aln_core] calculate SA coordinate... 15.25 sec
[bwa_aln_core] write to the disk... 0.03 sec
[bwa_aln_core] 4194304 sequences have been processed.
[bwa_aln_core] calculate SA coordinate... 15.21 sec
[bwa_aln_core] write to the disk... 0.02 sec
[bwa_aln_core] 4456448 sequences have been processed.
[bwa_aln_core] calculate SA coordinate... 15.26 sec
[bwa_aln_core] write to the disk... 0.02 sec
[bwa_aln_core] 4718592 sequences have been processed.
[bwa_aln_core] calculate SA coordinate... 15.24 sec
[bwa_aln_core] write to the disk... 0.03 sec
[bwa_aln_core] 4980736 sequences have been processed.
[bwa_aln_core] calculate SA coordinate... 15.22 sec
[bwa_aln_core] write to the disk... 0.03 sec
[bwa_aln_core] 5242880 sequences have been processed.
[bwa_aln_core] calculate SA coordinate... 15.83 sec
[bwa_aln_core] write to the disk... 0.01 sec
[bwa_aln_core] 5505024 sequences have been processed.
[bwa_aln_core] calculate SA coordinate... 15.15 sec
[bwa_aln_core] write to the disk... 0.03 sec
[bwa_aln_core] 5767168 sequences have been processed.
[bwa_aln_core] calculate SA coordinate... 15.17 sec
[bwa_aln_core] write to the disk... 0.02 sec
[bwa_aln_core] 6029312 sequences have been processed.
[bwa_aln_core] calculate SA coordinate... 15.14 sec
[bwa_aln_core] write to the disk... 0.02 sec
[bwa_aln_core] 6291456 sequences have been processed.
[bwa_aln_core] calculate SA coordinate... 15.18 sec
[bwa_aln_core] write to the disk... 0.02 sec
[bwa_aln_core] 6553600 sequences have been processed.
[bwa_aln_core] calculate SA coordinate... 15.27 sec
[bwa_aln_core] write to the disk... 0.02 sec
[bwa_aln_core] 6815744 sequences have been processed.
[bwa_aln_core] calculate SA coordinate... 15.23 sec
[bwa_aln_core] write to the disk... 0.03 sec
[bwa_aln_core] 7077888 sequences have been processed.
[bwa_aln_core] calculate SA coordinate... 15.17 sec
[bwa_aln_core] write to the disk... 0.02 sec
[bwa_aln_core] 7340032 sequences have been processed.
[bwa_aln_core] calculate SA coordinate... 15.23 sec
[bwa_aln_core] write to the disk... 0.02 sec
[bwa_aln_core] 7602176 sequences have been processed.
[bwa_aln_core] calculate SA coordinate... 15.60 sec
[bwa_aln_core] write to the disk... 0.02 sec
[bwa_aln_core] 7864320 sequences have been processed.
[bwa_aln_core] calculate SA coordinate... 15.13 sec
[bwa_aln_core] write to the disk... 0.03 sec
[bwa_aln_core] 8126464 sequences have been processed.
[bwa_aln_core] calculate SA coordinate... 15.09 sec
[bwa_aln_core] write to the disk... 0.02 sec
[bwa_aln_core] 8388608 sequences have been processed.
[bwa_aln_core] calculate SA coordinate... 15.27 sec
[bwa_aln_core] write to the disk... 0.03 sec
[bwa_aln_core] 8650752 sequences have been processed.
[bwa_aln_core] calculate SA coordinate... 15.18 sec
[bwa_aln_core] write to the disk... 0.03 sec
[bwa_aln_core] 8912896 sequences have been processed.
[bwa_aln_core] calculate SA coordinate... 15.19 sec
[bwa_aln_core] write to the disk... 0.02 sec
[bwa_aln_core] 9175040 sequences have been processed.
[bwa_aln_core] calculate SA coordinate... 15.19 sec
[bwa_aln_core] write to the disk... 0.03 sec
[bwa_aln_core] 9437184 sequences have been processed.
[bwa_aln_core] calculate SA coordinate... 15.20 sec
[bwa_aln_core] write to the disk... 0.02 sec
[bwa_aln_core] 9699328 sequences have been processed.
[bwa_aln_core] calculate SA coordinate... 15.19 sec
[bwa_aln_core] write to the disk... 0.03 sec
[bwa_aln_core] 9961472 sequences have been processed.
[bwa_aln_core] calculate SA coordinate... 15.19 sec
[bwa_aln_core] write to the disk... 0.02 sec
[bwa_aln_core] 10223616 sequences have been processed.
[bwa_aln_core] calculate SA coordinate... 15.17 sec
[bwa_aln_core] write to the disk... 0.01 sec
[bwa_aln_core] 10485760 sequences have been processed.
[bwa_aln_core] calculate SA coordinate... 15.14 sec
[bwa_aln_core] write to the disk... 0.02 sec
[bwa_aln_core] 10747904 sequences have been processed.
[bwa_aln_core] calculate SA coordinate... 15.17 sec
[bwa_aln_core] write to the disk... 0.02 sec
[bwa_aln_core] 11010048 sequences have been processed.
[bwa_aln_core] calculate SA coordinate... 15.22 sec
[bwa_aln_core] write to the disk... 0.02 sec
[bwa_aln_core] 11272192 sequences have been processed.
[bwa_aln_core] calculate SA coordinate... 15.19 sec
[bwa_aln_core] write to the disk... 0.03 sec
[bwa_aln_core] 11534336 sequences have been processed.
[bwa_aln_core] calculate SA coordinate... 15.20 sec
[bwa_aln_core] write to the disk... 0.03 sec
[bwa_aln_core] 11796480 sequences have been processed.
[bwa_aln_core] calculate SA coordinate... 15.22 sec
[bwa_aln_core] write to the disk... 0.02 sec
[bwa_aln_core] 12058624 sequences have been processed.
[bwa_aln_core] calculate SA coordinate... 15.22 sec
[bwa_aln_core] write to the disk... 0.02 sec
[bwa_aln_core] 12320768 sequences have been processed.
[bwa_aln_core] calculate SA coordinate... 15.19 sec
[bwa_aln_core] write to the disk... 0.02 sec
[bwa_aln_core] 12582912 sequences have been processed.
[bwa_aln_core] calculate SA coordinate... 15.18 sec
[bwa_aln_core] write to the disk... 0.03 sec
[bwa_aln_core] 12845056 sequences have been processed.
[bwa_aln_core] calculate SA coordinate... 15.22 sec
[bwa_aln_core] write to the disk... 0.03 sec
[bwa_aln_core] 13107200 sequences have been processed.
[bwa_aln_core] calculate SA coordinate... 15.23 sec
[bwa_aln_core] write to the disk... 0.02 sec
[bwa_aln_core] 13369344 sequences have been processed.
[bwa_aln_core] calculate SA coordinate... 15.30 sec
[bwa_aln_core] write to the disk... 0.03 sec
[bwa_aln_core] 13631488 sequences have been processed.
[bwa_aln_core] calculate SA coordinate... 15.28 sec
[bwa_aln_core] write to the disk... 0.01 sec
[bwa_aln_core] 13893632 sequences have been processed.
[bwa_aln_core] calculate SA coordinate... 15.26 sec
[bwa_aln_core] write to the disk... 0.02 sec
[bwa_aln_core] 14155776 sequences have been processed.
[bwa_aln_core] calculate SA coordinate... 15.21 sec
[bwa_aln_core] write to the disk... 0.02 sec
[bwa_aln_core] 14417920 sequences have been processed.
[bwa_aln_core] calculate SA coordinate... 15.27 sec
[bwa_aln_core] write to the disk... 0.03 sec
[bwa_aln_core] 14680064 sequences have been processed.
[bwa_aln_core] calculate SA coordinate... 15.32 sec
[bwa_aln_core] write to the disk... 0.02 sec
[bwa_aln_core] 14942208 sequences have been processed.
[bwa_aln_core] calculate SA coordinate... 15.24 sec
[bwa_aln_core] write to the disk... 0.03 sec
[bwa_aln_core] 15204352 sequences have been processed.
[bwa_aln_core] calculate SA coordinate... 15.26 sec
[bwa_aln_core] write to the disk... 0.02 sec
[bwa_aln_core] 15466496 sequences have been processed.
[bwa_aln_core] calculate SA coordinate... 15.33 sec
[bwa_aln_core] write to the disk... 0.03 sec
[bwa_aln_core] 15728640 sequences have been processed.
[bwa_aln_core] calculate SA coordinate... 15.36 sec
[bwa_aln_core] write to the disk... 0.01 sec
[bwa_aln_core] 15990784 sequences have been processed.
[bwa_aln_core] calculate SA coordinate... 12.74 sec
[bwa_aln_core] write to the disk... 0.02 sec
[bwa_aln_core] 16207640 sequences have been processed.
[main] Version: 0.7.15-r1140
[main] CMD: bwa aln -Y -l 32 -n 0.04 -k 2 -t 8 dm6 /home-4/xfeng17@jhu.edu/data/xfeng17/dnase/dm/oregon/ENCFF005BHD_trimmed.fastq
[main] Real time: 137.748 sec; CPU: 960.191 sec
+ bwa samse -n 10 dm6 tmp.sai /home-4/xfeng17@jhu.edu/data/xfeng17/dnase/dm/oregon/ENCFF005BHD_trimmed.fastq
[bwa_aln_core] convert to sequence coordinate... 1.70 sec
[bwa_aln_core] refine gapped alignments... 0.15 sec
[bwa_aln_core] print alignments... 0.49 sec
[bwa_aln_core] 262144 sequences have been processed.
[bwa_aln_core] convert to sequence coordinate... 1.68 sec
[bwa_aln_core] refine gapped alignments... 0.15 sec
[bwa_aln_core] print alignments... 0.48 sec
[bwa_aln_core] 524288 sequences have been processed.
[bwa_aln_core] convert to sequence coordinate... 1.67 sec
[bwa_aln_core] refine gapped alignments... 0.14 sec
[bwa_aln_core] print alignments... 0.48 sec
[bwa_aln_core] 786432 sequences have been processed.
[bwa_aln_core] convert to sequence coordinate... 1.67 sec
[bwa_aln_core] refine gapped alignments... 0.14 sec
[bwa_aln_core] print alignments... 0.48 sec
[bwa_aln_core] 1048576 sequences have been processed.
[bwa_aln_core] convert to sequence coordinate... 1.66 sec
[bwa_aln_core] refine gapped alignments... 0.14 sec
[bwa_aln_core] print alignments... 0.48 sec
[bwa_aln_core] 1310720 sequences have been processed.
[bwa_aln_core] convert to sequence coordinate... 1.66 sec
[bwa_aln_core] refine gapped alignments... 0.15 sec
[bwa_aln_core] print alignments... 0.48 sec
[bwa_aln_core] 1572864 sequences have been processed.
[bwa_aln_core] convert to sequence coordinate... 1.68 sec
[bwa_aln_core] refine gapped alignments... 0.14 sec
[bwa_aln_core] print alignments... 0.48 sec
[bwa_aln_core] 1835008 sequences have been processed.
[bwa_aln_core] convert to sequence coordinate... 1.67 sec
[bwa_aln_core] refine gapped alignments... 0.13 sec
[bwa_aln_core] print alignments... 0.49 sec
[bwa_aln_core] 2097152 sequences have been processed.
[bwa_aln_core] convert to sequence coordinate... 1.66 sec
[bwa_aln_core] refine gapped alignments... 0.14 sec
[bwa_aln_core] print alignments... 0.47 sec
[bwa_aln_core] 2359296 sequences have been processed.
[bwa_aln_core] convert to sequence coordinate... 1.67 sec
[bwa_aln_core] refine gapped alignments... 0.14 sec
[bwa_aln_core] print alignments... 0.48 sec
[bwa_aln_core] 2621440 sequences have been processed.
[bwa_aln_core] convert to sequence coordinate... 1.66 sec
[bwa_aln_core] refine gapped alignments... 0.14 sec
[bwa_aln_core] print alignments... 0.49 sec
[bwa_aln_core] 2883584 sequences have been processed.
[bwa_aln_core] convert to sequence coordinate... 1.65 sec
[bwa_aln_core] refine gapped alignments... 0.15 sec
[bwa_aln_core] print alignments... 0.48 sec
[bwa_aln_core] 3145728 sequences have been processed.
[bwa_aln_core] convert to sequence coordinate... 1.67 sec
[bwa_aln_core] refine gapped alignments... 0.15 sec
[bwa_aln_core] print alignments... 0.47 sec
[bwa_aln_core] 3407872 sequences have been processed.
[bwa_aln_core] convert to sequence coordinate... 1.67 sec
[bwa_aln_core] refine gapped alignments... 0.14 sec
[bwa_aln_core] print alignments... 0.48 sec
[bwa_aln_core] 3670016 sequences have been processed.
[bwa_aln_core] convert to sequence coordinate... 1.67 sec
[bwa_aln_core] refine gapped alignments... 0.14 sec
[bwa_aln_core] print alignments... 0.49 sec
[bwa_aln_core] 3932160 sequences have been processed.
[bwa_aln_core] convert to sequence coordinate... 1.67 sec
[bwa_aln_core] refine gapped alignments... 0.14 sec
[bwa_aln_core] print alignments... 0.48 sec
[bwa_aln_core] 4194304 sequences have been processed.
[bwa_aln_core] convert to sequence coordinate... 1.65 sec
[bwa_aln_core] refine gapped alignments... 0.15 sec
[bwa_aln_core] print alignments... 0.48 sec
[bwa_aln_core] 4456448 sequences have been processed.
[bwa_aln_core] convert to sequence coordinate... 1.65 sec
[bwa_aln_core] refine gapped alignments... 0.15 sec
[bwa_aln_core] print alignments... 0.48 sec
[bwa_aln_core] 4718592 sequences have been processed.
[bwa_aln_core] convert to sequence coordinate... 1.66 sec
[bwa_aln_core] refine gapped alignments... 0.14 sec
[bwa_aln_core] print alignments... 0.48 sec
[bwa_aln_core] 4980736 sequences have been processed.
[bwa_aln_core] convert to sequence coordinate... 1.68 sec
[bwa_aln_core] refine gapped alignments... 0.14 sec
[bwa_aln_core] print alignments... 0.48 sec
[bwa_aln_core] 5242880 sequences have been processed.
[bwa_aln_core] convert to sequence coordinate... 1.66 sec
[bwa_aln_core] refine gapped alignments... 0.14 sec
[bwa_aln_core] print alignments... 0.48 sec
[bwa_aln_core] 5505024 sequences have been processed.
[bwa_aln_core] convert to sequence coordinate... 1.66 sec
[bwa_aln_core] refine gapped alignments... 0.14 sec
[bwa_aln_core] print alignments... 0.48 sec
[bwa_aln_core] 5767168 sequences have been processed.
[bwa_aln_core] convert to sequence coordinate... 1.66 sec
[bwa_aln_core] refine gapped alignments... 0.14 sec
[bwa_aln_core] print alignments... 0.49 sec
[bwa_aln_core] 6029312 sequences have been processed.
[bwa_aln_core] convert to sequence coordinate... 1.66 sec
[bwa_aln_core] refine gapped alignments... 0.15 sec
[bwa_aln_core] print alignments... 0.47 sec
[bwa_aln_core] 6291456 sequences have been processed.
[bwa_aln_core] convert to sequence coordinate... 1.66 sec
[bwa_aln_core] refine gapped alignments... 0.15 sec
[bwa_aln_core] print alignments... 0.48 sec
[bwa_aln_core] 6553600 sequences have been processed.
[bwa_aln_core] convert to sequence coordinate... 1.68 sec
[bwa_aln_core] refine gapped alignments... 0.13 sec
[bwa_aln_core] print alignments... 0.49 sec
[bwa_aln_core] 6815744 sequences have been processed.
[bwa_aln_core] convert to sequence coordinate... 1.66 sec
[bwa_aln_core] refine gapped alignments... 0.14 sec
[bwa_aln_core] print alignments... 0.48 sec
[bwa_aln_core] 7077888 sequences have been processed.
[bwa_aln_core] convert to sequence coordinate... 1.65 sec
[bwa_aln_core] refine gapped alignments... 0.15 sec
[bwa_aln_core] print alignments... 0.47 sec
[bwa_aln_core] 7340032 sequences have been processed.
[bwa_aln_core] convert to sequence coordinate... 1.66 sec
[bwa_aln_core] refine gapped alignments... 0.14 sec
[bwa_aln_core] print alignments... 0.49 sec
[bwa_aln_core] 7602176 sequences have been processed.
[bwa_aln_core] convert to sequence coordinate... 1.67 sec
[bwa_aln_core] refine gapped alignments... 0.15 sec
[bwa_aln_core] print alignments... 0.48 sec
[bwa_aln_core] 7864320 sequences have been processed.
[bwa_aln_core] convert to sequence coordinate... 1.66 sec
[bwa_aln_core] refine gapped alignments... 0.14 sec
[bwa_aln_core] print alignments... 0.49 sec
[bwa_aln_core] 8126464 sequences have been processed.
[bwa_aln_core] convert to sequence coordinate... 1.66 sec
[bwa_aln_core] refine gapped alignments... 0.14 sec
[bwa_aln_core] print alignments... 0.48 sec
[bwa_aln_core] 8388608 sequences have been processed.
[bwa_aln_core] convert to sequence coordinate... 1.67 sec
[bwa_aln_core] refine gapped alignments... 0.13 sec
[bwa_aln_core] print alignments... 0.49 sec
[bwa_aln_core] 8650752 sequences have been processed.
[bwa_aln_core] convert to sequence coordinate... 1.66 sec
[bwa_aln_core] refine gapped alignments... 0.14 sec
[bwa_aln_core] print alignments... 0.48 sec
[bwa_aln_core] 8912896 sequences have been processed.
[bwa_aln_core] convert to sequence coordinate... 1.67 sec
[bwa_aln_core] refine gapped alignments... 0.14 sec
[bwa_aln_core] print alignments... 0.49 sec
[bwa_aln_core] 9175040 sequences have been processed.
[bwa_aln_core] convert to sequence coordinate... 1.67 sec
[bwa_aln_core] refine gapped alignments... 0.14 sec
[bwa_aln_core] print alignments... 0.49 sec
[bwa_aln_core] 9437184 sequences have been processed.
[bwa_aln_core] convert to sequence coordinate... 1.66 sec
[bwa_aln_core] refine gapped alignments... 0.14 sec
[bwa_aln_core] print alignments... 0.48 sec
[bwa_aln_core] 9699328 sequences have been processed.
[bwa_aln_core] convert to sequence coordinate... 1.66 sec
[bwa_aln_core] refine gapped alignments... 0.14 sec
[bwa_aln_core] print alignments... 0.48 sec
[bwa_aln_core] 9961472 sequences have been processed.
[bwa_aln_core] convert to sequence coordinate... 1.67 sec
[bwa_aln_core] refine gapped alignments... 0.14 sec
[bwa_aln_core] print alignments... 0.48 sec
[bwa_aln_core] 10223616 sequences have been processed.
[bwa_aln_core] convert to sequence coordinate... 1.65 sec
[bwa_aln_core] refine gapped alignments... 0.15 sec
[bwa_aln_core] print alignments... 0.48 sec
[bwa_aln_core] 10485760 sequences have been processed.
[bwa_aln_core] convert to sequence coordinate... 1.64 sec
[bwa_aln_core] refine gapped alignments... 0.14 sec
[bwa_aln_core] print alignments... 0.48 sec
[bwa_aln_core] 10747904 sequences have been processed.
[bwa_aln_core] convert to sequence coordinate... 1.64 sec
[bwa_aln_core] refine gapped alignments... 0.15 sec
[bwa_aln_core] print alignments... 0.47 sec
[bwa_aln_core] 11010048 sequences have been processed.
[bwa_aln_core] convert to sequence coordinate... 1.65 sec
[bwa_aln_core] refine gapped alignments... 0.15 sec
[bwa_aln_core] print alignments... 0.47 sec
[bwa_aln_core] 11272192 sequences have been processed.
[bwa_aln_core] convert to sequence coordinate... 1.66 sec
[bwa_aln_core] refine gapped alignments... 0.14 sec
[bwa_aln_core] print alignments... 0.47 sec
[bwa_aln_core] 11534336 sequences have been processed.
[bwa_aln_core] convert to sequence coordinate... 1.68 sec
[bwa_aln_core] refine gapped alignments... 0.14 sec
[bwa_aln_core] print alignments... 0.48 sec
[bwa_aln_core] 11796480 sequences have been processed.
[bwa_aln_core] convert to sequence coordinate... 1.65 sec
[bwa_aln_core] refine gapped alignments... 0.15 sec
[bwa_aln_core] print alignments... 0.47 sec
[bwa_aln_core] 12058624 sequences have been processed.
[bwa_aln_core] convert to sequence coordinate... 1.65 sec
[bwa_aln_core] refine gapped alignments... 0.15 sec
[bwa_aln_core] print alignments... 0.47 sec
[bwa_aln_core] 12320768 sequences have been processed.
[bwa_aln_core] convert to sequence coordinate... 1.65 sec
[bwa_aln_core] refine gapped alignments... 0.14 sec
[bwa_aln_core] print alignments... 0.48 sec
[bwa_aln_core] 12582912 sequences have been processed.
[bwa_aln_core] convert to sequence coordinate... 1.66 sec
[bwa_aln_core] refine gapped alignments... 0.14 sec
[bwa_aln_core] print alignments... 0.47 sec
[bwa_aln_core] 12845056 sequences have been processed.
[bwa_aln_core] convert to sequence coordinate... 1.65 sec
[bwa_aln_core] refine gapped alignments... 0.13 sec
[bwa_aln_core] print alignments... 0.48 sec
[bwa_aln_core] 13107200 sequences have been processed.
[bwa_aln_core] convert to sequence coordinate... 1.65 sec
[bwa_aln_core] refine gapped alignments... 0.15 sec
[bwa_aln_core] print alignments... 0.48 sec
[bwa_aln_core] 13369344 sequences have been processed.
[bwa_aln_core] convert to sequence coordinate... 1.65 sec
[bwa_aln_core] refine gapped alignments... 0.14 sec
[bwa_aln_core] print alignments... 0.48 sec
[bwa_aln_core] 13631488 sequences have been processed.
[bwa_aln_core] convert to sequence coordinate... 1.65 sec
[bwa_aln_core] refine gapped alignments... 0.14 sec
[bwa_aln_core] print alignments... 0.48 sec
[bwa_aln_core] 13893632 sequences have been processed.
[bwa_aln_core] convert to sequence coordinate... 1.65 sec
[bwa_aln_core] refine gapped alignments... 0.14 sec
[bwa_aln_core] print alignments... 0.49 sec
[bwa_aln_core] 14155776 sequences have been processed.
[bwa_aln_core] convert to sequence coordinate... 1.65 sec
[bwa_aln_core] refine gapped alignments... 0.14 sec
[bwa_aln_core] print alignments... 0.48 sec
[bwa_aln_core] 14417920 sequences have been processed.
[bwa_aln_core] convert to sequence coordinate... 1.65 sec
[bwa_aln_core] refine gapped alignments... 0.14 sec
[bwa_aln_core] print alignments... 0.48 sec
[bwa_aln_core] 14680064 sequences have been processed.
[bwa_aln_core] convert to sequence coordinate... 1.65 sec
[bwa_aln_core] refine gapped alignments... 0.13 sec
[bwa_aln_core] print alignments... 0.49 sec
[bwa_aln_core] 14942208 sequences have been processed.
[bwa_aln_core] convert to sequence coordinate... 1.65 sec
[bwa_aln_core] refine gapped alignments... 0.14 sec
[bwa_aln_core] print alignments... 0.47 sec
[bwa_aln_core] 15204352 sequences have been processed.
[bwa_aln_core] convert to sequence coordinate... 1.65 sec
[bwa_aln_core] refine gapped alignments... 0.14 sec
[bwa_aln_core] print alignments... 0.48 sec
[bwa_aln_core] 15466496 sequences have been processed.
[bwa_aln_core] convert to sequence coordinate... 1.64 sec
[bwa_aln_core] refine gapped alignments... 0.14 sec
[bwa_aln_core] print alignments... 0.49 sec
[bwa_aln_core] 15728640 sequences have been processed.
[bwa_aln_core] convert to sequence coordinate... 1.64 sec
[bwa_aln_core] refine gapped alignments... 0.14 sec
[bwa_aln_core] print alignments... 0.48 sec
[bwa_aln_core] 15990784 sequences have been processed.
[bwa_aln_core] convert to sequence coordinate... 1.39 sec
[bwa_aln_core] refine gapped alignments... 0.12 sec
[bwa_aln_core] print alignments... 0.40 sec
[bwa_aln_core] 16207640 sequences have been processed.
[main] Version: 0.7.15-r1140
[main] CMD: bwa samse -n 10 dm6 tmp.sai /home-4/xfeng17@jhu.edu/data/xfeng17/dnase/dm/oregon/ENCFF005BHD_trimmed.fastq
[main] Real time: 155.131 sec; CPU: 153.611 sec
+ samtools view -Shb tmp_se.sam
+ samtools sort -@ 8 -m 4G -f tmp.bam /home-4/xfeng17@jhu.edu/data/xfeng17/dnase/dm/oregon/ENCFF005BHD_trimmed.bam
sort: invalid option -- 'f'
Usage: samtools sort [options...] [in.bam]
Options:
  -l INT     Set compression level, from 0 (uncompressed) to 9 (best)
  -m INT     Set maximum memory per thread; suffix K/M/G recognized [768M]
  -n         Sort by read name
  -t TAG     Sort by value of TAG. Uses position as secondary index (or read name if -n is set)
  -o FILE    Write final output to FILE rather than standard output
  -T PREFIX  Write temporary files to PREFIX.nnnn.bam
      --input-fmt-option OPT[=VAL]
               Specify a single input file format option in the form
               of OPTION or OPTION=VALUE
  -O, --output-fmt FORMAT[,OPT[=VAL]]...
               Specify output format (SAM, BAM, CRAM)
      --output-fmt-option OPT[=VAL]
               Specify a single output file format option in the form
               of OPTION or OPTION=VALUE
      --reference FILE
               Reference sequence FASTA FILE [null]
  -@, --threads INT
               Number of additional threads to use [0]
Done
