Running fimo...
Using motif +MA1134.1 of width 12.
Using motif -MA1134.1 of width 12.
Computing q-values.
Estimating pi_0 from a uniformly sampled set of 10000 p-values.
Estimating pi_0.
Estimated pi_0=1
Using motif +MA1135.1 of width 10.
Using motif -MA1135.1 of width 10.
Computing q-values.
Estimating pi_0 from a uniformly sampled set of 10000 p-values.
Estimating pi_0.
Estimated pi_0=1
Using motif +MA1136.1 of width 10.
Using motif -MA1136.1 of width 10.
Computing q-values.
Estimating pi_0 from a uniformly sampled set of 10000 p-values.
Estimating pi_0.
Estimated pi_0=0.982735
Using motif +MA1137.1 of width 13.
Using motif -MA1137.1 of width 13.
Computing q-values.
Estimating pi_0 from a uniformly sampled set of 10000 p-values.
Estimating pi_0.
Estimated pi_0=1
Using motif +MA1138.1 of width 10.
Using motif -MA1138.1 of width 10.
Computing q-values.
Estimating pi_0 from a uniformly sampled set of 10000 p-values.
Estimating pi_0.
Estimated pi_0=1
Using motif +MA1139.1 of width 12.
Using motif -MA1139.1 of width 12.
Computing q-values.
Estimating pi_0 from a uniformly sampled set of 10000 p-values.
Estimating pi_0.
Estimated pi_0=1
Using motif +MA1140.1 of width 10.
Using motif -MA1140.1 of width 10.
Computing q-values.
Estimating pi_0 from a uniformly sampled set of 10000 p-values.
Estimating pi_0.
Estimated pi_0=1
Using motif +MA1141.1 of width 13.
Using motif -MA1141.1 of width 13.
Computing q-values.
Estimating pi_0 from a uniformly sampled set of 10000 p-values.
Estimating pi_0.
Estimated pi_0=1
Using motif +MA0057.1 of width 10.
Using motif -MA0057.1 of width 10.
Computing q-values.
Estimating pi_0 from a uniformly sampled set of 10000 p-values.
Estimating pi_0.
Estimated pi_0=0.973372
Using motif +MA0056.1 of width 6.
Using motif -MA0056.1 of width 6.
Computing q-values.
Using motif +MA0059.1 of width 11.
Using motif -MA0059.1 of width 11.
Computing q-values.
Estimating pi_0 from a uniformly sampled set of 10000 p-values.
Estimating pi_0.
Estimated pi_0=0.999095
Using motif +MA0703.1 of width 8.
Using motif -MA0703.1 of width 8.
Computing q-values.
Estimating pi_0 from a uniformly sampled set of 10000 p-values.
Estimating pi_0.
Estimated pi_0=1
Using motif +MA0122.2 of width 9.
Using motif -MA0122.2 of width 9.
Computing q-values.
Estimating pi_0 from a uniformly sampled set of 10000 p-values.
Estimating pi_0.
Estimated pi_0=1
Using motif +MA0052.1 of width 10.
Using motif -MA0052.1 of width 10.
Computing q-values.
Estimating pi_0 from a uniformly sampled set of 10000 p-values.
Estimating pi_0.
Estimated pi_0=1
Using motif +MA0708.1 of width 8.
Using motif -MA0708.1 of width 8.
Computing q-values.
Estimating pi_0 from a uniformly sampled set of 10000 p-values.
Estimating pi_0.
Estimated pi_0=1
Using motif +MA0707.1 of width 10.
Using motif -MA0707.1 of width 10.
Computing q-values.
Estimating pi_0 from a uniformly sampled set of 10000 p-values.
Estimating pi_0.
Estimated pi_0=1
Using motif +MA0148.2 of width 11.
Using motif -MA0148.2 of width 11.
Computing q-values.
Estimating pi_0 from a uniformly sampled set of 10000 p-values.
Estimating pi_0.
Estimated pi_0=1
Using motif +MA0462.1 of width 11.
Using motif -MA0462.1 of width 11.
Computing q-values.
Estimating pi_0 from a uniformly sampled set of 10000 p-values.
Estimating pi_0.
Estimated pi_0=1
Using motif +MA0465.1 of width 11.
Using motif -MA0465.1 of width 11.
Computing q-values.
Estimating pi_0 from a uniformly sampled set of 10000 p-values.
Estimating pi_0.
Estimated pi_0=1
Using motif +MA0466.1 of width 11.
Using motif -MA0466.1 of width 11.
Computing q-values.
Estimating pi_0 from a uniformly sampled set of 10000 p-values.
Estimating pi_0.
Estimated pi_0=1
Using motif +MA0468.1 of width 11.
Using motif -MA0468.1 of width 11.
Computing q-values.
Estimating pi_0 from a uniformly sampled set of 10000 p-values.
Estimating pi_0.
Estimated pi_0=1
Using motif +MA0765.1 of width 10.
Using motif -MA0765.1 of width 10.
Computing q-values.
Estimating pi_0 from a uniformly sampled set of 10000 p-values.
Estimating pi_0.
Estimated pi_0=0.972849
Using motif +MA0764.1 of width 10.
Using motif -MA0764.1 of width 10.
Computing q-values.
Estimating pi_0 from a uniformly sampled set of 10000 p-values.
Estimating pi_0.
Estimated pi_0=0.934653
Using motif +MA0763.1 of width 10.
Using motif -MA0763.1 of width 10.
Computing q-values.
Estimating pi_0 from a uniformly sampled set of 10000 p-values.
Estimating pi_0.
Estimated pi_0=1
Using motif +MA0762.1 of width 11.
Using motif -MA0762.1 of width 11.
Computing q-values.
Estimating pi_0 from a uniformly sampled set of 10000 p-values.
Estimating pi_0.
Estimated pi_0=0.945179
Using motif +MA0761.1 of width 10.
Using motif -MA0761.1 of width 10.
Computing q-values.
Estimating pi_0 from a uniformly sampled set of 10000 p-values.
Estimating pi_0.
Estimated pi_0=0.934902
Using motif +MA0098.3 of width 10.
Using motif -MA0098.3 of width 10.
Computing q-values.
Estimating pi_0 from a uniformly sampled set of 10000 p-values.
Estimating pi_0.
Estimated pi_0=0.9194
Using motif +MA0474.2 of width 10.
Using motif -MA0474.2 of width 10.
Computing q-values.
Estimating pi_0 from a uniformly sampled set of 10000 p-values.
Estimating pi_0.
Estimated pi_0=0.985506
Using motif +MA0760.1 of width 10.
Using motif -MA0760.1 of width 10.
Computing q-values.
Estimating pi_0 from a uniformly sampled set of 10000 p-values.
Estimating pi_0.
Estimated pi_0=0.908235
Using motif +MA0766.1 of width 8.
Using motif -MA0766.1 of width 8.
Computing q-values.
Estimating pi_0 from a uniformly sampled set of 10000 p-values.
Estimating pi_0.
Estimated pi_0=1
Using motif +MA0156.2 of width 10.
Using motif -MA0156.2 of width 10.
Computing q-values.
Estimating pi_0 from a uniformly sampled set of 10000 p-values.
Estimating pi_0.
Estimated pi_0=0.981446
Using motif +MA0641.1 of width 12.
Using motif -MA0641.1 of width 12.
Computing q-values.
Estimating pi_0 from a uniformly sampled set of 10000 p-values.
Estimating pi_0.
Estimated pi_0=0.950252
Using motif +MA0136.2 of width 11.
Using motif -MA0136.2 of width 11.
Computing q-values.
Estimating pi_0 from a uniformly sampled set of 10000 p-values.
Estimating pi_0.
Estimated pi_0=0.998071
Using motif +MA0639.1 of width 12.
Using motif -MA0639.1 of width 12.
Computing q-values.
Estimating pi_0 from a uniformly sampled set of 10000 p-values.
Estimating pi_0.
Estimated pi_0=1
Using motif +MA0154.3 of width 14.
Using motif -MA0154.3 of width 14.
Computing q-values.
Estimating pi_0 from a uniformly sampled set of 10000 p-values.
Estimating pi_0.
Estimated pi_0=0.940769
Using motif +MA0598.2 of width 12.
Using motif -MA0598.2 of width 12.
Computing q-values.
Estimating pi_0 from a uniformly sampled set of 10000 p-values.
Estimating pi_0.
Estimated pi_0=0.934355
Using motif +MA0640.1 of width 13.
Using motif -MA0640.1 of width 13.
Computing q-values.
Estimating pi_0 from a uniformly sampled set of 10000 p-values.
Estimating pi_0.
Estimated pi_0=0.993264
Using motif +MA0635.1 of width 10.
Using motif -MA0635.1 of width 10.
Computing q-values.
Estimating pi_0 from a uniformly sampled set of 10000 p-values.
Estimating pi_0.
Estimated pi_0=1
Using motif +MA0636.1 of width 10.
Using motif -MA0636.1 of width 10.
Computing q-values.
Estimating pi_0 from a uniformly sampled set of 10000 p-values.
Estimating pi_0.
Estimated pi_0=0.8475
Using motif +MA0637.1 of width 15.
Using motif -MA0637.1 of width 15.
Computing q-values.
Estimating pi_0 from a uniformly sampled set of 10000 p-values.
Estimating pi_0.
Estimated pi_0=0.982564
Using motif +MA0638.1 of width 14.
Using motif -MA0638.1 of width 14.
Computing q-values.
Estimating pi_0 from a uniformly sampled set of 10000 p-values.
Estimating pi_0.
Estimated pi_0=1
Using motif +MA0914.1 of width 8.
Using motif -MA0914.1 of width 8.
Computing q-values.
Estimating pi_0 from a uniformly sampled set of 10000 p-values.
Estimating pi_0.
Estimated pi_0=1
Using motif +MA0909.1 of width 10.
Using motif -MA0909.1 of width 10.
Computing q-values.
Estimating pi_0 from a uniformly sampled set of 10000 p-values.
Estimating pi_0.
Estimated pi_0=1
Using motif +MA0908.1 of width 10.
Using motif -MA0908.1 of width 10.
Computing q-values.
Estimating pi_0 from a uniformly sampled set of 10000 p-values.
Estimating pi_0.
Estimated pi_0=1
Using motif +MA0030.1 of width 14.
Using motif -MA0030.1 of width 14.
Computing q-values.
Estimating pi_0 from a uniformly sampled set of 10000 p-values.
Estimating pi_0.
Estimated pi_0=1
Using motif +MA0031.1 of width 8.
Using motif -MA0031.1 of width 8.
Computing q-values.
Estimating pi_0 from a uniformly sampled set of 10000 p-values.
Estimating pi_0.
Estimated pi_0=1
Using motif +MA0028.1 of width 10.
Using motif -MA0028.1 of width 10.
Computing q-values.
Estimating pi_0 from a uniformly sampled set of 10000 p-values.
Estimating pi_0.
Estimated pi_0=0.997677
Using motif +MA0024.1 of width 8.
Using motif -MA0024.1 of width 8.
Computing q-values.
Estimating pi_0 from a uniformly sampled set of 10000 p-values.
Estimating pi_0.
Estimated pi_0=0.8458
Using motif +MA0025.1 of width 11.
Using motif -MA0025.1 of width 11.
Computing q-values.
Estimating pi_0 from a uniformly sampled set of 10000 p-values.
Estimating pi_0.
Estimated pi_0=1
Using motif +MA0710.1 of width 10.
Using motif -MA0710.1 of width 10.
Computing q-values.
Estimating pi_0 from a uniformly sampled set of 10000 p-values.
Estimating pi_0.
Estimated pi_0=1
Using motif +MA0105.1 of width 10.
Using motif -MA0105.1 of width 10.
Computing q-values.
Estimating pi_0 from a uniformly sampled set of 10000 p-values.
Estimating pi_0.
Estimated pi_0=0.961455
Using motif +MA0060.1 of width 16.
Using motif -MA0060.1 of width 16.
Computing q-values.
Estimating pi_0 from a uniformly sampled set of 10000 p-values.
Estimating pi_0.
Estimated pi_0=0.956699
Using motif +MA0796.1 of width 12.
Using motif -MA0796.1 of width 12.
Computing q-values.
Estimating pi_0 from a uniformly sampled set of 10000 p-values.
Estimating pi_0.
Estimated pi_0=0.982517
Using motif +MA0795.1 of width 10.
Using motif -MA0795.1 of width 10.
Computing q-values.
Estimating pi_0 from a uniformly sampled set of 10000 p-values.
Estimating pi_0.
Estimated pi_0=0.905981
Using motif +MA0600.2 of width 16.
Using motif -MA0600.2 of width 16.
Computing q-values.
Estimating pi_0 from a uniformly sampled set of 10000 p-values.
Estimating pi_0.
Estimated pi_0=1
Using motif +MA0794.1 of width 12.
Using motif -MA0794.1 of width 12.
Computing q-values.
Estimating pi_0 from a uniformly sampled set of 10000 p-values.
Estimating pi_0.
Estimated pi_0=1
Using motif +MA0510.2 of width 16.
Using motif -MA0510.2 of width 16.
Computing q-values.
Estimating pi_0 from a uniformly sampled set of 10000 p-values.
Estimating pi_0.
Estimated pi_0=1
Using motif +MA0799.1 of width 16.
Using motif -MA0799.1 of width 16.
Computing q-values.
Estimating pi_0 from a uniformly sampled set of 10000 p-values.
Estimating pi_0.
Estimated pi_0=1
Using motif +MA0798.1 of width 16.
Using motif -MA0798.1 of width 16.
Computing q-values.
Estimating pi_0 from a uniformly sampled set of 10000 p-values.
Estimating pi_0.
Estimated pi_0=1
Using motif +MA0797.1 of width 12.
Using motif -MA0797.1 of width 12.
Computing q-values.
Estimating pi_0 from a uniformly sampled set of 10000 p-values.
Estimating pi_0.
Estimated pi_0=0.995816
Using motif +MA0800.1 of width 13.
Using motif -MA0800.1 of width 13.
Computing q-values.
Estimating pi_0 from a uniformly sampled set of 10000 p-values.
Estimating pi_0.
Estimated pi_0=0.998485
Using motif +MA0511.2 of width 9.
Using motif -MA0511.2 of width 9.
Computing q-values.
Estimating pi_0 from a uniformly sampled set of 10000 p-values.
Estimating pi_0.
Estimated pi_0=0.898015
Using motif +MA0868.1 of width 16.
Using motif -MA0868.1 of width 16.
Computing q-values.
Estimating pi_0 from a uniformly sampled set of 10000 p-values.
Estimating pi_0.
Estimated pi_0=1
Using motif +MA1142.1 of width 10.
Using motif -MA1142.1 of width 10.
Computing q-values.
Estimating pi_0 from a uniformly sampled set of 10000 p-values.
Estimating pi_0.
Estimated pi_0=1
Using motif +MA0867.1 of width 16.
Using motif -MA0867.1 of width 16.
Computing q-values.
Estimating pi_0 from a uniformly sampled set of 10000 p-values.
Estimating pi_0.
Estimated pi_0=1
Using motif +MA1143.1 of width 10.
Using motif -MA1143.1 of width 10.
Computing q-values.
Estimating pi_0 from a uniformly sampled set of 10000 p-values.
Estimating pi_0.
Estimated pi_0=1
Using motif +MA0517.1 of width 15.
Using motif -MA0517.1 of width 15.
Computing q-values.
Estimating pi_0 from a uniformly sampled set of 10000 p-values.
Estimating pi_0.
Estimated pi_0=0.999196
Using motif +MA0516.1 of width 15.
Using motif -MA0516.1 of width 15.
Warning: Reached max stored scores (100000).
Motif matches with p-value >= 2.6e-05 have been dropped to reclaim memory.
Computing q-values.
Estimating pi_0 from a uniformly sampled set of 10000 p-values.
Estimating pi_0.
Estimated pi_0=0.908077
Using motif +MA0513.1 of width 13.
Using motif -MA0513.1 of width 13.
Computing q-values.
Estimating pi_0 from a uniformly sampled set of 10000 p-values.
Estimating pi_0.
Estimated pi_0=0.874727
Using motif +MA0511.1 of width 15.
Using motif -MA0511.1 of width 15.
Computing q-values.
Estimating pi_0 from a uniformly sampled set of 10000 p-values.
Estimating pi_0.
Estimated pi_0=0.956753
Using motif +MA0510.1 of width 15.
Using motif -MA0510.1 of width 15.
Computing q-values.
Estimating pi_0 from a uniformly sampled set of 10000 p-values.
Estimating pi_0.
Estimated pi_0=0.942763
Using motif +MA0058.1 of width 10.
Using motif -MA0058.1 of width 10.
Computing q-values.
Estimating pi_0 from a uniformly sampled set of 10000 p-values.
Estimating pi_0.
Estimated pi_0=0.928364
Using motif +MA0060.3 of width 11.
Using motif -MA0060.3 of width 11.
Computing q-values.
Estimating pi_0 from a uniformly sampled set of 10000 p-values.
Estimating pi_0.
Estimated pi_0=0.976719
Using motif +MA0863.1 of width 14.
Using motif -MA0863.1 of width 14.
Computing q-values.
Estimating pi_0 from a uniformly sampled set of 10000 p-values.
Estimating pi_0.
Estimated pi_0=0.941774
Using motif +MA1111.1 of width 11.
Using motif -MA1111.1 of width 11.
Computing q-values.
Estimating pi_0 from a uniformly sampled set of 10000 p-values.
Estimating pi_0.
Estimated pi_0=1
Using motif +MA1112.1 of width 10.
Using motif -MA1112.1 of width 10.
Computing q-values.
Estimating pi_0 from a uniformly sampled set of 10000 p-values.
Estimating pi_0.
Estimated pi_0=1
Using motif +MA0634.1 of width 10.
Using motif -MA0634.1 of width 10.
Computing q-values.
Estimating pi_0 from a uniformly sampled set of 10000 p-values.
Estimating pi_0.
Estimated pi_0=1
Using motif +MA0104.4 of width 12.
Using motif -MA0104.4 of width 12.
Computing q-values.
Estimating pi_0 from a uniformly sampled set of 10000 p-values.
Estimating pi_0.
Estimated pi_0=0.84243
Using motif +MA1109.1 of width 13.
Using motif -MA1109.1 of width 13.
Computing q-values.
Estimating pi_0 from a uniformly sampled set of 10000 p-values.
Estimating pi_0.
Estimated pi_0=0.948322
Using motif +MA0907.1 of width 11.
Using motif -MA0907.1 of width 11.
Computing q-values.
Estimating pi_0 from a uniformly sampled set of 10000 p-values.
Estimating pi_0.
Estimated pi_0=1
Using motif +MA0630.1 of width 8.
Using motif -MA0630.1 of width 8.
Computing q-values.
Estimating pi_0 from a uniformly sampled set of 10000 p-values.
Estimating pi_0.
Estimated pi_0=1
Using motif +MA0095.1 of width 6.
Using motif -MA0095.1 of width 6.
Computing q-values.
Using motif +MA0093.1 of width 7.
Using motif -MA0093.1 of width 7.
Computing q-values.
Estimating pi_0 from a uniformly sampled set of 10000 p-values.
Estimating pi_0.
Estimated pi_0=0.94127
Using motif +MA0098.1 of width 6.
Using motif -MA0098.1 of width 6.
Computing q-values.
Using motif +MA1113.1 of width 12.
Using motif -MA1113.1 of width 12.
Computing q-values.
Estimating pi_0 from a uniformly sampled set of 10000 p-values.
Estimating pi_0.
Estimated pi_0=0.991758
Using motif +MA0628.1 of width 10.
Using motif -MA0628.1 of width 10.
Computing q-values.
Estimating pi_0 from a uniformly sampled set of 10000 p-values.
Estimating pi_0.
Estimated pi_0=1
Using motif +MA0661.1 of width 10.
Using motif -MA0661.1 of width 10.
Computing q-values.
Estimating pi_0 from a uniformly sampled set of 10000 p-values.
Estimating pi_0.
Estimated pi_0=1
Using motif +MA0662.1 of width 10.
Using motif -MA0662.1 of width 10.
Computing q-values.
Estimating pi_0 from a uniformly sampled set of 10000 p-values.
Estimating pi_0.
Estimated pi_0=1
Using motif +MA0663.1 of width 10.
Using motif -MA0663.1 of width 10.
Computing q-values.
Estimating pi_0 from a uniformly sampled set of 10000 p-values.
Estimating pi_0.
Estimated pi_0=0.972035
Using motif +MA0664.1 of width 10.
Using motif -MA0664.1 of width 10.
Computing q-values.
Estimating pi_0 from a uniformly sampled set of 10000 p-values.
Estimating pi_0.
Estimated pi_0=0.91104
Using motif +MA0665.1 of width 10.
Using motif -MA0665.1 of width 10.
Computing q-values.
Estimating pi_0 from a uniformly sampled set of 10000 p-values.
Estimating pi_0.
Estimated pi_0=0.921565
Using motif +MA0666.1 of width 8.
Using motif -MA0666.1 of width 8.
Computing q-values.
Estimating pi_0 from a uniformly sampled set of 10000 p-values.
Estimating pi_0.
Estimated pi_0=1
Using motif +MA0667.1 of width 10.
Using motif -MA0667.1 of width 10.
Computing q-values.
Estimating pi_0 from a uniformly sampled set of 10000 p-values.
Estimating pi_0.
Estimated pi_0=0.949929
Using motif +MA0668.1 of width 10.
Using motif -MA0668.1 of width 10.
Computing q-values.
Estimating pi_0 from a uniformly sampled set of 10000 p-values.
Estimating pi_0.
Estimated pi_0=0.907921
Using motif +MA0669.1 of width 10.
Using motif -MA0669.1 of width 10.
Computing q-values.
Estimating pi_0 from a uniformly sampled set of 10000 p-values.
Estimating pi_0.
Estimated pi_0=0.957913
Using motif +MA0670.1 of width 10.
Using motif -MA0670.1 of width 10.
Computing q-values.
Estimating pi_0 from a uniformly sampled set of 10000 p-values.
Estimating pi_0.
Estimated pi_0=0.963609
Using motif +MA0671.1 of width 9.
Using motif -MA0671.1 of width 9.
Computing q-values.
Estimating pi_0 from a uniformly sampled set of 10000 p-values.
Estimating pi_0.
Estimated pi_0=0.883883
Using motif +MA0660.1 of width 12.
Using motif -MA0660.1 of width 12.
Computing q-values.
Estimating pi_0 from a uniformly sampled set of 10000 p-values.
Estimating pi_0.
Estimated pi_0=1
Using motif +MA0693.2 of width 8.
Using motif -MA0693.2 of width 8.
Computing q-values.
Estimating pi_0 from a uniformly sampled set of 10000 p-values.
Estimating pi_0.
Estimated pi_0=0.999698
Using motif +MA0657.1 of width 18.
Using motif -MA0657.1 of width 18.
Computing q-values.
Estimating pi_0 from a uniformly sampled set of 10000 p-values.
Estimating pi_0.
Estimated pi_0=0.982826
Using motif +MA0656.1 of width 12.
Using motif -MA0656.1 of width 12.
Computing q-values.
Estimating pi_0 from a uniformly sampled set of 10000 p-values.
Estimating pi_0.
Estimated pi_0=1
Using motif +MA0659.1 of width 21.
Using motif -MA0659.1 of width 21.
Computing q-values.
Estimating pi_0 from a uniformly sampled set of 10000 p-values.
Estimating pi_0.
Estimated pi_0=0.998693
Using motif +MA0658.1 of width 10.
Using motif -MA0658.1 of width 10.
Computing q-values.
Estimating pi_0 from a uniformly sampled set of 10000 p-values.
Estimating pi_0.
Estimated pi_0=0.969412
Using motif +MA0653.1 of width 15.
Using motif -MA0653.1 of width 15.
Computing q-values.
Estimating pi_0 from a uniformly sampled set of 10000 p-values.
Estimating pi_0.
Estimated pi_0=1
Using motif +MA0652.1 of width 14.
Using motif -MA0652.1 of width 14.
Computing q-values.
Estimating pi_0 from a uniformly sampled set of 10000 p-values.
Estimating pi_0.
Estimated pi_0=1
Using motif +MA0655.1 of width 9.
Using motif -MA0655.1 of width 9.
Computing q-values.
Estimating pi_0 from a uniformly sampled set of 10000 p-values.
Estimating pi_0.
Estimated pi_0=1
Using motif +MA0654.1 of width 8.
Using motif -MA0654.1 of width 8.
Computing q-values.
Estimating pi_0 from a uniformly sampled set of 10000 p-values.
Estimating pi_0.
Estimated pi_0=1
Using motif +MA0737.1 of width 14.
Using motif -MA0737.1 of width 14.
Computing q-values.
Estimating pi_0 from a uniformly sampled set of 10000 p-values.
Estimating pi_0.
Estimated pi_0=0.890333
Using motif +MA0738.1 of width 9.
Using motif -MA0738.1 of width 9.
Computing q-values.
Estimating pi_0 from a uniformly sampled set of 10000 p-values.
Estimating pi_0.
Estimated pi_0=0.971921
Using motif +MA0740.1 of width 14.
Using motif -MA0740.1 of width 14.
Computing q-values.
Estimating pi_0 from a uniformly sampled set of 10000 p-values.
Estimating pi_0.
Estimated pi_0=0.853962
Using motif +MA0733.1 of width 16.
Using motif -MA0733.1 of width 16.
Computing q-values.
Estimating pi_0 from a uniformly sampled set of 10000 p-values.
Estimating pi_0.
Estimated pi_0=0.803509
Using motif +MA0734.1 of width 12.
Using motif -MA0734.1 of width 12.
Computing q-values.
Estimating pi_0 from a uniformly sampled set of 10000 p-values.
Estimating pi_0.
Estimated pi_0=0.853636
Using motif +MA0735.1 of width 16.
Using motif -MA0735.1 of width 16.
Computing q-values.
Estimating pi_0 from a uniformly sampled set of 10000 p-values.
Estimating pi_0.
Estimated pi_0=0.869109
Using motif +MA0736.1 of width 14.
Using motif -MA0736.1 of width 14.
Computing q-values.
Estimating pi_0 from a uniformly sampled set of 10000 p-values.
Estimating pi_0.
Estimated pi_0=0.915976
Using motif +MA0831.1 of width 10.
Using motif -MA0831.1 of width 10.
Computing q-values.
Estimating pi_0 from a uniformly sampled set of 10000 p-values.
Estimating pi_0.
Estimated pi_0=0.818148
Using motif +MA0830.1 of width 10.
Using motif -MA0830.1 of width 10.
Computing q-values.
Estimating pi_0 from a uniformly sampled set of 10000 p-values.
Estimating pi_0.
Estimated pi_0=0.977363
Using motif +MA0522.2 of width 10.
Using motif -MA0522.2 of width 10.
Computing q-values.
Estimating pi_0 from a uniformly sampled set of 10000 p-values.
Estimating pi_0.
Estimated pi_0=0.871532
Using motif +MA0828.1 of width 10.
Using motif -MA0828.1 of width 10.
Computing q-values.
Estimating pi_0 from a uniformly sampled set of 10000 p-values.
Estimating pi_0.
Estimated pi_0=0.9255
Using motif +MA0827.1 of width 10.
Using motif -MA0827.1 of width 10.
Computing q-values.
Estimating pi_0 from a uniformly sampled set of 10000 p-values.
Estimating pi_0.
Estimated pi_0=0.978554
Using motif +MA0826.1 of width 10.
Using motif -MA0826.1 of width 10.
Computing q-values.
Estimating pi_0 from a uniformly sampled set of 10000 p-values.
Estimating pi_0.
Estimated pi_0=0.994866
Using motif +MA0834.1 of width 14.
Using motif -MA0834.1 of width 14.
Computing q-values.
Estimating pi_0 from a uniformly sampled set of 10000 p-values.
Estimating pi_0.
Estimated pi_0=1
Using motif +MA0833.1 of width 13.
Using motif -MA0833.1 of width 13.
Computing q-values.
Estimating pi_0 from a uniformly sampled set of 10000 p-values.
Estimating pi_0.
Estimated pi_0=1
Using motif +MA0138.1 of width 19.
Using motif -MA0138.1 of width 19.
Computing q-values.
Estimating pi_0 from a uniformly sampled set of 10000 p-values.
Estimating pi_0.
Estimated pi_0=0.868966
Using motif +MA0139.1 of width 19.
Using motif -MA0139.1 of width 19.
Computing q-values.
Estimating pi_0 from a uniformly sampled set of 10000 p-values.
Estimating pi_0.
Estimated pi_0=0.954138
Using motif +MA0137.1 of width 14.
Using motif -MA0137.1 of width 14.
Computing q-values.
Estimating pi_0 from a uniformly sampled set of 10000 p-values.
Estimating pi_0.
Estimated pi_0=0.999799
Using motif +MA0131.1 of width 10.
Using motif -MA0131.1 of width 10.
Computing q-values.
Estimating pi_0 from a uniformly sampled set of 10000 p-values.
Estimating pi_0.
Estimated pi_0=0.932642
Using motif +MA0052.2 of width 15.
Using motif -MA0052.2 of width 15.
Computing q-values.
Estimating pi_0 from a uniformly sampled set of 10000 p-values.
Estimating pi_0.
Estimated pi_0=1
Using motif +MA0037.2 of width 8.
Using motif -MA0037.2 of width 8.
Computing q-values.
Estimating pi_0 from a uniformly sampled set of 10000 p-values.
Estimating pi_0.
Estimated pi_0=1
Using motif +MA0114.2 of width 15.
Using motif -MA0114.2 of width 15.
Computing q-values.
Estimating pi_0 from a uniformly sampled set of 10000 p-values.
Estimating pi_0.
Estimated pi_0=0.972514
Using motif +MA0050.2 of width 21.
Using motif -MA0050.2 of width 21.
Computing q-values.
Estimating pi_0 from a uniformly sampled set of 10000 p-values.
Estimating pi_0.
Estimated pi_0=0.998191
Using motif +MA0058.2 of width 10.
Using motif -MA0058.2 of width 10.
Computing q-values.
Estimating pi_0 from a uniformly sampled set of 10000 p-values.
Estimating pi_0.
Estimated pi_0=0.965357
Using motif +MA0741.1 of width 11.
Using motif -MA0741.1 of width 11.
Computing q-values.
Estimating pi_0 from a uniformly sampled set of 10000 p-values.
Estimating pi_0.
Estimated pi_0=0.854182
Using motif +MA0105.3 of width 11.
Using motif -MA0105.3 of width 11.
Computing q-values.
Estimating pi_0 from a uniformly sampled set of 10000 p-values.
Estimating pi_0.
Estimated pi_0=0.986519
Using motif +MA0442.1 of width 6.
Using motif -MA0442.1 of width 6.
Computing q-values.
Using motif +MA0017.1 of width 14.
Using motif -MA0017.1 of width 14.
Computing q-values.
Estimating pi_0 from a uniformly sampled set of 10000 p-values.
Estimating pi_0.
Estimated pi_0=0.979075
Using motif +MA0697.1 of width 15.
Using motif -MA0697.1 of width 15.
Computing q-values.
Estimating pi_0 from a uniformly sampled set of 10000 p-values.
Estimating pi_0.
Estimated pi_0=0.895333
Using motif +MA0698.1 of width 13.
Using motif -MA0698.1 of width 13.
Computing q-values.
Estimating pi_0 from a uniformly sampled set of 10000 p-values.
Estimating pi_0.
Estimated pi_0=0.957516
Using motif +MA0699.1 of width 10.
Using motif -MA0699.1 of width 10.
Computing q-values.
Estimating pi_0 from a uniformly sampled set of 10000 p-values.
Estimating pi_0.
Estimated pi_0=1
Using motif +MA0700.1 of width 10.
Using motif -MA0700.1 of width 10.
Computing q-values.
Estimating pi_0 from a uniformly sampled set of 10000 p-values.
Estimating pi_0.
Estimated pi_0=1
Using motif +MA0694.1 of width 12.
Using motif -MA0694.1 of width 12.
Computing q-values.
Estimating pi_0 from a uniformly sampled set of 10000 p-values.
Estimating pi_0.
Estimated pi_0=0.91984
Using motif +MA0695.1 of width 12.
Using motif -MA0695.1 of width 12.
Computing q-values.
Estimating pi_0 from a uniformly sampled set of 10000 p-values.
Estimating pi_0.
Estimated pi_0=0.915273
Using motif +MA0696.1 of width 14.
Using motif -MA0696.1 of width 14.
Computing q-values.
Estimating pi_0 from a uniformly sampled set of 10000 p-values.
Estimating pi_0.
Estimated pi_0=0.848
Using motif +MA0018.1 of width 12.
Using motif -MA0018.1 of width 12.
Computing q-values.
Estimating pi_0 from a uniformly sampled set of 10000 p-values.
Estimating pi_0.
Estimated pi_0=0.888654
Using motif +MA0701.1 of width 8.
Using motif -MA0701.1 of width 8.
Computing q-values.
Estimating pi_0 from a uniformly sampled set of 10000 p-values.
Estimating pi_0.
Estimated pi_0=1
Using motif +MA0702.1 of width 8.
Using motif -MA0702.1 of width 8.
Computing q-values.
Estimating pi_0 from a uniformly sampled set of 10000 p-values.
Estimating pi_0.
Estimated pi_0=1
Using motif +MA1133.1 of width 12.
Using motif -MA1133.1 of width 12.
Computing q-values.
Estimating pi_0 from a uniformly sampled set of 10000 p-values.
Estimating pi_0.
Estimated pi_0=1
Using motif +MA1132.1 of width 10.
Using motif -MA1132.1 of width 10.
Computing q-values.
Estimating pi_0 from a uniformly sampled set of 10000 p-values.
Estimating pi_0.
Estimated pi_0=1
Using motif +MA1129.1 of width 10.
Using motif -MA1129.1 of width 10.
Computing q-values.
Estimating pi_0 from a uniformly sampled set of 10000 p-values.
Estimating pi_0.
Estimated pi_0=1
Using motif +MA1128.1 of width 13.
Using motif -MA1128.1 of width 13.
Computing q-values.
Estimating pi_0 from a uniformly sampled set of 10000 p-values.
Estimating pi_0.
Estimated pi_0=1
Using motif +MA1131.1 of width 11.
Using motif -MA1131.1 of width 11.
Computing q-values.
Estimating pi_0 from a uniformly sampled set of 10000 p-values.
Estimating pi_0.
Estimated pi_0=1
Using motif +MA1130.1 of width 12.
Using motif -MA1130.1 of width 12.
Computing q-values.
Estimating pi_0 from a uniformly sampled set of 10000 p-values.
Estimating pi_0.
Estimated pi_0=1
Using motif +MA0099.3 of width 10.
Using motif -MA0099.3 of width 10.
Computing q-values.
Estimating pi_0 from a uniformly sampled set of 10000 p-values.
Estimating pi_0.
Estimated pi_0=1
Using motif +MA0037.3 of width 8.
Using motif -MA0037.3 of width 8.
Computing q-values.
Estimating pi_0 from a uniformly sampled set of 10000 p-values.
Estimating pi_0.
Estimated pi_0=1
Using motif +MA1127.1 of width 11.
Using motif -MA1127.1 of width 11.
Computing q-values.
Estimating pi_0 from a uniformly sampled set of 10000 p-values.
Estimating pi_0.
Estimated pi_0=1
Using motif +MA1126.1 of width 16.
Using motif -MA1126.1 of width 16.
Computing q-values.
Estimating pi_0 from a uniformly sampled set of 10000 p-values.
Estimating pi_0.
Estimated pi_0=1
Using motif +MA0473.1 of width 13.
Using motif -MA0473.1 of width 13.
Computing q-values.
Estimating pi_0 from a uniformly sampled set of 10000 p-values.
Estimating pi_0.
Estimated pi_0=0.966506
Using motif +MA0470.1 of width 11.
Using motif -MA0470.1 of width 11.
Computing q-values.
Estimating pi_0 from a uniformly sampled set of 10000 p-values.
Estimating pi_0.
Estimated pi_0=0.7534
Using motif +MA0471.1 of width 11.
Using motif -MA0471.1 of width 11.
Computing q-values.
Estimating pi_0 from a uniformly sampled set of 10000 p-values.
Estimating pi_0.
Estimated pi_0=0.918382
Using motif +MA0476.1 of width 11.
Using motif -MA0476.1 of width 11.
Computing q-values.
Estimating pi_0 from a uniformly sampled set of 10000 p-values.
Estimating pi_0.
Estimated pi_0=1
Using motif +MA0477.1 of width 11.
Using motif -MA0477.1 of width 11.
Computing q-values.
Estimating pi_0 from a uniformly sampled set of 10000 p-values.
Estimating pi_0.
Estimated pi_0=1
Using motif +MA0475.1 of width 11.
Using motif -MA0475.1 of width 11.
Computing q-values.
Estimating pi_0 from a uniformly sampled set of 10000 p-values.
Estimating pi_0.
Estimated pi_0=0.982766
Using motif +MA0478.1 of width 11.
Using motif -MA0478.1 of width 11.
Computing q-values.
Estimating pi_0 from a uniformly sampled set of 10000 p-values.
Estimating pi_0.
Estimated pi_0=0.996615
Using motif +MA0479.1 of width 11.
Using motif -MA0479.1 of width 11.
Computing q-values.
Estimating pi_0 from a uniformly sampled set of 10000 p-values.
Estimating pi_0.
Estimated pi_0=1
Using motif +MA0767.1 of width 10.
Using motif -MA0767.1 of width 10.
Computing q-values.
Estimating pi_0 from a uniformly sampled set of 10000 p-values.
Estimating pi_0.
Estimated pi_0=0.928503
Using motif +MA0768.1 of width 15.
Using motif -MA0768.1 of width 15.
Computing q-values.
Estimating pi_0 from a uniformly sampled set of 10000 p-values.
Estimating pi_0.
Estimated pi_0=1
Using motif +MA0112.2 of width 20.
Using motif -MA0112.2 of width 20.
Computing q-values.
Estimating pi_0 from a uniformly sampled set of 10000 p-values.
Estimating pi_0.
Estimated pi_0=0.850769
Using motif +MA0770.1 of width 13.
Using motif -MA0770.1 of width 13.
Computing q-values.
Estimating pi_0 from a uniformly sampled set of 10000 p-values.
Estimating pi_0.
Estimated pi_0=1
Using motif +MA0771.1 of width 13.
Using motif -MA0771.1 of width 13.
Computing q-values.
Estimating pi_0 from a uniformly sampled set of 10000 p-values.
Estimating pi_0.
Estimated pi_0=0.983761
Using motif +MA0772.1 of width 14.
Using motif -MA0772.1 of width 14.
Computing q-values.
Estimating pi_0 from a uniformly sampled set of 10000 p-values.
Estimating pi_0.
Estimated pi_0=1
Using motif +MA0052.3 of width 12.
Using motif -MA0052.3 of width 12.
Computing q-values.
Estimating pi_0 from a uniformly sampled set of 10000 p-values.
Estimating pi_0.
Estimated pi_0=1
Using motif +MA0773.1 of width 12.
Using motif -MA0773.1 of width 12.
Computing q-values.
Estimating pi_0 from a uniformly sampled set of 10000 p-values.
Estimating pi_0.
Estimated pi_0=1
Using motif +MA0498.2 of width 7.
Using motif -MA0498.2 of width 7.
Computing q-values.
Estimating pi_0 from a uniformly sampled set of 10000 p-values.
Estimating pi_0.
Estimated pi_0=0.935574
Using motif +MA0774.1 of width 8.
Using motif -MA0774.1 of width 8.
Computing q-values.
Estimating pi_0 from a uniformly sampled set of 10000 p-values.
Estimating pi_0.
Estimated pi_0=0.983837
Using motif +MA0150.1 of width 11.
Using motif -MA0150.1 of width 11.
Computing q-values.
Estimating pi_0 from a uniformly sampled set of 10000 p-values.
Estimating pi_0.
Estimated pi_0=0.985376
Using motif +MA0692.1 of width 10.
Using motif -MA0692.1 of width 10.
Computing q-values.
Estimating pi_0 from a uniformly sampled set of 10000 p-values.
Estimating pi_0.
Estimated pi_0=0.946447
Using motif +MA0145.3 of width 10.
Using motif -MA0145.3 of width 10.
Computing q-values.
Estimating pi_0 from a uniformly sampled set of 10000 p-values.
Estimating pi_0.
Estimated pi_0=1
Using motif +MA0083.3 of width 16.
Using motif -MA0083.3 of width 16.
Computing q-values.
Estimating pi_0 from a uniformly sampled set of 10000 p-values.
Estimating pi_0.
Estimated pi_0=1
Using motif +MA0687.1 of width 14.
Using motif -MA0687.1 of width 14.
Computing q-values.
Estimating pi_0 from a uniformly sampled set of 10000 p-values.
Estimating pi_0.
Estimated pi_0=1
Using motif +MA0688.1 of width 11.
Using motif -MA0688.1 of width 11.
Computing q-values.
Estimating pi_0 from a uniformly sampled set of 10000 p-values.
Estimating pi_0.
Estimated pi_0=0.998291
Using motif +MA0009.2 of width 16.
Using motif -MA0009.2 of width 16.
Computing q-values.
Estimating pi_0 from a uniformly sampled set of 10000 p-values.
Estimating pi_0.
Estimated pi_0=0.999799
Using motif +MA0690.1 of width 10.
Using motif -MA0690.1 of width 10.
Computing q-values.
Estimating pi_0 from a uniformly sampled set of 10000 p-values.
Estimating pi_0.
Estimated pi_0=0.998392
Using motif +MA0689.1 of width 11.
Using motif -MA0689.1 of width 11.
Computing q-values.
Estimating pi_0 from a uniformly sampled set of 10000 p-values.
Estimating pi_0.
Estimated pi_0=0.999697
Using motif +MA0691.1 of width 10.
Using motif -MA0691.1 of width 10.
Computing q-values.
Estimating pi_0 from a uniformly sampled set of 10000 p-values.
Estimating pi_0.
Estimated pi_0=0.96355
Using motif +MA0090.2 of width 10.
Using motif -MA0090.2 of width 10.
Computing q-values.
Estimating pi_0 from a uniformly sampled set of 10000 p-values.
Estimating pi_0.
Estimated pi_0=1
Using motif +MA0899.1 of width 11.
Using motif -MA0899.1 of width 11.
Computing q-values.
Estimating pi_0 from a uniformly sampled set of 10000 p-values.
Estimating pi_0.
Estimated pi_0=1
Using motif +MA0900.1 of width 10.
Using motif -MA0900.1 of width 10.
Computing q-values.
Estimating pi_0 from a uniformly sampled set of 10000 p-values.
Estimating pi_0.
Estimated pi_0=1
Using motif +MA0901.1 of width 10.
Using motif -MA0901.1 of width 10.
Computing q-values.
Estimating pi_0 from a uniformly sampled set of 10000 p-values.
Estimating pi_0.
Estimated pi_0=1
Using motif +MA0902.1 of width 10.
Using motif -MA0902.1 of width 10.
Computing q-values.
Estimating pi_0 from a uniformly sampled set of 10000 p-values.
Estimating pi_0.
Estimated pi_0=1
Using motif +MA0903.1 of width 10.
Using motif -MA0903.1 of width 10.
Computing q-values.
Estimating pi_0 from a uniformly sampled set of 10000 p-values.
Estimating pi_0.
Estimated pi_0=1
Using motif +MA0905.1 of width 10.
Using motif -MA0905.1 of width 10.
Computing q-values.
Estimating pi_0 from a uniformly sampled set of 10000 p-values.
Estimating pi_0.
Estimated pi_0=1
Using motif +MA0906.1 of width 11.
Using motif -MA0906.1 of width 11.
Computing q-values.
Estimating pi_0 from a uniformly sampled set of 10000 p-values.
Estimating pi_0.
Estimated pi_0=1
Using motif +MA0862.1 of width 8.
Using motif -MA0862.1 of width 8.
Computing q-values.
Estimating pi_0 from a uniformly sampled set of 10000 p-values.
Estimating pi_0.
Estimated pi_0=0.936275
Using motif +MA0861.1 of width 18.
Using motif -MA0861.1 of width 18.
Computing q-values.
Estimating pi_0 from a uniformly sampled set of 10000 p-values.
Estimating pi_0.
Estimated pi_0=0.904918
Using motif +MA0106.3 of width 18.
Using motif -MA0106.3 of width 18.
Computing q-values.
Estimating pi_0 from a uniformly sampled set of 10000 p-values.
Estimating pi_0.
Estimated pi_0=0.971742
Using motif +MA0866.1 of width 15.
Using motif -MA0866.1 of width 15.
Computing q-values.
Estimating pi_0 from a uniformly sampled set of 10000 p-values.
Estimating pi_0.
Estimated pi_0=1
Using motif +MA0865.1 of width 12.
Using motif -MA0865.1 of width 12.
Computing q-values.
Estimating pi_0 from a uniformly sampled set of 10000 p-values.
Estimating pi_0.
Estimated pi_0=0.945564
Using motif +MA0864.1 of width 16.
Using motif -MA0864.1 of width 16.
Computing q-values.
Estimating pi_0 from a uniformly sampled set of 10000 p-values.
Estimating pi_0.
Estimated pi_0=1
Using motif +MA0024.3 of width 12.
Using motif -MA0024.3 of width 12.
Computing q-values.
Estimating pi_0 from a uniformly sampled set of 10000 p-values.
Estimating pi_0.
Estimated pi_0=0.770192
Using motif +MA0672.1 of width 10.
Using motif -MA0672.1 of width 10.
Computing q-values.
Estimating pi_0 from a uniformly sampled set of 10000 p-values.
Estimating pi_0.
Estimated pi_0=0.999799
Using motif +MA0793.1 of width 10.
Using motif -MA0793.1 of width 10.
Computing q-values.
Estimating pi_0 from a uniformly sampled set of 10000 p-values.
Estimating pi_0.
Estimated pi_0=1
Using motif +MA0715.1 of width 11.
Using motif -MA0715.1 of width 11.
Computing q-values.
Estimating pi_0 from a uniformly sampled set of 10000 p-values.
Estimating pi_0.
Estimated pi_0=1
Using motif +MA0714.1 of width 9.
Using motif -MA0714.1 of width 9.
Computing q-values.
Estimating pi_0 from a uniformly sampled set of 10000 p-values.
Estimating pi_0.
Estimated pi_0=1
Using motif +MA0717.1 of width 8.
Using motif -MA0717.1 of width 8.
Computing q-values.
Estimating pi_0 from a uniformly sampled set of 10000 p-values.
Estimating pi_0.
Estimated pi_0=1
Using motif +MA0716.1 of width 8.
Using motif -MA0716.1 of width 8.
Computing q-values.
Estimating pi_0 from a uniformly sampled set of 10000 p-values.
Estimating pi_0.
Estimated pi_0=1
Using motif +MA0712.1 of width 8.
Using motif -MA0712.1 of width 8.
Computing q-values.
Estimating pi_0 from a uniformly sampled set of 10000 p-values.
Estimating pi_0.
Estimated pi_0=1
Using motif +MA0711.1 of width 8.
Using motif -MA0711.1 of width 8.
Computing q-values.
Estimating pi_0 from a uniformly sampled set of 10000 p-values.
Estimating pi_0.
Estimated pi_0=1
Using motif +MA0713.1 of width 11.
Using motif -MA0713.1 of width 11.
Computing q-values.
Estimating pi_0 from a uniformly sampled set of 10000 p-values.
Estimating pi_0.
Estimated pi_0=1
Using motif +MA0132.2 of width 8.
Using motif -MA0132.2 of width 8.
Computing q-values.
Estimating pi_0 from a uniformly sampled set of 10000 p-values.
Estimating pi_0.
Estimated pi_0=1
Using motif +MA0719.1 of width 8.
Using motif -MA0719.1 of width 8.
Computing q-values.
Estimating pi_0 from a uniformly sampled set of 10000 p-values.
Estimating pi_0.
Estimated pi_0=1
Using motif +MA0718.1 of width 10.
Using motif -MA0718.1 of width 10.
Computing q-values.
Estimating pi_0 from a uniformly sampled set of 10000 p-values.
Estimating pi_0.
Estimated pi_0=1
Using motif +MA0036.2 of width 14.
Using motif -MA0036.2 of width 14.
Computing q-values.
Estimating pi_0 from a uniformly sampled set of 10000 p-values.
Estimating pi_0.
Estimated pi_0=0.999598
Using motif +MA0258.2 of width 15.
Using motif -MA0258.2 of width 15.
Computing q-values.
Estimating pi_0 from a uniformly sampled set of 10000 p-values.
Estimating pi_0.
Estimated pi_0=0.982
Using motif +MA0076.2 of width 11.
Using motif -MA0076.2 of width 11.
Computing q-values.
Estimating pi_0 from a uniformly sampled set of 10000 p-values.
Estimating pi_0.
Estimated pi_0=0.942585
Using motif +MA0148.3 of width 15.
Using motif -MA0148.3 of width 15.
Computing q-values.
Estimating pi_0 from a uniformly sampled set of 10000 p-values.
Estimating pi_0.
Estimated pi_0=1
Using motif +MA0024.2 of width 11.
Using motif -MA0024.2 of width 11.
Computing q-values.
Estimating pi_0 from a uniformly sampled set of 10000 p-values.
Estimating pi_0.
Estimated pi_0=0.770265
Using motif +MA0102.3 of width 11.
Using motif -MA0102.3 of width 11.
Computing q-values.
Estimating pi_0 from a uniformly sampled set of 10000 p-values.
Estimating pi_0.
Estimated pi_0=1
Using motif +MA0162.2 of width 14.
Using motif -MA0162.2 of width 14.
Computing q-values.
Estimating pi_0 from a uniformly sampled set of 10000 p-values.
Estimating pi_0.
Estimated pi_0=0.949195
Using motif +MA0154.2 of width 11.
Using motif -MA0154.2 of width 11.
Computing q-values.
Estimating pi_0 from a uniformly sampled set of 10000 p-values.
Estimating pi_0.
Estimated pi_0=0.972872
Using motif +MA0105.4 of width 13.
Using motif -MA0105.4 of width 13.
Computing q-values.
Estimating pi_0 from a uniformly sampled set of 10000 p-values.
Estimating pi_0.
Estimated pi_0=0.928889
Using motif +MA0068.2 of width 8.
Using motif -MA0068.2 of width 8.
Computing q-values.
Estimating pi_0 from a uniformly sampled set of 10000 p-values.
Estimating pi_0.
Estimated pi_0=1
Using motif +MA0679.1 of width 14.
Using motif -MA0679.1 of width 14.
Computing q-values.
Estimating pi_0 from a uniformly sampled set of 10000 p-values.
Estimating pi_0.
Estimated pi_0=1
Using motif +MA0080.2 of width 7.
Using motif -MA0080.2 of width 7.
Computing q-values.
Estimating pi_0 from a uniformly sampled set of 10000 p-values.
Estimating pi_0.
Estimated pi_0=0.985079
Using motif +MA0809.1 of width 10.
Using motif -MA0809.1 of width 10.
Computing q-values.
Estimating pi_0 from a uniformly sampled set of 10000 p-values.
Estimating pi_0.
Estimated pi_0=1
Using motif +MA0810.1 of width 12.
Using motif -MA0810.1 of width 12.
Computing q-values.
Estimating pi_0 from a uniformly sampled set of 10000 p-values.
Estimating pi_0.
Estimated pi_0=0.728738
Using motif +MA0805.1 of width 8.
Using motif -MA0805.1 of width 8.
Computing q-values.
Estimating pi_0 from a uniformly sampled set of 10000 p-values.
Estimating pi_0.
Estimated pi_0=0.877009
Using motif +MA0806.1 of width 8.
Using motif -MA0806.1 of width 8.
Computing q-values.
Estimating pi_0 from a uniformly sampled set of 10000 p-values.
Estimating pi_0.
Estimated pi_0=0.887407
Using motif +MA0807.1 of width 8.
Using motif -MA0807.1 of width 8.
Computing q-values.
Estimating pi_0 from a uniformly sampled set of 10000 p-values.
Estimating pi_0.
Estimated pi_0=0.97268
Using motif +MA0808.1 of width 8.
Using motif -MA0808.1 of width 8.
Computing q-values.
Estimating pi_0 from a uniformly sampled set of 10000 p-values.
Estimating pi_0.
Estimated pi_0=1
Using motif +MA0801.1 of width 8.
Using motif -MA0801.1 of width 8.
Computing q-values.
Estimating pi_0 from a uniformly sampled set of 10000 p-values.
Estimating pi_0.
Estimated pi_0=0.952333
Using motif +MA0802.1 of width 10.
Using motif -MA0802.1 of width 10.
Computing q-values.
Estimating pi_0 from a uniformly sampled set of 10000 p-values.
Estimating pi_0.
Estimated pi_0=0.961905
Using motif +MA0803.1 of width 8.
Using motif -MA0803.1 of width 8.
Computing q-values.
Estimating pi_0 from a uniformly sampled set of 10000 p-values.
Estimating pi_0.
Estimated pi_0=0.859266
Using motif +MA0804.1 of width 20.
Using motif -MA0804.1 of width 20.
Computing q-values.
Estimating pi_0 from a uniformly sampled set of 10000 p-values.
Estimating pi_0.
Estimated pi_0=1
Using motif +MA0508.1 of width 15.
Using motif -MA0508.1 of width 15.
Computing q-values.
Estimating pi_0 from a uniformly sampled set of 10000 p-values.
Estimating pi_0.
Estimated pi_0=0.996884
Using motif +MA0163.1 of width 14.
Using motif -MA0163.1 of width 14.
Computing q-values.
Estimating pi_0 from a uniformly sampled set of 10000 p-values.
Estimating pi_0.
Estimated pi_0=0.846721
Using motif +MA0079.2 of width 10.
Using motif -MA0079.2 of width 10.
Warning: Reached max stored scores (100000).
Motif matches with p-value >= 3.6e-05 have been dropped to reclaim memory.
Computing q-values.
Estimating pi_0 from a uniformly sampled set of 10000 p-values.
Estimating pi_0.
Estimated pi_0=0.8675
Using motif +MA0099.2 of width 7.
Using motif -MA0099.2 of width 7.
Computing q-values.
Estimating pi_0 from a uniformly sampled set of 10000 p-values.
Estimating pi_0.
Estimated pi_0=0.997868
Using motif +MA0018.2 of width 8.
Using motif -MA0018.2 of width 8.
Computing q-values.
Estimating pi_0 from a uniformly sampled set of 10000 p-values.
Estimating pi_0.
Estimated pi_0=0.935098
Using motif +MA0501.1 of width 15.
Using motif -MA0501.1 of width 15.
Computing q-values.
Estimating pi_0 from a uniformly sampled set of 10000 p-values.
Estimating pi_0.
Estimated pi_0=0.999095
Using motif +MA0502.1 of width 15.
Using motif -MA0502.1 of width 15.
Computing q-values.
Estimating pi_0 from a uniformly sampled set of 10000 p-values.
Estimating pi_0.
Estimated pi_0=0.968037
Using motif +MA0504.1 of width 15.
Using motif -MA0504.1 of width 15.
Computing q-values.
Estimating pi_0 from a uniformly sampled set of 10000 p-values.
Estimating pi_0.
Estimated pi_0=0.951299
Using motif +MA0506.1 of width 11.
Using motif -MA0506.1 of width 11.
Computing q-values.
Estimating pi_0 from a uniformly sampled set of 10000 p-values.
Estimating pi_0.
Estimated pi_0=0.749423
Using motif +MA0507.1 of width 13.
Using motif -MA0507.1 of width 13.
Computing q-values.
Estimating pi_0 from a uniformly sampled set of 10000 p-values.
Estimating pi_0.
Estimated pi_0=1
Using motif +MA0107.1 of width 10.
Using motif -MA0107.1 of width 10.
Computing q-values.
Estimating pi_0 from a uniformly sampled set of 10000 p-values.
Estimating pi_0.
Estimated pi_0=0.974198
Using motif +MA0106.1 of width 20.
Using motif -MA0106.1 of width 20.
Computing q-values.
Estimating pi_0 from a uniformly sampled set of 10000 p-values.
Estimating pi_0.
Estimated pi_0=0.989399
Using motif +MA0105.2 of width 11.
Using motif -MA0105.2 of width 11.
Computing q-values.
Estimating pi_0 from a uniformly sampled set of 10000 p-values.
Estimating pi_0.
Estimated pi_0=0.852941
Using motif +MA0065.1 of width 20.
Using motif -MA0065.1 of width 20.
Computing q-values.
Estimating pi_0 from a uniformly sampled set of 10000 p-values.
Estimating pi_0.
Estimated pi_0=0.967143
Using motif +MA1149.1 of width 18.
Using motif -MA1149.1 of width 18.
Computing q-values.
Estimating pi_0 from a uniformly sampled set of 10000 p-values.
Estimating pi_0.
Estimated pi_0=0.931321
Using motif +MA1105.1 of width 15.
Using motif -MA1105.1 of width 15.
Computing q-values.
Estimating pi_0 from a uniformly sampled set of 10000 p-values.
Estimating pi_0.
Estimated pi_0=1
Using motif +MA1104.1 of width 13.
Using motif -MA1104.1 of width 13.
Computing q-values.
Estimating pi_0 from a uniformly sampled set of 10000 p-values.
Estimating pi_0.
Estimated pi_0=1
Using motif +MA0039.3 of width 11.
Using motif -MA0039.3 of width 11.
Computing q-values.
Estimating pi_0 from a uniformly sampled set of 10000 p-values.
Estimating pi_0.
Estimated pi_0=0.942278
Using motif +MA1106.1 of width 10.
Using motif -MA1106.1 of width 10.
Computing q-values.
Estimating pi_0 from a uniformly sampled set of 10000 p-values.
Estimating pi_0.
Estimated pi_0=0.875294
Using motif +MA0495.2 of width 21.
Using motif -MA0495.2 of width 21.
Computing q-values.
Estimating pi_0 from a uniformly sampled set of 10000 p-values.
Estimating pi_0.
Estimated pi_0=1
Using motif +MA1107.1 of width 13.
Using motif -MA1107.1 of width 13.
Computing q-values.
Estimating pi_0 from a uniformly sampled set of 10000 p-values.
Estimating pi_0.
Estimated pi_0=0.815893
Using motif +MA0620.2 of width 18.
Using motif -MA0620.2 of width 18.
Computing q-values.
Estimating pi_0 from a uniformly sampled set of 10000 p-values.
Estimating pi_0.
Estimated pi_0=0.936757
Using motif +MA0496.2 of width 19.
Using motif -MA0496.2 of width 19.
Computing q-values.
Estimating pi_0 from a uniformly sampled set of 10000 p-values.
Estimating pi_0.
Estimated pi_0=0.998492
Using motif +MA0147.3 of width 12.
Using motif -MA0147.3 of width 12.
Computing q-values.
Estimating pi_0 from a uniformly sampled set of 10000 p-values.
Estimating pi_0.
Estimated pi_0=0.829907
Using motif +MA1108.1 of width 13.
Using motif -MA1108.1 of width 13.
Computing q-values.
Estimating pi_0 from a uniformly sampled set of 10000 p-values.
Estimating pi_0.
Estimated pi_0=0.751
Using motif +MA0002.1 of width 11.
Using motif -MA0002.1 of width 11.
Computing q-values.
Estimating pi_0 from a uniformly sampled set of 10000 p-values.
Estimating pi_0.
Estimated pi_0=1
Using motif +MA0003.1 of width 9.
Using motif -MA0003.1 of width 9.
Computing q-values.
Estimating pi_0 from a uniformly sampled set of 10000 p-values.
Estimating pi_0.
Estimated pi_0=0.805246
Using motif +MA0069.1 of width 14.
Using motif -MA0069.1 of width 14.
Computing q-values.
Estimating pi_0 from a uniformly sampled set of 10000 p-values.
Estimating pi_0.
Estimated pi_0=1
Using motif +MA0066.1 of width 20.
Using motif -MA0066.1 of width 20.
Computing q-values.
Estimating pi_0 from a uniformly sampled set of 10000 p-values.
Estimating pi_0.
Estimated pi_0=0.991414
Using motif +MA0153.2 of width 13.
Using motif -MA0153.2 of width 13.
Computing q-values.
Estimating pi_0 from a uniformly sampled set of 10000 p-values.
Estimating pi_0.
Estimated pi_0=1
Using motif +MA0650.1 of width 10.
Using motif -MA0650.1 of width 10.
Computing q-values.
Estimating pi_0 from a uniformly sampled set of 10000 p-values.
Estimating pi_0.
Estimated pi_0=1
Using motif +MA0043.2 of width 12.
Using motif -MA0043.2 of width 12.
Computing q-values.
Estimating pi_0 from a uniformly sampled set of 10000 p-values.
Estimating pi_0.
Estimated pi_0=1
Using motif +MA0046.2 of width 15.
Using motif -MA0046.2 of width 15.
Computing q-values.
Estimating pi_0 from a uniformly sampled set of 10000 p-values.
Estimating pi_0.
Estimated pi_0=1
Using motif +MA0649.1 of width 10.
Using motif -MA0649.1 of width 10.
Computing q-values.
Estimating pi_0 from a uniformly sampled set of 10000 p-values.
Estimating pi_0.
Estimated pi_0=0.864
Using motif +MA0131.2 of width 12.
Using motif -MA0131.2 of width 12.
Computing q-values.
Estimating pi_0 from a uniformly sampled set of 10000 p-values.
Estimating pi_0.
Estimated pi_0=0.785872
Using motif +MA0647.1 of width 12.
Using motif -MA0647.1 of width 12.
Computing q-values.
Estimating pi_0 from a uniformly sampled set of 10000 p-values.
Estimating pi_0.
Estimated pi_0=1
Using motif +MA0648.1 of width 10.
Using motif -MA0648.1 of width 10.
Computing q-values.
Estimating pi_0 from a uniformly sampled set of 10000 p-values.
Estimating pi_0.
Estimated pi_0=1
Using motif +MA0744.1 of width 13.
Using motif -MA0744.1 of width 13.
Computing q-values.
Estimating pi_0 from a uniformly sampled set of 10000 p-values.
Estimating pi_0.
Estimated pi_0=0.969867
Using motif +MA0743.1 of width 15.
Using motif -MA0743.1 of width 15.
Computing q-values.
Estimating pi_0 from a uniformly sampled set of 10000 p-values.
Estimating pi_0.
Estimated pi_0=0.999596
Using motif +MA0746.1 of width 11.
Using motif -MA0746.1 of width 11.
Computing q-values.
Estimating pi_0 from a uniformly sampled set of 10000 p-values.
Estimating pi_0.
Estimated pi_0=0.887939
Using motif +MA0745.1 of width 9.
Using motif -MA0745.1 of width 9.
Computing q-values.
Estimating pi_0 from a uniformly sampled set of 10000 p-values.
Estimating pi_0.
Estimated pi_0=0.995377
Using motif +MA0748.1 of width 11.
Using motif -MA0748.1 of width 11.
Computing q-values.
Estimating pi_0 from a uniformly sampled set of 10000 p-values.
Estimating pi_0.
Estimated pi_0=0.999899
Using motif +MA0747.1 of width 12.
Using motif -MA0747.1 of width 12.
Computing q-values.
Estimating pi_0 from a uniformly sampled set of 10000 p-values.
Estimating pi_0.
Estimated pi_0=0.924218
Using motif +MA0651.1 of width 11.
Using motif -MA0651.1 of width 11.
Computing q-values.
Estimating pi_0 from a uniformly sampled set of 10000 p-values.
Estimating pi_0.
Estimated pi_0=1
Using motif +MA0486.2 of width 13.
Using motif -MA0486.2 of width 13.
Computing q-values.
Estimating pi_0 from a uniformly sampled set of 10000 p-values.
Estimating pi_0.
Estimated pi_0=1
Using motif +MA0835.1 of width 14.
Using motif -MA0835.1 of width 14.
Computing q-values.
Estimating pi_0 from a uniformly sampled set of 10000 p-values.
Estimating pi_0.
Estimated pi_0=0.999799
Using motif +MA0466.2 of width 10.
Using motif -MA0466.2 of width 10.
Computing q-values.
Estimating pi_0 from a uniformly sampled set of 10000 p-values.
Estimating pi_0.
Estimated pi_0=1
Using motif +MA0836.1 of width 10.
Using motif -MA0836.1 of width 10.
Computing q-values.
Estimating pi_0 from a uniformly sampled set of 10000 p-values.
Estimating pi_0.
Estimated pi_0=1
Using motif +MA0837.1 of width 10.
Using motif -MA0837.1 of width 10.
Computing q-values.
Estimating pi_0 from a uniformly sampled set of 10000 p-values.
Estimating pi_0.
Estimated pi_0=1
Using motif +MA0838.1 of width 10.
Using motif -MA0838.1 of width 10.
Computing q-values.
Estimating pi_0 from a uniformly sampled set of 10000 p-values.
Estimating pi_0.
Estimated pi_0=1
Using motif +MA0839.1 of width 14.
Using motif -MA0839.1 of width 14.
Computing q-values.
Estimating pi_0 from a uniformly sampled set of 10000 p-values.
Estimating pi_0.
Estimated pi_0=0.955439
Using motif +MA0841.1 of width 11.
Using motif -MA0841.1 of width 11.
Computing q-values.
Estimating pi_0 from a uniformly sampled set of 10000 p-values.
Estimating pi_0.
Estimated pi_0=0.988
Using motif +MA0842.1 of width 11.
Using motif -MA0842.1 of width 11.
Computing q-values.
Estimating pi_0 from a uniformly sampled set of 10000 p-values.
Estimating pi_0.
Estimated pi_0=1
Using motif +MA0889.1 of width 10.
Using motif -MA0889.1 of width 10.
Computing q-values.
Estimating pi_0 from a uniformly sampled set of 10000 p-values.
Estimating pi_0.
Estimated pi_0=1
Using motif +MA0888.1 of width 10.
Using motif -MA0888.1 of width 10.
Computing q-values.
Estimating pi_0 from a uniformly sampled set of 10000 p-values.
Estimating pi_0.
Estimated pi_0=1
Using motif +MA0891.1 of width 10.
Using motif -MA0891.1 of width 10.
Computing q-values.
Estimating pi_0 from a uniformly sampled set of 10000 p-values.
Estimating pi_0.
Estimated pi_0=1
Using motif +MA0890.1 of width 10.
Using motif -MA0890.1 of width 10.
Computing q-values.
Estimating pi_0 from a uniformly sampled set of 10000 p-values.
Estimating pi_0.
Estimated pi_0=1
Using motif +MA0893.1 of width 10.
Using motif -MA0893.1 of width 10.
Computing q-values.
Estimating pi_0 from a uniformly sampled set of 10000 p-values.
Estimating pi_0.
Estimated pi_0=1
Using motif +MA0892.1 of width 10.
Using motif -MA0892.1 of width 10.
Computing q-values.
Estimating pi_0 from a uniformly sampled set of 10000 p-values.
Estimating pi_0.
Estimated pi_0=1
Using motif +MA0895.1 of width 10.
Using motif -MA0895.1 of width 10.
Computing q-values.
Estimating pi_0 from a uniformly sampled set of 10000 p-values.
Estimating pi_0.
Estimated pi_0=1
Using motif +MA0894.1 of width 10.
Using motif -MA0894.1 of width 10.
Computing q-values.
Estimating pi_0 from a uniformly sampled set of 10000 p-values.
Estimating pi_0.
Estimated pi_0=1
Using motif +MA0042.1 of width 12.
Using motif -MA0042.1 of width 12.
Computing q-values.
Estimating pi_0 from a uniformly sampled set of 10000 p-values.
Estimating pi_0.
Estimated pi_0=1
Using motif +MA0043.1 of width 12.
Using motif -MA0043.1 of width 12.
Computing q-values.
Estimating pi_0 from a uniformly sampled set of 10000 p-values.
Estimating pi_0.
Estimated pi_0=1
Using motif +MA0048.1 of width 12.
Using motif -MA0048.1 of width 12.
Computing q-values.
Estimating pi_0 from a uniformly sampled set of 10000 p-values.
Estimating pi_0.
Estimated pi_0=0.929922
Using motif +MA0050.1 of width 12.
Using motif -MA0050.1 of width 12.
Computing q-values.
Estimating pi_0 from a uniformly sampled set of 10000 p-values.
Estimating pi_0.
Estimated pi_0=1
Using motif +MA0051.1 of width 18.
Using motif -MA0051.1 of width 18.
Computing q-values.
Estimating pi_0 from a uniformly sampled set of 10000 p-values.
Estimating pi_0.
Estimated pi_0=1
Using motif +MA0149.1 of width 18.
Using motif -MA0149.1 of width 18.
Computing q-values.
Estimating pi_0 from a uniformly sampled set of 10000 p-values.
Estimating pi_0.
Estimated pi_0=0.930064
Using motif +MA0148.1 of width 11.
Using motif -MA0148.1 of width 11.
Computing q-values.
Estimating pi_0 from a uniformly sampled set of 10000 p-values.
Estimating pi_0.
Estimated pi_0=1
Using motif +MA0095.2 of width 12.
Using motif -MA0095.2 of width 12.
Computing q-values.
Estimating pi_0 from a uniformly sampled set of 10000 p-values.
Estimating pi_0.
Estimated pi_0=1
Using motif +MA0103.2 of width 9.
Using motif -MA0103.2 of width 9.
Computing q-values.
Estimating pi_0 from a uniformly sampled set of 10000 p-values.
Estimating pi_0.
Estimated pi_0=0.930065
Using motif +MA0106.2 of width 15.
Using motif -MA0106.2 of width 15.
Computing q-values.
Estimating pi_0 from a uniformly sampled set of 10000 p-values.
Estimating pi_0.
Estimated pi_0=0.995657
Using motif +MA0093.2 of width 11.
Using motif -MA0093.2 of width 11.
Computing q-values.
Estimating pi_0 from a uniformly sampled set of 10000 p-values.
Estimating pi_0.
Estimated pi_0=0.998492
Using motif +MA0814.1 of width 11.
Using motif -MA0814.1 of width 11.
Computing q-values.
Estimating pi_0 from a uniformly sampled set of 10000 p-values.
Estimating pi_0.
Estimated pi_0=0.75875
Using motif +MA0524.2 of width 12.
Using motif -MA0524.2 of width 12.
Computing q-values.
Estimating pi_0 from a uniformly sampled set of 10000 p-values.
Estimating pi_0.
Estimated pi_0=0.782569
Using motif +MA0815.1 of width 13.
Using motif -MA0815.1 of width 13.
Computing q-values.
Estimating pi_0 from a uniformly sampled set of 10000 p-values.
Estimating pi_0.
Estimated pi_0=0.727843
Using motif +MA0811.1 of width 12.
Using motif -MA0811.1 of width 12.
Computing q-values.
Estimating pi_0 from a uniformly sampled set of 10000 p-values.
Estimating pi_0.
Estimated pi_0=0.798058
Using motif +MA0003.3 of width 11.
Using motif -MA0003.3 of width 11.
Computing q-values.
Estimating pi_0 from a uniformly sampled set of 10000 p-values.
Estimating pi_0.
Estimated pi_0=0.72451
Using motif +MA0813.1 of width 13.
Using motif -MA0813.1 of width 13.
Computing q-values.
Estimating pi_0 from a uniformly sampled set of 10000 p-values.
Estimating pi_0.
Estimated pi_0=0.725686
Using motif +MA0812.1 of width 11.
Using motif -MA0812.1 of width 11.
Computing q-values.
Estimating pi_0 from a uniformly sampled set of 10000 p-values.
Estimating pi_0.
Estimated pi_0=0.76396
Using motif +MA0464.2 of width 10.
Using motif -MA0464.2 of width 10.
Computing q-values.
Estimating pi_0 from a uniformly sampled set of 10000 p-values.
Estimating pi_0.
Estimated pi_0=0.957143
Using motif +MA0491.1 of width 11.
Using motif -MA0491.1 of width 11.
Computing q-values.
Estimating pi_0 from a uniformly sampled set of 10000 p-values.
Estimating pi_0.
Estimated pi_0=0.997273
Using motif +MA0490.1 of width 11.
Using motif -MA0490.1 of width 11.
Computing q-values.
Estimating pi_0 from a uniformly sampled set of 10000 p-values.
Estimating pi_0.
Estimated pi_0=1
Using motif +MA0492.1 of width 15.
Using motif -MA0492.1 of width 15.
Computing q-values.
Estimating pi_0 from a uniformly sampled set of 10000 p-values.
Estimating pi_0.
Estimated pi_0=0.999495
Using motif +MA0495.1 of width 18.
Using motif -MA0495.1 of width 18.
Computing q-values.
Estimating pi_0 from a uniformly sampled set of 10000 p-values.
Estimating pi_0.
Estimated pi_0=1
Using motif +MA0497.1 of width 15.
Using motif -MA0497.1 of width 15.
Computing q-values.
Estimating pi_0 from a uniformly sampled set of 10000 p-values.
Estimating pi_0.
Estimated pi_0=1
Using motif +MA0496.1 of width 15.
Using motif -MA0496.1 of width 15.
Computing q-values.
Estimating pi_0 from a uniformly sampled set of 10000 p-values.
Estimating pi_0.
Estimated pi_0=0.995859
Using motif +MA0592.1 of width 11.
Using motif -MA0592.1 of width 11.
Computing q-values.
Estimating pi_0 from a uniformly sampled set of 10000 p-values.
Estimating pi_0.
Estimated pi_0=0.91669
Using motif +MA0593.1 of width 11.
Using motif -MA0593.1 of width 11.
Computing q-values.
Estimating pi_0 from a uniformly sampled set of 10000 p-values.
Estimating pi_0.
Estimated pi_0=0.998894
Using motif +MA0595.1 of width 10.
Using motif -MA0595.1 of width 10.
Computing q-values.
Estimating pi_0 from a uniformly sampled set of 10000 p-values.
Estimating pi_0.
Estimated pi_0=0.929403
Using motif +MA0080.1 of width 6.
Using motif -MA0080.1 of width 6.
Computing q-values.
Using motif +MA0081.1 of width 7.
Using motif -MA0081.1 of width 7.
Computing q-values.
Estimating pi_0 from a uniformly sampled set of 10000 p-values.
Estimating pi_0.
Estimated pi_0=1
Using motif +MA0076.1 of width 9.
Using motif -MA0076.1 of width 9.
Computing q-values.
Estimating pi_0 from a uniformly sampled set of 10000 p-values.
Estimating pi_0.
Estimated pi_0=0.956029
Using motif +MA0077.1 of width 9.
Using motif -MA0077.1 of width 9.
Computing q-values.
Estimating pi_0 from a uniformly sampled set of 10000 p-values.
Estimating pi_0.
Estimated pi_0=1
Using motif +MA0079.1 of width 10.
Using motif -MA0079.1 of width 10.
Computing q-values.
Estimating pi_0 from a uniformly sampled set of 10000 p-values.
Estimating pi_0.
Estimated pi_0=0.920132
Using motif +MA0072.1 of width 14.
Using motif -MA0072.1 of width 14.
Computing q-values.
Estimating pi_0 from a uniformly sampled set of 10000 p-values.
Estimating pi_0.
Estimated pi_0=0.998492
Using motif +MA0073.1 of width 20.
Using motif -MA0073.1 of width 20.
Computing q-values.
Estimating pi_0 from a uniformly sampled set of 10000 p-values.
Estimating pi_0.
Estimated pi_0=0.926026
Using motif +MA0074.1 of width 15.
Using motif -MA0074.1 of width 15.
Computing q-values.
Estimating pi_0 from a uniformly sampled set of 10000 p-values.
Estimating pi_0.
Estimated pi_0=0.999899
Using motif +MA1155.1 of width 15.
Using motif -MA1155.1 of width 15.
Computing q-values.
Estimating pi_0 from a uniformly sampled set of 10000 p-values.
Estimating pi_0.
Estimated pi_0=0.998492
Using motif +MA1125.1 of width 12.
Using motif -MA1125.1 of width 12.
Computing q-values.
Estimating pi_0 from a uniformly sampled set of 10000 p-values.
Estimating pi_0.
Estimated pi_0=0.999799
Using motif +MA1154.1 of width 17.
Using motif -MA1154.1 of width 17.
Computing q-values.
Estimating pi_0 from a uniformly sampled set of 10000 p-values.
Estimating pi_0.
Estimated pi_0=0.999296
Using motif +MA0103.3 of width 11.
Using motif -MA0103.3 of width 11.
Computing q-values.
Estimating pi_0 from a uniformly sampled set of 10000 p-values.
Estimating pi_0.
Estimated pi_0=0.888515
Using motif +MA1124.1 of width 13.
Using motif -MA1124.1 of width 13.
Computing q-values.
Estimating pi_0 from a uniformly sampled set of 10000 p-values.
Estimating pi_0.
Estimated pi_0=1
Using motif +MA0526.2 of width 16.
Using motif -MA0526.2 of width 16.
Computing q-values.
Estimating pi_0 from a uniformly sampled set of 10000 p-values.
Estimating pi_0.
Estimated pi_0=0.860541
Using motif +MA0750.2 of width 13.
Using motif -MA0750.2 of width 13.
Computing q-values.
Estimating pi_0 from a uniformly sampled set of 10000 p-values.
Estimating pi_0.
Estimated pi_0=0.780396
Using motif +MA1122.1 of width 11.
Using motif -MA1122.1 of width 11.
Computing q-values.
Estimating pi_0 from a uniformly sampled set of 10000 p-values.
Estimating pi_0.
Estimated pi_0=0.774528
Using motif +MA1123.1 of width 13.
Using motif -MA1123.1 of width 13.
Computing q-values.
Estimating pi_0 from a uniformly sampled set of 10000 p-values.
Estimating pi_0.
Estimated pi_0=0.959351
Using motif +MA0159.1 of width 17.
Using motif -MA0159.1 of width 17.
Computing q-values.
Estimating pi_0 from a uniformly sampled set of 10000 p-values.
Estimating pi_0.
Estimated pi_0=0.907742
Using motif +MA0158.1 of width 8.
Using motif -MA0158.1 of width 8.
Computing q-values.
Estimating pi_0 from a uniformly sampled set of 10000 p-values.
Estimating pi_0.
Estimated pi_0=1
Using motif +MA0157.1 of width 8.
Using motif -MA0157.1 of width 8.
Computing q-values.
Estimating pi_0 from a uniformly sampled set of 10000 p-values.
Estimating pi_0.
Estimated pi_0=1
Using motif +MA0156.1 of width 8.
Using motif -MA0156.1 of width 8.
Computing q-values.
Estimating pi_0 from a uniformly sampled set of 10000 p-values.
Estimating pi_0.
Estimated pi_0=0.999799
Using motif +MA0155.1 of width 12.
Using motif -MA0155.1 of width 12.
Computing q-values.
Estimating pi_0 from a uniformly sampled set of 10000 p-values.
Estimating pi_0.
Estimated pi_0=0.945732
Using motif +MA0782.1 of width 12.
Using motif -MA0782.1 of width 12.
Computing q-values.
Estimating pi_0 from a uniformly sampled set of 10000 p-values.
Estimating pi_0.
Estimated pi_0=0.995533
Using motif +MA0153.1 of width 12.
Using motif -MA0153.1 of width 12.
Computing q-values.
Estimating pi_0 from a uniformly sampled set of 10000 p-values.
Estimating pi_0.
Estimated pi_0=1
Using motif +MA0152.1 of width 7.
Using motif -MA0152.1 of width 7.
Computing q-values.
Estimating pi_0 from a uniformly sampled set of 10000 p-values.
Estimating pi_0.
Estimated pi_0=0.997387
Using motif +MA0779.1 of width 17.
Using motif -MA0779.1 of width 17.
Computing q-values.
Estimating pi_0 from a uniformly sampled set of 10000 p-values.
Estimating pi_0.
Estimated pi_0=0.917117
Using motif +MA0778.1 of width 13.
Using motif -MA0778.1 of width 13.
Computing q-values.
Estimating pi_0 from a uniformly sampled set of 10000 p-values.
Estimating pi_0.
Estimated pi_0=0.928936
Using motif +MA0781.1 of width 17.
Using motif -MA0781.1 of width 17.
Computing q-values.
Estimating pi_0 from a uniformly sampled set of 10000 p-values.
Estimating pi_0.
Estimated pi_0=0.895094
Using motif +MA0780.1 of width 10.
Using motif -MA0780.1 of width 10.
Computing q-values.
Estimating pi_0 from a uniformly sampled set of 10000 p-values.
Estimating pi_0.
Estimated pi_0=1
Using motif +MA0776.1 of width 12.
Using motif -MA0776.1 of width 12.
Computing q-values.
Estimating pi_0 from a uniformly sampled set of 10000 p-values.
Estimating pi_0.
Estimated pi_0=1
Using motif +MA0775.1 of width 8.
Using motif -MA0775.1 of width 8.
Computing q-values.
Estimating pi_0 from a uniformly sampled set of 10000 p-values.
Estimating pi_0.
Estimated pi_0=0.951242
Using motif +MA0161.1 of width 6.
Using motif -MA0161.1 of width 6.
Computing q-values.
Using motif +MA0160.1 of width 8.
Using motif -MA0160.1 of width 8.
Computing q-values.
Estimating pi_0 from a uniformly sampled set of 10000 p-values.
Estimating pi_0.
Estimated pi_0=0.998995
Using motif +MA0686.1 of width 11.
Using motif -MA0686.1 of width 11.
Computing q-values.
Estimating pi_0 from a uniformly sampled set of 10000 p-values.
Estimating pi_0.
Estimated pi_0=0.966333
Using motif +MA0080.4 of width 14.
Using motif -MA0080.4 of width 14.
Computing q-values.
Estimating pi_0 from a uniformly sampled set of 10000 p-values.
Estimating pi_0.
Estimated pi_0=1
Using motif +MA0683.1 of width 16.
Using motif -MA0683.1 of width 16.
Computing q-values.
Estimating pi_0 from a uniformly sampled set of 10000 p-values.
Estimating pi_0.
Estimated pi_0=1
Using motif +MA0680.1 of width 10.
Using motif -MA0680.1 of width 10.
Computing q-values.
Estimating pi_0 from a uniformly sampled set of 10000 p-values.
Estimating pi_0.
Estimated pi_0=1
Using motif +MA0685.1 of width 17.
Using motif -MA0685.1 of width 17.
Computing q-values.
Estimating pi_0 from a uniformly sampled set of 10000 p-values.
Estimating pi_0.
Estimated pi_0=0.876
Using motif +MA0684.1 of width 10.
Using motif -MA0684.1 of width 10.
Computing q-values.
Estimating pi_0 from a uniformly sampled set of 10000 p-values.
Estimating pi_0.
Estimated pi_0=0.825294
Using motif +MA0028.2 of width 10.
Using motif -MA0028.2 of width 10.
Computing q-values.
Estimating pi_0 from a uniformly sampled set of 10000 p-values.
Estimating pi_0.
Estimated pi_0=0.889057
Using motif +MA0873.1 of width 11.
Using motif -MA0873.1 of width 11.
Computing q-values.
Estimating pi_0 from a uniformly sampled set of 10000 p-values.
Estimating pi_0.
Estimated pi_0=1
Using motif +MA0875.1 of width 8.
Using motif -MA0875.1 of width 8.
Computing q-values.
Estimating pi_0 from a uniformly sampled set of 10000 p-values.
Estimating pi_0.
Estimated pi_0=1
Using motif +MA0871.1 of width 10.
Using motif -MA0871.1 of width 10.
Computing q-values.
Estimating pi_0 from a uniformly sampled set of 10000 p-values.
Estimating pi_0.
Estimated pi_0=0.906346
Using motif +MA0872.1 of width 13.
Using motif -MA0872.1 of width 13.
Computing q-values.
Estimating pi_0 from a uniformly sampled set of 10000 p-values.
Estimating pi_0.
Estimated pi_0=0.728119
Using motif +MA0876.1 of width 8.
Using motif -MA0876.1 of width 8.
Computing q-values.
Estimating pi_0 from a uniformly sampled set of 10000 p-values.
Estimating pi_0.
Estimated pi_0=1
Using motif +MA0751.1 of width 15.
Using motif -MA0751.1 of width 15.
Computing q-values.
Estimating pi_0 from a uniformly sampled set of 10000 p-values.
Estimating pi_0.
Estimated pi_0=0.906541
Using motif +MA0777.1 of width 15.
Using motif -MA0777.1 of width 15.
Computing q-values.
Estimating pi_0 from a uniformly sampled set of 10000 p-values.
Estimating pi_0.
Estimated pi_0=1
Using motif +MA0642.1 of width 10.
Using motif -MA0642.1 of width 10.
Computing q-values.
Estimating pi_0 from a uniformly sampled set of 10000 p-values.
Estimating pi_0.
Estimated pi_0=1
Using motif +MA0726.1 of width 8.
Using motif -MA0726.1 of width 8.
Computing q-values.
Estimating pi_0 from a uniformly sampled set of 10000 p-values.
Estimating pi_0.
Estimated pi_0=1
Using motif +MA0112.3 of width 17.
Using motif -MA0112.3 of width 17.
Computing q-values.
Estimating pi_0 from a uniformly sampled set of 10000 p-values.
Estimating pi_0.
Estimated pi_0=0.8604
Using motif +MA0724.1 of width 9.
Using motif -MA0724.1 of width 9.
Computing q-values.
Estimating pi_0 from a uniformly sampled set of 10000 p-values.
Estimating pi_0.
Estimated pi_0=1
Using motif +MA0759.1 of width 10.
Using motif -MA0759.1 of width 10.
Computing q-values.
Estimating pi_0 from a uniformly sampled set of 10000 p-values.
Estimating pi_0.
Estimated pi_0=0.983452
Using motif +MA0722.1 of width 8.
Using motif -MA0722.1 of width 8.
Computing q-values.
Estimating pi_0 from a uniformly sampled set of 10000 p-values.
Estimating pi_0.
Estimated pi_0=1
Using motif +MA0723.1 of width 8.
Using motif -MA0723.1 of width 8.
Computing q-values.
Estimating pi_0 from a uniformly sampled set of 10000 p-values.
Estimating pi_0.
Estimated pi_0=1
Using motif +MA0721.1 of width 8.
Using motif -MA0721.1 of width 8.
Computing q-values.
Estimating pi_0 from a uniformly sampled set of 10000 p-values.
Estimating pi_0.
Estimated pi_0=1
Using motif +MA0141.3 of width 11.
Using motif -MA0141.3 of width 11.
Computing q-values.
Estimating pi_0 from a uniformly sampled set of 10000 p-values.
Estimating pi_0.
Estimated pi_0=0.999698
Using motif +MA0528.1 of width 21.
Using motif -MA0528.1 of width 21.
Warning: Reached max stored scores (100000).
Motif matches with p-value >= 2.5e-05 have been dropped to reclaim memory.
Computing q-values.
Estimating pi_0 from a uniformly sampled set of 10000 p-values.
Estimating pi_0.
Estimated pi_0=0.969005
Using motif +MA0007.2 of width 15.
Using motif -MA0007.2 of width 15.
Computing q-values.
Estimating pi_0 from a uniformly sampled set of 10000 p-values.
Estimating pi_0.
Estimated pi_0=0.966629
Using motif +MA0258.1 of width 18.
Using motif -MA0258.1 of width 18.
Computing q-values.
Estimating pi_0 from a uniformly sampled set of 10000 p-values.
Estimating pi_0.
Estimated pi_0=0.974011
Using motif +MA0259.1 of width 8.
Using motif -MA0259.1 of width 8.
Computing q-values.
Estimating pi_0 from a uniformly sampled set of 10000 p-values.
Estimating pi_0.
Estimated pi_0=0.840374
Using motif +MA0524.1 of width 15.
Using motif -MA0524.1 of width 15.
Computing q-values.
Estimating pi_0 from a uniformly sampled set of 10000 p-values.
Estimating pi_0.
Estimated pi_0=0.887087
Using motif +MA0525.1 of width 20.
Using motif -MA0525.1 of width 20.
Computing q-values.
Estimating pi_0 from a uniformly sampled set of 10000 p-values.
Estimating pi_0.
Estimated pi_0=0.959841
Using motif +MA0523.1 of width 14.
Using motif -MA0523.1 of width 14.
Computing q-values.
Estimating pi_0 from a uniformly sampled set of 10000 p-values.
Estimating pi_0.
Estimated pi_0=1
Using motif +MA0783.1 of width 12.
Using motif -MA0783.1 of width 12.
Computing q-values.
Estimating pi_0 from a uniformly sampled set of 10000 p-values.
Estimating pi_0.
Estimated pi_0=0.991658
Using motif +MA0752.1 of width 17.
Using motif -MA0752.1 of width 17.
Computing q-values.
Estimating pi_0 from a uniformly sampled set of 10000 p-values.
Estimating pi_0.
Estimated pi_0=1
Using motif +MA0850.1 of width 7.
Using motif -MA0850.1 of width 7.
Computing q-values.
Estimating pi_0 from a uniformly sampled set of 10000 p-values.
Estimating pi_0.
Estimated pi_0=1
Using motif +MA0753.1 of width 10.
Using motif -MA0753.1 of width 10.
Computing q-values.
Estimating pi_0 from a uniformly sampled set of 10000 p-values.
Estimating pi_0.
Estimated pi_0=0.872483
Using motif +MA0844.1 of width 14.
Using motif -MA0844.1 of width 14.
Computing q-values.
Estimating pi_0 from a uniformly sampled set of 10000 p-values.
Estimating pi_0.
Estimated pi_0=0.973929
Using motif +MA0843.1 of width 12.
Using motif -MA0843.1 of width 12.
Computing q-values.
Estimating pi_0 from a uniformly sampled set of 10000 p-values.
Estimating pi_0.
Estimated pi_0=1
Using motif +MA0032.2 of width 11.
Using motif -MA0032.2 of width 11.
Computing q-values.
Estimating pi_0 from a uniformly sampled set of 10000 p-values.
Estimating pi_0.
Estimated pi_0=1
Using motif +MA0845.1 of width 11.
Using motif -MA0845.1 of width 11.
Computing q-values.
Estimating pi_0 from a uniformly sampled set of 10000 p-values.
Estimating pi_0.
Estimated pi_0=1
Using motif +MA0847.1 of width 7.
Using motif -MA0847.1 of width 7.
Computing q-values.
Estimating pi_0 from a uniformly sampled set of 10000 p-values.
Estimating pi_0.
Estimated pi_0=1
Using motif +MA0846.1 of width 12.
Using motif -MA0846.1 of width 12.
Computing q-values.
Estimating pi_0 from a uniformly sampled set of 10000 p-values.
Estimating pi_0.
Estimated pi_0=1
Using motif +MA0849.1 of width 7.
Using motif -MA0849.1 of width 7.
Computing q-values.
Estimating pi_0 from a uniformly sampled set of 10000 p-values.
Estimating pi_0.
Estimated pi_0=1
Using motif +MA0848.1 of width 7.
Using motif -MA0848.1 of width 7.
Computing q-values.
Estimating pi_0 from a uniformly sampled set of 10000 p-values.
Estimating pi_0.
Estimated pi_0=1
Using motif +MA0112.1 of width 18.
Using motif -MA0112.1 of width 18.
Computing q-values.
Estimating pi_0 from a uniformly sampled set of 10000 p-values.
Estimating pi_0.
Estimated pi_0=0.875929
Using motif +MA0113.1 of width 18.
Using motif -MA0113.1 of width 18.
Computing q-values.
Estimating pi_0 from a uniformly sampled set of 10000 p-values.
Estimating pi_0.
Estimated pi_0=1
Using motif +MA0115.1 of width 17.
Using motif -MA0115.1 of width 17.
Computing q-values.
Estimating pi_0 from a uniformly sampled set of 10000 p-values.
Estimating pi_0.
Estimated pi_0=1
Using motif +MA0119.1 of width 14.
Using motif -MA0119.1 of width 14.
Computing q-values.
Estimating pi_0 from a uniformly sampled set of 10000 p-values.
Estimating pi_0.
Estimated pi_0=0.934765
Using motif +MA1100.1 of width 13.
Using motif -MA1100.1 of width 13.
Computing q-values.
Estimating pi_0 from a uniformly sampled set of 10000 p-values.
Estimating pi_0.
Estimated pi_0=0.842439
Using motif +MA1101.1 of width 14.
Using motif -MA1101.1 of width 14.
Computing q-values.
Estimating pi_0 from a uniformly sampled set of 10000 p-values.
Estimating pi_0.
Estimated pi_0=0.995657
Using motif +MA0852.2 of width 14.
Using motif -MA0852.2 of width 14.
Computing q-values.
Estimating pi_0 from a uniformly sampled set of 10000 p-values.
Estimating pi_0.
Estimated pi_0=1
Using motif +MA1103.1 of width 11.
Using motif -MA1103.1 of width 11.
Computing q-values.
Estimating pi_0 from a uniformly sampled set of 10000 p-values.
Estimating pi_0.
Estimated pi_0=1
Using motif +MA0018.3 of width 12.
Using motif -MA0018.3 of width 12.
Computing q-values.
Estimating pi_0 from a uniformly sampled set of 10000 p-values.
Estimating pi_0.
Estimated pi_0=0.962439
Using motif +MA1102.1 of width 14.
Using motif -MA1102.1 of width 14.
Computing q-values.
Estimating pi_0 from a uniformly sampled set of 10000 p-values.
Estimating pi_0.
Estimated pi_0=0.764902
Using motif +MA0481.2 of width 12.
Using motif -MA0481.2 of width 12.
Computing q-values.
Estimating pi_0 from a uniformly sampled set of 10000 p-values.
Estimating pi_0.
Estimated pi_0=1
Using motif +MA0036.3 of width 11.
Using motif -MA0036.3 of width 11.
Computing q-values.
Estimating pi_0 from a uniformly sampled set of 10000 p-values.
Estimating pi_0.
Estimated pi_0=1
Using motif +MA0599.1 of width 10.
Using motif -MA0599.1 of width 10.
Warning: Reached max stored scores (100000).
Motif matches with p-value >= 2.8e-05 have been dropped to reclaim memory.
Computing q-values.
Estimating pi_0 from a uniformly sampled set of 10000 p-values.
Estimating pi_0.
Estimated pi_0=0.912958
Using motif +MA0598.1 of width 8.
Using motif -MA0598.1 of width 8.
Computing q-values.
Estimating pi_0 from a uniformly sampled set of 10000 p-values.
Estimating pi_0.
Estimated pi_0=0.944085
Using motif +MA0600.1 of width 19.
Using motif -MA0600.1 of width 19.
Computing q-values.
Estimating pi_0 from a uniformly sampled set of 10000 p-values.
Estimating pi_0.
Estimated pi_0=0.994721
Using motif +MA1151.1 of width 12.
Using motif -MA1151.1 of width 12.
Computing q-values.
Estimating pi_0 from a uniformly sampled set of 10000 p-values.
Estimating pi_0.
Estimated pi_0=1
Using motif +MA1150.1 of width 11.
Using motif -MA1150.1 of width 11.
Computing q-values.
Estimating pi_0 from a uniformly sampled set of 10000 p-values.
Estimating pi_0.
Estimated pi_0=1
Using motif +MA0062.1 of width 10.
Using motif -MA0062.1 of width 10.
Computing q-values.
Estimating pi_0 from a uniformly sampled set of 10000 p-values.
Estimating pi_0.
Estimated pi_0=0.884505
Using motif +MA1148.1 of width 18.
Using motif -MA1148.1 of width 18.
Computing q-values.
Estimating pi_0 from a uniformly sampled set of 10000 p-values.
Estimating pi_0.
Estimated pi_0=0.968966
Using motif +MA1147.1 of width 15.
Using motif -MA1147.1 of width 15.
Computing q-values.
Estimating pi_0 from a uniformly sampled set of 10000 p-values.
Estimating pi_0.
Estimated pi_0=0.895098
Using motif +MA1146.1 of width 15.
Using motif -MA1146.1 of width 15.
Computing q-values.
Estimating pi_0 from a uniformly sampled set of 10000 p-values.
Estimating pi_0.
Estimated pi_0=0.939664
Using motif +MA1145.1 of width 15.
Using motif -MA1145.1 of width 15.
Computing q-values.
Estimating pi_0 from a uniformly sampled set of 10000 p-values.
Estimating pi_0.
Estimated pi_0=1
Using motif +MA1144.1 of width 10.
Using motif -MA1144.1 of width 10.
Computing q-values.
Estimating pi_0 from a uniformly sampled set of 10000 p-values.
Estimating pi_0.
Estimated pi_0=1
Using motif +MA0070.1 of width 12.
Using motif -MA0070.1 of width 12.
Computing q-values.
Estimating pi_0 from a uniformly sampled set of 10000 p-values.
Estimating pi_0.
Estimated pi_0=1
Using motif +MA0071.1 of width 10.
Using motif -MA0071.1 of width 10.
Computing q-values.
Estimating pi_0 from a uniformly sampled set of 10000 p-values.
Estimating pi_0.
Estimated pi_0=0.993263
Using motif +MA0831.2 of width 8.
Using motif -MA0831.2 of width 8.
Computing q-values.
Estimating pi_0 from a uniformly sampled set of 10000 p-values.
Estimating pi_0.
Estimated pi_0=0.931538
Using motif +MA1152.1 of width 10.
Using motif -MA1152.1 of width 10.
Computing q-values.
Estimating pi_0 from a uniformly sampled set of 10000 p-values.
Estimating pi_0.
Estimated pi_0=1
Using motif +MA0644.1 of width 10.
Using motif -MA0644.1 of width 10.
Computing q-values.
Estimating pi_0 from a uniformly sampled set of 10000 p-values.
Estimating pi_0.
Estimated pi_0=1
Using motif +MA0473.2 of width 12.
Using motif -MA0473.2 of width 12.
Computing q-values.
Estimating pi_0 from a uniformly sampled set of 10000 p-values.
Estimating pi_0.
Estimated pi_0=0.997588
Using motif +MA0027.2 of width 8.
Using motif -MA0027.2 of width 8.
Computing q-values.
Estimating pi_0 from a uniformly sampled set of 10000 p-values.
Estimating pi_0.
Estimated pi_0=1
Using motif +MA0033.2 of width 7.
Using motif -MA0033.2 of width 7.
Computing q-values.
Estimating pi_0 from a uniformly sampled set of 10000 p-values.
Estimating pi_0.
Estimated pi_0=1
Using motif +MA0042.2 of width 7.
Using motif -MA0042.2 of width 7.
Computing q-values.
Estimating pi_0 from a uniformly sampled set of 10000 p-values.
Estimating pi_0.
Estimated pi_0=0.988759
Using motif +MA0475.2 of width 10.
Using motif -MA0475.2 of width 10.
Computing q-values.
Estimating pi_0 from a uniformly sampled set of 10000 p-values.
Estimating pi_0.
Estimated pi_0=0.959098
Using motif +MA0645.1 of width 10.
Using motif -MA0645.1 of width 10.
Computing q-values.
Estimating pi_0 from a uniformly sampled set of 10000 p-values.
Estimating pi_0.
Estimated pi_0=0.962593
Using motif +MA0754.1 of width 10.
Using motif -MA0754.1 of width 10.
Computing q-values.
Estimating pi_0 from a uniformly sampled set of 10000 p-values.
Estimating pi_0.
Estimated pi_0=1
Using motif +MA0755.1 of width 10.
Using motif -MA0755.1 of width 10.
Computing q-values.
Estimating pi_0 from a uniformly sampled set of 10000 p-values.
Estimating pi_0.
Estimated pi_0=1
Using motif +MA0646.1 of width 11.
Using motif -MA0646.1 of width 11.
Computing q-values.
Estimating pi_0 from a uniformly sampled set of 10000 p-values.
Estimating pi_0.
Estimated pi_0=0.862963
Using motif +MA0157.2 of width 8.
Using motif -MA0157.2 of width 8.
Computing q-values.
Estimating pi_0 from a uniformly sampled set of 10000 p-values.
Estimating pi_0.
Estimated pi_0=1
Using motif +MA0469.2 of width 18.
Using motif -MA0469.2 of width 18.
slurmstepd: error: Job 24507452 exceeded memory limit (21015156 > 20971520), being killed
slurmstepd: error: Exceeded job memory limit
slurmstepd: error: *** JOB 24507452 ON bigmem0041 CANCELLED AT 2018-02-28T19:19:10 ***
