Running fimo...
Warning: text mode turns off computation of q-values
Using motif +MA1134.1 of width 12.
Using motif -MA1134.1 of width 12.
Using motif +MA1135.1 of width 10.
Using motif -MA1135.1 of width 10.
Using motif +MA1136.1 of width 10.
Using motif -MA1136.1 of width 10.
Using motif +MA1137.1 of width 13.
Using motif -MA1137.1 of width 13.
Using motif +MA1138.1 of width 10.
Using motif -MA1138.1 of width 10.
Using motif +MA1139.1 of width 12.
Using motif -MA1139.1 of width 12.
Using motif +MA1140.1 of width 10.
Using motif -MA1140.1 of width 10.
Using motif +MA1141.1 of width 13.
Using motif -MA1141.1 of width 13.
Using motif +MA0057.1 of width 10.
Using motif -MA0057.1 of width 10.
Using motif +MA0056.1 of width 6.
Using motif -MA0056.1 of width 6.
Using motif +MA0059.1 of width 11.
Using motif -MA0059.1 of width 11.
Using motif +MA0703.1 of width 8.
Using motif -MA0703.1 of width 8.
Using motif +MA0122.2 of width 9.
Using motif -MA0122.2 of width 9.
Using motif +MA0052.1 of width 10.
Using motif -MA0052.1 of width 10.
Using motif +MA0708.1 of width 8.
Using motif -MA0708.1 of width 8.
Using motif +MA0707.1 of width 10.
Using motif -MA0707.1 of width 10.
Using motif +MA0148.2 of width 11.
Using motif -MA0148.2 of width 11.
Using motif +MA0462.1 of width 11.
Using motif -MA0462.1 of width 11.
Using motif +MA0465.1 of width 11.
Using motif -MA0465.1 of width 11.
Using motif +MA0466.1 of width 11.
Using motif -MA0466.1 of width 11.
Using motif +MA0468.1 of width 11.
Using motif -MA0468.1 of width 11.
Using motif +MA0765.1 of width 10.
Using motif -MA0765.1 of width 10.
Using motif +MA0764.1 of width 10.
Using motif -MA0764.1 of width 10.
Using motif +MA0763.1 of width 10.
Using motif -MA0763.1 of width 10.
Using motif +MA0762.1 of width 11.
Using motif -MA0762.1 of width 11.
Using motif +MA0761.1 of width 10.
Using motif -MA0761.1 of width 10.
Using motif +MA0098.3 of width 10.
Using motif -MA0098.3 of width 10.
Using motif +MA0474.2 of width 10.
Using motif -MA0474.2 of width 10.
Using motif +MA0760.1 of width 10.
Using motif -MA0760.1 of width 10.
Using motif +MA0766.1 of width 8.
Using motif -MA0766.1 of width 8.
Using motif +MA0156.2 of width 10.
Using motif -MA0156.2 of width 10.
Using motif +MA0641.1 of width 12.
Using motif -MA0641.1 of width 12.
Using motif +MA0136.2 of width 11.
Using motif -MA0136.2 of width 11.
Using motif +MA0639.1 of width 12.
Using motif -MA0639.1 of width 12.
Using motif +MA0154.3 of width 14.
Using motif -MA0154.3 of width 14.
Using motif +MA0598.2 of width 12.
Using motif -MA0598.2 of width 12.
Using motif +MA0640.1 of width 13.
Using motif -MA0640.1 of width 13.
Using motif +MA0635.1 of width 10.
Using motif -MA0635.1 of width 10.
Using motif +MA0636.1 of width 10.
Using motif -MA0636.1 of width 10.
Using motif +MA0637.1 of width 15.
Using motif -MA0637.1 of width 15.
Using motif +MA0638.1 of width 14.
Using motif -MA0638.1 of width 14.
Using motif +MA0914.1 of width 8.
Using motif -MA0914.1 of width 8.
Using motif +MA0909.1 of width 10.
Using motif -MA0909.1 of width 10.
Using motif +MA0908.1 of width 10.
Using motif -MA0908.1 of width 10.
Using motif +MA0030.1 of width 14.
Using motif -MA0030.1 of width 14.
Using motif +MA0031.1 of width 8.
Using motif -MA0031.1 of width 8.
Using motif +MA0028.1 of width 10.
Using motif -MA0028.1 of width 10.
Using motif +MA0024.1 of width 8.
Using motif -MA0024.1 of width 8.
Using motif +MA0025.1 of width 11.
Using motif -MA0025.1 of width 11.
Using motif +MA0710.1 of width 10.
Using motif -MA0710.1 of width 10.
Using motif +MA0105.1 of width 10.
Using motif -MA0105.1 of width 10.
Using motif +MA0060.1 of width 16.
Using motif -MA0060.1 of width 16.
Using motif +MA0796.1 of width 12.
Using motif -MA0796.1 of width 12.
Using motif +MA0795.1 of width 10.
Using motif -MA0795.1 of width 10.
Using motif +MA0600.2 of width 16.
Using motif -MA0600.2 of width 16.
Using motif +MA0794.1 of width 12.
Using motif -MA0794.1 of width 12.
Using motif +MA0510.2 of width 16.
Using motif -MA0510.2 of width 16.
Using motif +MA0799.1 of width 16.
Using motif -MA0799.1 of width 16.
Using motif +MA0798.1 of width 16.
Using motif -MA0798.1 of width 16.
Using motif +MA0797.1 of width 12.
Using motif -MA0797.1 of width 12.
Using motif +MA0800.1 of width 13.
Using motif -MA0800.1 of width 13.
Using motif +MA0511.2 of width 9.
Using motif -MA0511.2 of width 9.
Using motif +MA0868.1 of width 16.
Using motif -MA0868.1 of width 16.
Using motif +MA1142.1 of width 10.
Using motif -MA1142.1 of width 10.
Using motif +MA0867.1 of width 16.
Using motif -MA0867.1 of width 16.
Using motif +MA1143.1 of width 10.
Using motif -MA1143.1 of width 10.
Using motif +MA0517.1 of width 15.
Using motif -MA0517.1 of width 15.
Using motif +MA0516.1 of width 15.
Using motif -MA0516.1 of width 15.
Using motif +MA0513.1 of width 13.
Using motif -MA0513.1 of width 13.
Using motif +MA0511.1 of width 15.
Using motif -MA0511.1 of width 15.
Using motif +MA0510.1 of width 15.
Using motif -MA0510.1 of width 15.
Using motif +MA0058.1 of width 10.
Using motif -MA0058.1 of width 10.
Using motif +MA0060.3 of width 11.
Using motif -MA0060.3 of width 11.
Using motif +MA0863.1 of width 14.
Using motif -MA0863.1 of width 14.
Using motif +MA1111.1 of width 11.
Using motif -MA1111.1 of width 11.
Using motif +MA1112.1 of width 10.
Using motif -MA1112.1 of width 10.
Using motif +MA0634.1 of width 10.
Using motif -MA0634.1 of width 10.
Using motif +MA0104.4 of width 12.
Using motif -MA0104.4 of width 12.
Using motif +MA1109.1 of width 13.
Using motif -MA1109.1 of width 13.
Using motif +MA0907.1 of width 11.
Using motif -MA0907.1 of width 11.
Using motif +MA0630.1 of width 8.
Using motif -MA0630.1 of width 8.
Using motif +MA0095.1 of width 6.
Using motif -MA0095.1 of width 6.
Using motif +MA0093.1 of width 7.
Using motif -MA0093.1 of width 7.
Using motif +MA0098.1 of width 6.
Using motif -MA0098.1 of width 6.
Using motif +MA1113.1 of width 12.
Using motif -MA1113.1 of width 12.
Using motif +MA0628.1 of width 10.
Using motif -MA0628.1 of width 10.
Using motif +MA0661.1 of width 10.
Using motif -MA0661.1 of width 10.
Using motif +MA0662.1 of width 10.
Using motif -MA0662.1 of width 10.
Using motif +MA0663.1 of width 10.
Using motif -MA0663.1 of width 10.
Using motif +MA0664.1 of width 10.
Using motif -MA0664.1 of width 10.
Using motif +MA0665.1 of width 10.
Using motif -MA0665.1 of width 10.
Using motif +MA0666.1 of width 8.
Using motif -MA0666.1 of width 8.
Using motif +MA0667.1 of width 10.
Using motif -MA0667.1 of width 10.
Using motif +MA0668.1 of width 10.
Using motif -MA0668.1 of width 10.
Using motif +MA0669.1 of width 10.
Using motif -MA0669.1 of width 10.
Using motif +MA0670.1 of width 10.
Using motif -MA0670.1 of width 10.
Using motif +MA0671.1 of width 9.
Using motif -MA0671.1 of width 9.
Using motif +MA0660.1 of width 12.
Using motif -MA0660.1 of width 12.
Using motif +MA0693.2 of width 8.
Using motif -MA0693.2 of width 8.
Using motif +MA0657.1 of width 18.
Using motif -MA0657.1 of width 18.
Using motif +MA0656.1 of width 12.
Using motif -MA0656.1 of width 12.
Using motif +MA0659.1 of width 21.
Using motif -MA0659.1 of width 21.
Using motif +MA0658.1 of width 10.
Using motif -MA0658.1 of width 10.
Using motif +MA0653.1 of width 15.
Using motif -MA0653.1 of width 15.
Using motif +MA0652.1 of width 14.
Using motif -MA0652.1 of width 14.
Using motif +MA0655.1 of width 9.
Using motif -MA0655.1 of width 9.
Using motif +MA0654.1 of width 8.
Using motif -MA0654.1 of width 8.
Using motif +MA0737.1 of width 14.
Using motif -MA0737.1 of width 14.
Using motif +MA0738.1 of width 9.
Using motif -MA0738.1 of width 9.
Using motif +MA0740.1 of width 14.
Using motif -MA0740.1 of width 14.
Using motif +MA0733.1 of width 16.
Using motif -MA0733.1 of width 16.
Using motif +MA0734.1 of width 12.
Using motif -MA0734.1 of width 12.
Using motif +MA0735.1 of width 16.
Using motif -MA0735.1 of width 16.
Using motif +MA0736.1 of width 14.
Using motif -MA0736.1 of width 14.
Using motif +MA0831.1 of width 10.
Using motif -MA0831.1 of width 10.
Using motif +MA0830.1 of width 10.
Using motif -MA0830.1 of width 10.
Using motif +MA0522.2 of width 10.
Using motif -MA0522.2 of width 10.
Using motif +MA0828.1 of width 10.
Using motif -MA0828.1 of width 10.
Using motif +MA0827.1 of width 10.
Using motif -MA0827.1 of width 10.
Using motif +MA0826.1 of width 10.
Using motif -MA0826.1 of width 10.
Using motif +MA0834.1 of width 14.
Using motif -MA0834.1 of width 14.
Using motif +MA0833.1 of width 13.
Using motif -MA0833.1 of width 13.
Using motif +MA0138.1 of width 19.
Using motif -MA0138.1 of width 19.
Using motif +MA0139.1 of width 19.
Using motif -MA0139.1 of width 19.
Using motif +MA0137.1 of width 14.
Using motif -MA0137.1 of width 14.
Using motif +MA0131.1 of width 10.
Using motif -MA0131.1 of width 10.
Using motif +MA0052.2 of width 15.
Using motif -MA0052.2 of width 15.
Using motif +MA0037.2 of width 8.
Using motif -MA0037.2 of width 8.
Using motif +MA0114.2 of width 15.
Using motif -MA0114.2 of width 15.
Using motif +MA0050.2 of width 21.
Using motif -MA0050.2 of width 21.
Using motif +MA0058.2 of width 10.
Using motif -MA0058.2 of width 10.
Using motif +MA0741.1 of width 11.
Using motif -MA0741.1 of width 11.
Using motif +MA0105.3 of width 11.
Using motif -MA0105.3 of width 11.
Using motif +MA0442.1 of width 6.
Using motif -MA0442.1 of width 6.
Using motif +MA0017.1 of width 14.
Using motif -MA0017.1 of width 14.
Using motif +MA0697.1 of width 15.
Using motif -MA0697.1 of width 15.
Using motif +MA0698.1 of width 13.
Using motif -MA0698.1 of width 13.
Using motif +MA0699.1 of width 10.
Using motif -MA0699.1 of width 10.
Using motif +MA0700.1 of width 10.
Using motif -MA0700.1 of width 10.
Using motif +MA0694.1 of width 12.
Using motif -MA0694.1 of width 12.
Using motif +MA0695.1 of width 12.
Using motif -MA0695.1 of width 12.
Using motif +MA0696.1 of width 14.
Using motif -MA0696.1 of width 14.
Using motif +MA0018.1 of width 12.
Using motif -MA0018.1 of width 12.
Using motif +MA0701.1 of width 8.
Using motif -MA0701.1 of width 8.
Using motif +MA0702.1 of width 8.
Using motif -MA0702.1 of width 8.
Using motif +MA1133.1 of width 12.
Using motif -MA1133.1 of width 12.
Using motif +MA1132.1 of width 10.
Using motif -MA1132.1 of width 10.
Using motif +MA1129.1 of width 10.
Using motif -MA1129.1 of width 10.
Using motif +MA1128.1 of width 13.
Using motif -MA1128.1 of width 13.
Using motif +MA1131.1 of width 11.
Using motif -MA1131.1 of width 11.
Using motif +MA1130.1 of width 12.
Using motif -MA1130.1 of width 12.
Using motif +MA0099.3 of width 10.
Using motif -MA0099.3 of width 10.
Using motif +MA0037.3 of width 8.
Using motif -MA0037.3 of width 8.
Using motif +MA1127.1 of width 11.
Using motif -MA1127.1 of width 11.
Using motif +MA1126.1 of width 16.
Using motif -MA1126.1 of width 16.
Using motif +MA0473.1 of width 13.
Using motif -MA0473.1 of width 13.
Using motif +MA0470.1 of width 11.
Using motif -MA0470.1 of width 11.
Using motif +MA0471.1 of width 11.
Using motif -MA0471.1 of width 11.
Using motif +MA0476.1 of width 11.
Using motif -MA0476.1 of width 11.
Using motif +MA0477.1 of width 11.
Using motif -MA0477.1 of width 11.
Using motif +MA0475.1 of width 11.
Using motif -MA0475.1 of width 11.
Using motif +MA0478.1 of width 11.
Using motif -MA0478.1 of width 11.
Using motif +MA0479.1 of width 11.
Using motif -MA0479.1 of width 11.
Using motif +MA0767.1 of width 10.
Using motif -MA0767.1 of width 10.
Using motif +MA0768.1 of width 15.
Using motif -MA0768.1 of width 15.
Using motif +MA0112.2 of width 20.
Using motif -MA0112.2 of width 20.
Using motif +MA0770.1 of width 13.
Using motif -MA0770.1 of width 13.
Using motif +MA0771.1 of width 13.
Using motif -MA0771.1 of width 13.
Using motif +MA0772.1 of width 14.
Using motif -MA0772.1 of width 14.
Using motif +MA0052.3 of width 12.
Using motif -MA0052.3 of width 12.
Using motif +MA0773.1 of width 12.
Using motif -MA0773.1 of width 12.
Using motif +MA0498.2 of width 7.
Using motif -MA0498.2 of width 7.
Using motif +MA0774.1 of width 8.
Using motif -MA0774.1 of width 8.
Using motif +MA0150.1 of width 11.
Using motif -MA0150.1 of width 11.
Using motif +MA0692.1 of width 10.
Using motif -MA0692.1 of width 10.
Using motif +MA0145.3 of width 10.
Using motif -MA0145.3 of width 10.
Using motif +MA0083.3 of width 16.
Using motif -MA0083.3 of width 16.
Using motif +MA0687.1 of width 14.
Using motif -MA0687.1 of width 14.
Using motif +MA0688.1 of width 11.
Using motif -MA0688.1 of width 11.
Using motif +MA0009.2 of width 16.
Using motif -MA0009.2 of width 16.
Using motif +MA0690.1 of width 10.
Using motif -MA0690.1 of width 10.
Using motif +MA0689.1 of width 11.
Using motif -MA0689.1 of width 11.
Using motif +MA0691.1 of width 10.
Using motif -MA0691.1 of width 10.
Using motif +MA0090.2 of width 10.
Using motif -MA0090.2 of width 10.
Using motif +MA0899.1 of width 11.
Using motif -MA0899.1 of width 11.
Using motif +MA0900.1 of width 10.
Using motif -MA0900.1 of width 10.
Using motif +MA0901.1 of width 10.
Using motif -MA0901.1 of width 10.
Using motif +MA0902.1 of width 10.
Using motif -MA0902.1 of width 10.
Using motif +MA0903.1 of width 10.
Using motif -MA0903.1 of width 10.
Using motif +MA0905.1 of width 10.
Using motif -MA0905.1 of width 10.
Using motif +MA0906.1 of width 11.
Using motif -MA0906.1 of width 11.
Using motif +MA0862.1 of width 8.
Using motif -MA0862.1 of width 8.
Using motif +MA0861.1 of width 18.
Using motif -MA0861.1 of width 18.
Using motif +MA0106.3 of width 18.
Using motif -MA0106.3 of width 18.
Using motif +MA0866.1 of width 15.
Using motif -MA0866.1 of width 15.
Using motif +MA0865.1 of width 12.
Using motif -MA0865.1 of width 12.
Using motif +MA0864.1 of width 16.
Using motif -MA0864.1 of width 16.
Using motif +MA0024.3 of width 12.
Using motif -MA0024.3 of width 12.
Using motif +MA0672.1 of width 10.
Using motif -MA0672.1 of width 10.
Using motif +MA0793.1 of width 10.
Using motif -MA0793.1 of width 10.
Using motif +MA0715.1 of width 11.
Using motif -MA0715.1 of width 11.
Using motif +MA0714.1 of width 9.
Using motif -MA0714.1 of width 9.
Using motif +MA0717.1 of width 8.
Using motif -MA0717.1 of width 8.
Using motif +MA0716.1 of width 8.
Using motif -MA0716.1 of width 8.
Using motif +MA0712.1 of width 8.
Using motif -MA0712.1 of width 8.
Using motif +MA0711.1 of width 8.
Using motif -MA0711.1 of width 8.
Using motif +MA0713.1 of width 11.
Using motif -MA0713.1 of width 11.
Using motif +MA0132.2 of width 8.
Using motif -MA0132.2 of width 8.
Using motif +MA0719.1 of width 8.
Using motif -MA0719.1 of width 8.
Using motif +MA0718.1 of width 10.
Using motif -MA0718.1 of width 10.
Using motif +MA0036.2 of width 14.
Using motif -MA0036.2 of width 14.
Using motif +MA0258.2 of width 15.
Using motif -MA0258.2 of width 15.
Using motif +MA0076.2 of width 11.
Using motif -MA0076.2 of width 11.
Using motif +MA0148.3 of width 15.
Using motif -MA0148.3 of width 15.
Using motif +MA0024.2 of width 11.
Using motif -MA0024.2 of width 11.
Using motif +MA0102.3 of width 11.
Using motif -MA0102.3 of width 11.
Using motif +MA0162.2 of width 14.
Using motif -MA0162.2 of width 14.
Using motif +MA0154.2 of width 11.
Using motif -MA0154.2 of width 11.
Using motif +MA0105.4 of width 13.
Using motif -MA0105.4 of width 13.
Using motif +MA0068.2 of width 8.
Using motif -MA0068.2 of width 8.
Using motif +MA0679.1 of width 14.
Using motif -MA0679.1 of width 14.
Using motif +MA0080.2 of width 7.
Using motif -MA0080.2 of width 7.
Using motif +MA0809.1 of width 10.
Using motif -MA0809.1 of width 10.
Using motif +MA0810.1 of width 12.
Using motif -MA0810.1 of width 12.
Using motif +MA0805.1 of width 8.
Using motif -MA0805.1 of width 8.
Using motif +MA0806.1 of width 8.
Using motif -MA0806.1 of width 8.
Using motif +MA0807.1 of width 8.
Using motif -MA0807.1 of width 8.
Using motif +MA0808.1 of width 8.
Using motif -MA0808.1 of width 8.
Using motif +MA0801.1 of width 8.
Using motif -MA0801.1 of width 8.
Using motif +MA0802.1 of width 10.
Using motif -MA0802.1 of width 10.
Using motif +MA0803.1 of width 8.
Using motif -MA0803.1 of width 8.
Using motif +MA0804.1 of width 20.
Using motif -MA0804.1 of width 20.
Using motif +MA0508.1 of width 15.
Using motif -MA0508.1 of width 15.
Using motif +MA0163.1 of width 14.
Using motif -MA0163.1 of width 14.
Using motif +MA0079.2 of width 10.
Using motif -MA0079.2 of width 10.
Using motif +MA0099.2 of width 7.
Using motif -MA0099.2 of width 7.
Using motif +MA0018.2 of width 8.
Using motif -MA0018.2 of width 8.
Using motif +MA0501.1 of width 15.
Using motif -MA0501.1 of width 15.
Using motif +MA0502.1 of width 15.
Using motif -MA0502.1 of width 15.
Using motif +MA0504.1 of width 15.
Using motif -MA0504.1 of width 15.
Using motif +MA0506.1 of width 11.
Using motif -MA0506.1 of width 11.
Using motif +MA0507.1 of width 13.
Using motif -MA0507.1 of width 13.
Using motif +MA0107.1 of width 10.
Using motif -MA0107.1 of width 10.
Using motif +MA0106.1 of width 20.
Using motif -MA0106.1 of width 20.
Using motif +MA0105.2 of width 11.
Using motif -MA0105.2 of width 11.
Using motif +MA0065.1 of width 20.
Using motif -MA0065.1 of width 20.
Using motif +MA1149.1 of width 18.
Using motif -MA1149.1 of width 18.
Using motif +MA1105.1 of width 15.
Using motif -MA1105.1 of width 15.
Using motif +MA1104.1 of width 13.
Using motif -MA1104.1 of width 13.
Using motif +MA0039.3 of width 11.
Using motif -MA0039.3 of width 11.
Using motif +MA1106.1 of width 10.
Using motif -MA1106.1 of width 10.
Using motif +MA0495.2 of width 21.
Using motif -MA0495.2 of width 21.
Using motif +MA1107.1 of width 13.
Using motif -MA1107.1 of width 13.
Using motif +MA0620.2 of width 18.
Using motif -MA0620.2 of width 18.
Using motif +MA0496.2 of width 19.
Using motif -MA0496.2 of width 19.
Using motif +MA0147.3 of width 12.
Using motif -MA0147.3 of width 12.
Using motif +MA1108.1 of width 13.
Using motif -MA1108.1 of width 13.
Using motif +MA0002.1 of width 11.
Using motif -MA0002.1 of width 11.
Using motif +MA0003.1 of width 9.
Using motif -MA0003.1 of width 9.
Using motif +MA0069.1 of width 14.
Using motif -MA0069.1 of width 14.
Using motif +MA0066.1 of width 20.
Using motif -MA0066.1 of width 20.
Using motif +MA0153.2 of width 13.
Using motif -MA0153.2 of width 13.
Using motif +MA0650.1 of width 10.
Using motif -MA0650.1 of width 10.
Using motif +MA0043.2 of width 12.
Using motif -MA0043.2 of width 12.
Using motif +MA0046.2 of width 15.
Using motif -MA0046.2 of width 15.
Using motif +MA0649.1 of width 10.
Using motif -MA0649.1 of width 10.
Using motif +MA0131.2 of width 12.
Using motif -MA0131.2 of width 12.
Using motif +MA0647.1 of width 12.
Using motif -MA0647.1 of width 12.
Using motif +MA0648.1 of width 10.
Using motif -MA0648.1 of width 10.
Using motif +MA0744.1 of width 13.
Using motif -MA0744.1 of width 13.
Using motif +MA0743.1 of width 15.
Using motif -MA0743.1 of width 15.
Using motif +MA0746.1 of width 11.
Using motif -MA0746.1 of width 11.
Using motif +MA0745.1 of width 9.
Using motif -MA0745.1 of width 9.
Using motif +MA0748.1 of width 11.
Using motif -MA0748.1 of width 11.
Using motif +MA0747.1 of width 12.
Using motif -MA0747.1 of width 12.
Using motif +MA0651.1 of width 11.
Using motif -MA0651.1 of width 11.
Using motif +MA0486.2 of width 13.
Using motif -MA0486.2 of width 13.
Using motif +MA0835.1 of width 14.
Using motif -MA0835.1 of width 14.
Using motif +MA0466.2 of width 10.
Using motif -MA0466.2 of width 10.
Using motif +MA0836.1 of width 10.
Using motif -MA0836.1 of width 10.
Using motif +MA0837.1 of width 10.
Using motif -MA0837.1 of width 10.
Using motif +MA0838.1 of width 10.
Using motif -MA0838.1 of width 10.
Using motif +MA0839.1 of width 14.
Using motif -MA0839.1 of width 14.
Using motif +MA0841.1 of width 11.
Using motif -MA0841.1 of width 11.
Using motif +MA0842.1 of width 11.
Using motif -MA0842.1 of width 11.
Using motif +MA0889.1 of width 10.
Using motif -MA0889.1 of width 10.
Using motif +MA0888.1 of width 10.
Using motif -MA0888.1 of width 10.
Using motif +MA0891.1 of width 10.
Using motif -MA0891.1 of width 10.
Using motif +MA0890.1 of width 10.
Using motif -MA0890.1 of width 10.
Using motif +MA0893.1 of width 10.
Using motif -MA0893.1 of width 10.
Using motif +MA0892.1 of width 10.
Using motif -MA0892.1 of width 10.
Using motif +MA0895.1 of width 10.
Using motif -MA0895.1 of width 10.
Using motif +MA0894.1 of width 10.
Using motif -MA0894.1 of width 10.
Using motif +MA0042.1 of width 12.
Using motif -MA0042.1 of width 12.
Using motif +MA0043.1 of width 12.
Using motif -MA0043.1 of width 12.
Using motif +MA0048.1 of width 12.
Using motif -MA0048.1 of width 12.
Using motif +MA0050.1 of width 12.
Using motif -MA0050.1 of width 12.
Using motif +MA0051.1 of width 18.
Using motif -MA0051.1 of width 18.
Using motif +MA0149.1 of width 18.
Using motif -MA0149.1 of width 18.
Using motif +MA0148.1 of width 11.
Using motif -MA0148.1 of width 11.
Using motif +MA0095.2 of width 12.
Using motif -MA0095.2 of width 12.
Using motif +MA0103.2 of width 9.
Using motif -MA0103.2 of width 9.
Using motif +MA0106.2 of width 15.
Using motif -MA0106.2 of width 15.
Using motif +MA0093.2 of width 11.
Using motif -MA0093.2 of width 11.
Using motif +MA0814.1 of width 11.
Using motif -MA0814.1 of width 11.
Using motif +MA0524.2 of width 12.
Using motif -MA0524.2 of width 12.
Using motif +MA0815.1 of width 13.
Using motif -MA0815.1 of width 13.
Using motif +MA0811.1 of width 12.
Using motif -MA0811.1 of width 12.
Using motif +MA0003.3 of width 11.
Using motif -MA0003.3 of width 11.
Using motif +MA0813.1 of width 13.
Using motif -MA0813.1 of width 13.
Using motif +MA0812.1 of width 11.
Using motif -MA0812.1 of width 11.
Using motif +MA0464.2 of width 10.
Using motif -MA0464.2 of width 10.
Using motif +MA0491.1 of width 11.
Using motif -MA0491.1 of width 11.
Using motif +MA0490.1 of width 11.
Using motif -MA0490.1 of width 11.
Using motif +MA0492.1 of width 15.
Using motif -MA0492.1 of width 15.
Using motif +MA0495.1 of width 18.
Using motif -MA0495.1 of width 18.
Using motif +MA0497.1 of width 15.
Using motif -MA0497.1 of width 15.
Using motif +MA0496.1 of width 15.
Using motif -MA0496.1 of width 15.
Using motif +MA0592.1 of width 11.
Using motif -MA0592.1 of width 11.
Using motif +MA0593.1 of width 11.
Using motif -MA0593.1 of width 11.
Using motif +MA0595.1 of width 10.
Using motif -MA0595.1 of width 10.
Using motif +MA0080.1 of width 6.
Using motif -MA0080.1 of width 6.
Using motif +MA0081.1 of width 7.
Using motif -MA0081.1 of width 7.
Using motif +MA0076.1 of width 9.
Using motif -MA0076.1 of width 9.
Using motif +MA0077.1 of width 9.
Using motif -MA0077.1 of width 9.
Using motif +MA0079.1 of width 10.
Using motif -MA0079.1 of width 10.
Using motif +MA0072.1 of width 14.
Using motif -MA0072.1 of width 14.
Using motif +MA0073.1 of width 20.
Using motif -MA0073.1 of width 20.
Using motif +MA0074.1 of width 15.
Using motif -MA0074.1 of width 15.
Using motif +MA1155.1 of width 15.
Using motif -MA1155.1 of width 15.
Using motif +MA1125.1 of width 12.
Using motif -MA1125.1 of width 12.
Using motif +MA1154.1 of width 17.
Using motif -MA1154.1 of width 17.
Using motif +MA0103.3 of width 11.
Using motif -MA0103.3 of width 11.
Using motif +MA1124.1 of width 13.
Using motif -MA1124.1 of width 13.
Using motif +MA0526.2 of width 16.
Using motif -MA0526.2 of width 16.
Using motif +MA0750.2 of width 13.
Using motif -MA0750.2 of width 13.
Using motif +MA1122.1 of width 11.
Using motif -MA1122.1 of width 11.
Using motif +MA1123.1 of width 13.
Using motif -MA1123.1 of width 13.
Using motif +MA0159.1 of width 17.
Using motif -MA0159.1 of width 17.
Using motif +MA0158.1 of width 8.
Using motif -MA0158.1 of width 8.
Using motif +MA0157.1 of width 8.
Using motif -MA0157.1 of width 8.
Using motif +MA0156.1 of width 8.
Using motif -MA0156.1 of width 8.
Using motif +MA0155.1 of width 12.
Using motif -MA0155.1 of width 12.
Using motif +MA0782.1 of width 12.
Using motif -MA0782.1 of width 12.
Using motif +MA0153.1 of width 12.
Using motif -MA0153.1 of width 12.
Using motif +MA0152.1 of width 7.
Using motif -MA0152.1 of width 7.
Using motif +MA0779.1 of width 17.
Using motif -MA0779.1 of width 17.
Using motif +MA0778.1 of width 13.
Using motif -MA0778.1 of width 13.
Using motif +MA0781.1 of width 17.
Using motif -MA0781.1 of width 17.
Using motif +MA0780.1 of width 10.
Using motif -MA0780.1 of width 10.
Using motif +MA0776.1 of width 12.
Using motif -MA0776.1 of width 12.
Using motif +MA0775.1 of width 8.
Using motif -MA0775.1 of width 8.
Using motif +MA0161.1 of width 6.
Using motif -MA0161.1 of width 6.
Using motif +MA0160.1 of width 8.
Using motif -MA0160.1 of width 8.
Using motif +MA0686.1 of width 11.
Using motif -MA0686.1 of width 11.
Using motif +MA0080.4 of width 14.
Using motif -MA0080.4 of width 14.
Using motif +MA0683.1 of width 16.
Using motif -MA0683.1 of width 16.
Using motif +MA0680.1 of width 10.
Using motif -MA0680.1 of width 10.
Using motif +MA0685.1 of width 17.
Using motif -MA0685.1 of width 17.
Using motif +MA0684.1 of width 10.
Using motif -MA0684.1 of width 10.
Using motif +MA0028.2 of width 10.
Using motif -MA0028.2 of width 10.
Using motif +MA0873.1 of width 11.
Using motif -MA0873.1 of width 11.
Using motif +MA0875.1 of width 8.
Using motif -MA0875.1 of width 8.
Using motif +MA0871.1 of width 10.
Using motif -MA0871.1 of width 10.
Using motif +MA0872.1 of width 13.
Using motif -MA0872.1 of width 13.
Using motif +MA0876.1 of width 8.
Using motif -MA0876.1 of width 8.
Using motif +MA0751.1 of width 15.
Using motif -MA0751.1 of width 15.
Using motif +MA0777.1 of width 15.
Using motif -MA0777.1 of width 15.
Using motif +MA0642.1 of width 10.
Using motif -MA0642.1 of width 10.
Using motif +MA0726.1 of width 8.
Using motif -MA0726.1 of width 8.
Using motif +MA0112.3 of width 17.
Using motif -MA0112.3 of width 17.
Using motif +MA0724.1 of width 9.
Using motif -MA0724.1 of width 9.
Using motif +MA0759.1 of width 10.
Using motif -MA0759.1 of width 10.
Using motif +MA0722.1 of width 8.
Using motif -MA0722.1 of width 8.
Using motif +MA0723.1 of width 8.
Using motif -MA0723.1 of width 8.
Using motif +MA0721.1 of width 8.
Using motif -MA0721.1 of width 8.
Using motif +MA0141.3 of width 11.
Using motif -MA0141.3 of width 11.
Using motif +MA0528.1 of width 21.
Using motif -MA0528.1 of width 21.
Using motif +MA0007.2 of width 15.
Using motif -MA0007.2 of width 15.
Using motif +MA0258.1 of width 18.
Using motif -MA0258.1 of width 18.
Using motif +MA0259.1 of width 8.
Using motif -MA0259.1 of width 8.
Using motif +MA0524.1 of width 15.
Using motif -MA0524.1 of width 15.
Using motif +MA0525.1 of width 20.
Using motif -MA0525.1 of width 20.
Using motif +MA0523.1 of width 14.
Using motif -MA0523.1 of width 14.
Using motif +MA0783.1 of width 12.
Using motif -MA0783.1 of width 12.
Using motif +MA0752.1 of width 17.
Using motif -MA0752.1 of width 17.
Using motif +MA0850.1 of width 7.
Using motif -MA0850.1 of width 7.
Using motif +MA0753.1 of width 10.
Using motif -MA0753.1 of width 10.
Using motif +MA0844.1 of width 14.
Using motif -MA0844.1 of width 14.
Using motif +MA0843.1 of width 12.
Using motif -MA0843.1 of width 12.
Using motif +MA0032.2 of width 11.
Using motif -MA0032.2 of width 11.
Using motif +MA0845.1 of width 11.
Using motif -MA0845.1 of width 11.
Using motif +MA0847.1 of width 7.
Using motif -MA0847.1 of width 7.
Using motif +MA0846.1 of width 12.
Using motif -MA0846.1 of width 12.
Using motif +MA0849.1 of width 7.
Using motif -MA0849.1 of width 7.
Using motif +MA0848.1 of width 7.
Using motif -MA0848.1 of width 7.
Using motif +MA0112.1 of width 18.
Using motif -MA0112.1 of width 18.
Using motif +MA0113.1 of width 18.
Using motif -MA0113.1 of width 18.
Using motif +MA0115.1 of width 17.
Using motif -MA0115.1 of width 17.
Using motif +MA0119.1 of width 14.
Using motif -MA0119.1 of width 14.
Using motif +MA1100.1 of width 13.
Using motif -MA1100.1 of width 13.
Using motif +MA1101.1 of width 14.
Using motif -MA1101.1 of width 14.
Using motif +MA0852.2 of width 14.
Using motif -MA0852.2 of width 14.
Using motif +MA1103.1 of width 11.
Using motif -MA1103.1 of width 11.
Using motif +MA0018.3 of width 12.
Using motif -MA0018.3 of width 12.
Using motif +MA1102.1 of width 14.
Using motif -MA1102.1 of width 14.
Using motif +MA0481.2 of width 12.
Using motif -MA0481.2 of width 12.
Using motif +MA0036.3 of width 11.
Using motif -MA0036.3 of width 11.
Using motif +MA0599.1 of width 10.
Using motif -MA0599.1 of width 10.
Using motif +MA0598.1 of width 8.
Using motif -MA0598.1 of width 8.
Using motif +MA0600.1 of width 19.
Using motif -MA0600.1 of width 19.
Using motif +MA1151.1 of width 12.
Using motif -MA1151.1 of width 12.
Using motif +MA1150.1 of width 11.
Using motif -MA1150.1 of width 11.
Using motif +MA0062.1 of width 10.
Using motif -MA0062.1 of width 10.
Using motif +MA1148.1 of width 18.
Using motif -MA1148.1 of width 18.
Using motif +MA1147.1 of width 15.
Using motif -MA1147.1 of width 15.
Using motif +MA1146.1 of width 15.
Using motif -MA1146.1 of width 15.
Using motif +MA1145.1 of width 15.
Using motif -MA1145.1 of width 15.
Using motif +MA1144.1 of width 10.
Using motif -MA1144.1 of width 10.
Using motif +MA0070.1 of width 12.
Using motif -MA0070.1 of width 12.
Using motif +MA0071.1 of width 10.
Using motif -MA0071.1 of width 10.
Using motif +MA0831.2 of width 8.
Using motif -MA0831.2 of width 8.
Using motif +MA1152.1 of width 10.
Using motif -MA1152.1 of width 10.
Using motif +MA0644.1 of width 10.
Using motif -MA0644.1 of width 10.
Using motif +MA0473.2 of width 12.
Using motif -MA0473.2 of width 12.
Using motif +MA0027.2 of width 8.
Using motif -MA0027.2 of width 8.
Using motif +MA0033.2 of width 7.
Using motif -MA0033.2 of width 7.
Using motif +MA0042.2 of width 7.
Using motif -MA0042.2 of width 7.
Using motif +MA0475.2 of width 10.
Using motif -MA0475.2 of width 10.
Using motif +MA0645.1 of width 10.
Using motif -MA0645.1 of width 10.
Using motif +MA0754.1 of width 10.
Using motif -MA0754.1 of width 10.
Using motif +MA0755.1 of width 10.
Using motif -MA0755.1 of width 10.
Using motif +MA0646.1 of width 11.
Using motif -MA0646.1 of width 11.
Using motif +MA0157.2 of width 8.
Using motif -MA0157.2 of width 8.
Using motif +MA0469.2 of width 18.
Using motif -MA0469.2 of width 18.
Using motif +MA0758.1 of width 14.
Using motif -MA0758.1 of width 14.
Using motif +MA0756.1 of width 14.
Using motif -MA0756.1 of width 14.
Using motif +MA0757.1 of width 14.
Using motif -MA0757.1 of width 14.
Using motif +MA0886.1 of width 10.
Using motif -MA0886.1 of width 10.
Using motif +MA1418.1 of width 21.
Using motif -MA1418.1 of width 21.
Using motif +MA0162.3 of width 14.
Using motif -MA0162.3 of width 14.
Using motif +MA0887.1 of width 10.
Using motif -MA0887.1 of width 10.
Using motif +MA1419.1 of width 15.
Using motif -MA1419.1 of width 15.
Using motif +MA1420.1 of width 14.
Using motif -MA1420.1 of width 14.
Using motif +MA1421.1 of width 12.
Using motif -MA1421.1 of width 12.
Using motif +MA1110.1 of width 11.
Using motif -MA1110.1 of width 11.
Using motif +MA0878.1 of width 9.
Using motif -MA0878.1 of width 9.
Using motif +MA0884.1 of width 13.
Using motif -MA0884.1 of width 13.
Using motif +MA0882.1 of width 8.
Using motif -MA0882.1 of width 8.
Using motif +MA0101.1 of width 10.
Using motif -MA0101.1 of width 10.
Using motif +MA0100.3 of width 10.
Using motif -MA0100.3 of width 10.
Using motif +MA0033.1 of width 8.
Using motif -MA0033.1 of width 8.
Using motif +MA0032.1 of width 8.
Using motif -MA0032.1 of width 8.
Using motif +MA0037.1 of width 6.
Using motif -MA0037.1 of width 6.
Using motif +MA0036.1 of width 5.
Using motif -MA0036.1 of width 5.
Using motif +MA0161.2 of width 11.
Using motif -MA0161.2 of width 11.
Using motif +MA0823.1 of width 10.
Using motif -MA0823.1 of width 10.
Using motif +MA0824.1 of width 10.
Using motif -MA0824.1 of width 10.
Using motif +MA0821.1 of width 12.
Using motif -MA0821.1 of width 12.
Using motif +MA0822.1 of width 12.
Using motif -MA0822.1 of width 12.
Using motif +MA0819.1 of width 10.
Using motif -MA0819.1 of width 10.
Using motif +MA0820.1 of width 10.
Using motif -MA0820.1 of width 10.
Using motif +MA0817.1 of width 12.
Using motif -MA0817.1 of width 12.
Using motif +MA0818.1 of width 10.
Using motif -MA0818.1 of width 10.
Using motif +MA0014.3 of width 12.
Using motif -MA0014.3 of width 12.
Using motif +MA0058.3 of width 10.
Using motif -MA0058.3 of width 10.
Using motif +MA0825.1 of width 10.
Using motif -MA0825.1 of width 10.
Using motif +MA0481.1 of width 15.
Using motif -MA0481.1 of width 15.
Using motif +MA0486.1 of width 15.
Using motif -MA0486.1 of width 15.
Using motif +MA0484.1 of width 15.
Using motif -MA0484.1 of width 15.
Using motif +MA0706.1 of width 10.
Using motif -MA0706.1 of width 10.
Using motif +MA0488.1 of width 13.
Using motif -MA0488.1 of width 13.
Using motif +MA0489.1 of width 14.
Using motif -MA0489.1 of width 14.
Using motif +MA0618.1 of width 8.
Using motif -MA0618.1 of width 8.
Using motif +MA0091.1 of width 12.
Using motif -MA0091.1 of width 12.
Using motif +MA0090.1 of width 12.
Using motif -MA0090.1 of width 12.
Using motif +MA0625.1 of width 10.
Using motif -MA0625.1 of width 10.
Using motif +MA0084.1 of width 9.
Using motif -MA0084.1 of width 9.
Using motif +MA0083.1 of width 12.
Using motif -MA0083.1 of width 12.
Using motif +MA1121.1 of width 13.
Using motif -MA1121.1 of width 13.
Using motif +MA1120.1 of width 11.
Using motif -MA1120.1 of width 11.
Using motif +MA1116.1 of width 10.
Using motif -MA1116.1 of width 10.
Using motif +MA0508.2 of width 10.
Using motif -MA0508.2 of width 10.
Using motif +MA1115.1 of width 11.
Using motif -MA1115.1 of width 11.
Using motif +MA1114.1 of width 17.
Using motif -MA1114.1 of width 17.
Using motif +MA0442.2 of width 11.
Using motif -MA0442.2 of width 11.
Using motif +MA1119.1 of width 16.
Using motif -MA1119.1 of width 16.
Using motif +MA1118.1 of width 11.
Using motif -MA1118.1 of width 11.
Using motif +MA1117.1 of width 11.
Using motif -MA1117.1 of width 11.
Using motif +MA0678.1 of width 10.
Using motif -MA0678.1 of width 10.
Using motif +MA0675.1 of width 8.
Using motif -MA0675.1 of width 8.
Using motif +MA0674.1 of width 8.
Using motif -MA0674.1 of width 8.
Using motif +MA0673.1 of width 9.
Using motif -MA0673.1 of width 9.
Using motif +MA0792.1 of width 9.
Using motif -MA0792.1 of width 9.
Using motif +MA0048.2 of width 10.
Using motif -MA0048.2 of width 10.
Using motif +MA0790.1 of width 14.
Using motif -MA0790.1 of width 14.
Using motif +MA0791.1 of width 16.
Using motif -MA0791.1 of width 16.
Using motif +MA0788.1 of width 13.
Using motif -MA0788.1 of width 13.
Using motif +MA0789.1 of width 9.
Using motif -MA0789.1 of width 9.
Using motif +MA0786.1 of width 12.
Using motif -MA0786.1 of width 12.
Using motif +MA0787.1 of width 12.
Using motif -MA0787.1 of width 12.
Using motif +MA0784.1 of width 14.
Using motif -MA0784.1 of width 14.
Using motif +MA0785.1 of width 12.
Using motif -MA0785.1 of width 12.
Using motif +MA0725.1 of width 8.
Using motif -MA0725.1 of width 8.
Using motif +MA0727.1 of width 17.
Using motif -MA0727.1 of width 17.
Using motif +MA0113.3 of width 17.
Using motif -MA0113.3 of width 17.
Using motif +MA0017.2 of width 13.
Using motif -MA0017.2 of width 13.
Using motif +MA0731.1 of width 17.
Using motif -MA0731.1 of width 17.
Using motif +MA0730.1 of width 17.
Using motif -MA0730.1 of width 17.
Using motif +MA0729.1 of width 18.
Using motif -MA0729.1 of width 18.
Using motif +MA0732.1 of width 15.
Using motif -MA0732.1 of width 15.
Using motif +MA0472.2 of width 11.
Using motif -MA0472.2 of width 11.
Using motif +MA0003.2 of width 15.
Using motif -MA0003.2 of width 15.
Using motif +MA0140.2 of width 18.
Using motif -MA0140.2 of width 18.
Using motif +MA0596.1 of width 10.
Using motif -MA0596.1 of width 10.
Using motif +MA0014.2 of width 19.
Using motif -MA0014.2 of width 19.
Using motif +MA0060.2 of width 18.
Using motif -MA0060.2 of width 18.
Using motif +MA0144.2 of width 11.
Using motif -MA0144.2 of width 11.
Using motif +MA0137.3 of width 11.
Using motif -MA0137.3 of width 11.
Using motif +MA0083.2 of width 18.
Using motif -MA0083.2 of width 18.
Using motif +MA0079.3 of width 11.
Using motif -MA0079.3 of width 11.
Using motif +MA0088.2 of width 16.
Using motif -MA0088.2 of width 16.
Using motif +MA0525.2 of width 18.
Using motif -MA0525.2 of width 18.
Using motif +MA0597.1 of width 9.
Using motif -MA0597.1 of width 9.
Using motif +MA0855.1 of width 14.
Using motif -MA0855.1 of width 14.
Using motif +MA0856.1 of width 14.
Using motif -MA0856.1 of width 14.
Using motif +MA0526.1 of width 11.
Using motif -MA0526.1 of width 11.
Using motif +MA0527.1 of width 15.
Using motif -MA0527.1 of width 15.
Using motif +MA0124.1 of width 7.
Using motif -MA0124.1 of width 7.
Using motif +MA0130.1 of width 6.
Using motif -MA0130.1 of width 6.
Using motif +MA0138.2 of width 21.
Using motif -MA0138.2 of width 21.
Using motif +MA0137.2 of width 15.
Using motif -MA0137.2 of width 15.
Using motif +MA0610.1 of width 11.
Using motif -MA0610.1 of width 11.
Using motif +MA0613.1 of width 8.
Using motif -MA0613.1 of width 8.
Using motif +MA0750.1 of width 12.
Using motif -MA0750.1 of width 12.
Using motif +MA0612.1 of width 10.
Using motif -MA0612.1 of width 10.
Using motif +MA0749.1 of width 13.
Using motif -MA0749.1 of width 13.
Warning: text mode turns off computation of q-values
Using motif +MA1134.1 of width 12.
Using motif -MA1134.1 of width 12.
Using motif +MA1135.1 of width 10.
Using motif -MA1135.1 of width 10.
Using motif +MA1136.1 of width 10.
Using motif -MA1136.1 of width 10.
Using motif +MA1137.1 of width 13.
Using motif -MA1137.1 of width 13.
Using motif +MA1138.1 of width 10.
Using motif -MA1138.1 of width 10.
Using motif +MA1139.1 of width 12.
Using motif -MA1139.1 of width 12.
Using motif +MA1140.1 of width 10.
Using motif -MA1140.1 of width 10.
Using motif +MA1141.1 of width 13.
Using motif -MA1141.1 of width 13.
Using motif +MA0057.1 of width 10.
Using motif -MA0057.1 of width 10.
Using motif +MA0056.1 of width 6.
Using motif -MA0056.1 of width 6.
Using motif +MA0059.1 of width 11.
Using motif -MA0059.1 of width 11.
Using motif +MA0703.1 of width 8.
Using motif -MA0703.1 of width 8.
Using motif +MA0122.2 of width 9.
Using motif -MA0122.2 of width 9.
Using motif +MA0052.1 of width 10.
Using motif -MA0052.1 of width 10.
Using motif +MA0708.1 of width 8.
Using motif -MA0708.1 of width 8.
Using motif +MA0707.1 of width 10.
Using motif -MA0707.1 of width 10.
Using motif +MA0148.2 of width 11.
Using motif -MA0148.2 of width 11.
Using motif +MA0462.1 of width 11.
Using motif -MA0462.1 of width 11.
Using motif +MA0465.1 of width 11.
Using motif -MA0465.1 of width 11.
Using motif +MA0466.1 of width 11.
Using motif -MA0466.1 of width 11.
Using motif +MA0468.1 of width 11.
Using motif -MA0468.1 of width 11.
Using motif +MA0765.1 of width 10.
Using motif -MA0765.1 of width 10.
Using motif +MA0764.1 of width 10.
Using motif -MA0764.1 of width 10.
Using motif +MA0763.1 of width 10.
Using motif -MA0763.1 of width 10.
Using motif +MA0762.1 of width 11.
Using motif -MA0762.1 of width 11.
Using motif +MA0761.1 of width 10.
Using motif -MA0761.1 of width 10.
Using motif +MA0098.3 of width 10.
Using motif -MA0098.3 of width 10.
Using motif +MA0474.2 of width 10.
Using motif -MA0474.2 of width 10.
Using motif +MA0760.1 of width 10.
Using motif -MA0760.1 of width 10.
Using motif +MA0766.1 of width 8.
Using motif -MA0766.1 of width 8.
Using motif +MA0156.2 of width 10.
Using motif -MA0156.2 of width 10.
Using motif +MA0641.1 of width 12.
Using motif -MA0641.1 of width 12.
Using motif +MA0136.2 of width 11.
Using motif -MA0136.2 of width 11.
Using motif +MA0639.1 of width 12.
Using motif -MA0639.1 of width 12.
Using motif +MA0154.3 of width 14.
Using motif -MA0154.3 of width 14.
Using motif +MA0598.2 of width 12.
Using motif -MA0598.2 of width 12.
Using motif +MA0640.1 of width 13.
Using motif -MA0640.1 of width 13.
Using motif +MA0635.1 of width 10.
Using motif -MA0635.1 of width 10.
Using motif +MA0636.1 of width 10.
Using motif -MA0636.1 of width 10.
Using motif +MA0637.1 of width 15.
Using motif -MA0637.1 of width 15.
Using motif +MA0638.1 of width 14.
Using motif -MA0638.1 of width 14.
Using motif +MA0914.1 of width 8.
Using motif -MA0914.1 of width 8.
Using motif +MA0909.1 of width 10.
Using motif -MA0909.1 of width 10.
Using motif +MA0908.1 of width 10.
Using motif -MA0908.1 of width 10.
Using motif +MA0030.1 of width 14.
Using motif -MA0030.1 of width 14.
Using motif +MA0031.1 of width 8.
Using motif -MA0031.1 of width 8.
Using motif +MA0028.1 of width 10.
Using motif -MA0028.1 of width 10.
Using motif +MA0024.1 of width 8.
Using motif -MA0024.1 of width 8.
Using motif +MA0025.1 of width 11.
Using motif -MA0025.1 of width 11.
Using motif +MA0710.1 of width 10.
Using motif -MA0710.1 of width 10.
Using motif +MA0105.1 of width 10.
Using motif -MA0105.1 of width 10.
Using motif +MA0060.1 of width 16.
Using motif -MA0060.1 of width 16.
Using motif +MA0796.1 of width 12.
Using motif -MA0796.1 of width 12.
Using motif +MA0795.1 of width 10.
Using motif -MA0795.1 of width 10.
Using motif +MA0600.2 of width 16.
Using motif -MA0600.2 of width 16.
Using motif +MA0794.1 of width 12.
Using motif -MA0794.1 of width 12.
Using motif +MA0510.2 of width 16.
Using motif -MA0510.2 of width 16.
Using motif +MA0799.1 of width 16.
Using motif -MA0799.1 of width 16.
Using motif +MA0798.1 of width 16.
Using motif -MA0798.1 of width 16.
Using motif +MA0797.1 of width 12.
Using motif -MA0797.1 of width 12.
Using motif +MA0800.1 of width 13.
Using motif -MA0800.1 of width 13.
Using motif +MA0511.2 of width 9.
Using motif -MA0511.2 of width 9.
Using motif +MA0868.1 of width 16.
Using motif -MA0868.1 of width 16.
Using motif +MA1142.1 of width 10.
Using motif -MA1142.1 of width 10.
Using motif +MA0867.1 of width 16.
Using motif -MA0867.1 of width 16.
Using motif +MA1143.1 of width 10.
Using motif -MA1143.1 of width 10.
Using motif +MA0517.1 of width 15.
Using motif -MA0517.1 of width 15.
Using motif +MA0516.1 of width 15.
Using motif -MA0516.1 of width 15.
Using motif +MA0513.1 of width 13.
Using motif -MA0513.1 of width 13.
Using motif +MA0511.1 of width 15.
Using motif -MA0511.1 of width 15.
Using motif +MA0510.1 of width 15.
Using motif -MA0510.1 of width 15.
Using motif +MA0058.1 of width 10.
Using motif -MA0058.1 of width 10.
Using motif +MA0060.3 of width 11.
Using motif -MA0060.3 of width 11.
Using motif +MA0863.1 of width 14.
Using motif -MA0863.1 of width 14.
Using motif +MA1111.1 of width 11.
Using motif -MA1111.1 of width 11.
Using motif +MA1112.1 of width 10.
Using motif -MA1112.1 of width 10.
Using motif +MA0634.1 of width 10.
Using motif -MA0634.1 of width 10.
Using motif +MA0104.4 of width 12.
Using motif -MA0104.4 of width 12.
Using motif +MA1109.1 of width 13.
Using motif -MA1109.1 of width 13.
Using motif +MA0907.1 of width 11.
Using motif -MA0907.1 of width 11.
Using motif +MA0630.1 of width 8.
Using motif -MA0630.1 of width 8.
Using motif +MA0095.1 of width 6.
Using motif -MA0095.1 of width 6.
Using motif +MA0093.1 of width 7.
Using motif -MA0093.1 of width 7.
Using motif +MA0098.1 of width 6.
Using motif -MA0098.1 of width 6.
Using motif +MA1113.1 of width 12.
Using motif -MA1113.1 of width 12.
Using motif +MA0628.1 of width 10.
Using motif -MA0628.1 of width 10.
Using motif +MA0661.1 of width 10.
Using motif -MA0661.1 of width 10.
Using motif +MA0662.1 of width 10.
Using motif -MA0662.1 of width 10.
Using motif +MA0663.1 of width 10.
Using motif -MA0663.1 of width 10.
Using motif +MA0664.1 of width 10.
Using motif -MA0664.1 of width 10.
Using motif +MA0665.1 of width 10.
Using motif -MA0665.1 of width 10.
Using motif +MA0666.1 of width 8.
Using motif -MA0666.1 of width 8.
Using motif +MA0667.1 of width 10.
Using motif -MA0667.1 of width 10.
Using motif +MA0668.1 of width 10.
Using motif -MA0668.1 of width 10.
Using motif +MA0669.1 of width 10.
Using motif -MA0669.1 of width 10.
Using motif +MA0670.1 of width 10.
Using motif -MA0670.1 of width 10.
Using motif +MA0671.1 of width 9.
Using motif -MA0671.1 of width 9.
Using motif +MA0660.1 of width 12.
Using motif -MA0660.1 of width 12.
Using motif +MA0693.2 of width 8.
Using motif -MA0693.2 of width 8.
Using motif +MA0657.1 of width 18.
Using motif -MA0657.1 of width 18.
Using motif +MA0656.1 of width 12.
Using motif -MA0656.1 of width 12.
Using motif +MA0659.1 of width 21.
Using motif -MA0659.1 of width 21.
Using motif +MA0658.1 of width 10.
Using motif -MA0658.1 of width 10.
Using motif +MA0653.1 of width 15.
Using motif -MA0653.1 of width 15.
Using motif +MA0652.1 of width 14.
Using motif -MA0652.1 of width 14.
Using motif +MA0655.1 of width 9.
Using motif -MA0655.1 of width 9.
Using motif +MA0654.1 of width 8.
Using motif -MA0654.1 of width 8.
Using motif +MA0737.1 of width 14.
Using motif -MA0737.1 of width 14.
Using motif +MA0738.1 of width 9.
Using motif -MA0738.1 of width 9.
Using motif +MA0740.1 of width 14.
Using motif -MA0740.1 of width 14.
Using motif +MA0733.1 of width 16.
Using motif -MA0733.1 of width 16.
Using motif +MA0734.1 of width 12.
Using motif -MA0734.1 of width 12.
Using motif +MA0735.1 of width 16.
Using motif -MA0735.1 of width 16.
Using motif +MA0736.1 of width 14.
Using motif -MA0736.1 of width 14.
Using motif +MA0831.1 of width 10.
Using motif -MA0831.1 of width 10.
Using motif +MA0830.1 of width 10.
Using motif -MA0830.1 of width 10.
Using motif +MA0522.2 of width 10.
Using motif -MA0522.2 of width 10.
Using motif +MA0828.1 of width 10.
Using motif -MA0828.1 of width 10.
Using motif +MA0827.1 of width 10.
Using motif -MA0827.1 of width 10.
Using motif +MA0826.1 of width 10.
Using motif -MA0826.1 of width 10.
Using motif +MA0834.1 of width 14.
Using motif -MA0834.1 of width 14.
Using motif +MA0833.1 of width 13.
Using motif -MA0833.1 of width 13.
Using motif +MA0138.1 of width 19.
Using motif -MA0138.1 of width 19.
Using motif +MA0139.1 of width 19.
Using motif -MA0139.1 of width 19.
Using motif +MA0137.1 of width 14.
Using motif -MA0137.1 of width 14.
Using motif +MA0131.1 of width 10.
Using motif -MA0131.1 of width 10.
Using motif +MA0052.2 of width 15.
Using motif -MA0052.2 of width 15.
Using motif +MA0037.2 of width 8.
Using motif -MA0037.2 of width 8.
Using motif +MA0114.2 of width 15.
Using motif -MA0114.2 of width 15.
Using motif +MA0050.2 of width 21.
Using motif -MA0050.2 of width 21.
Using motif +MA0058.2 of width 10.
Using motif -MA0058.2 of width 10.
Using motif +MA0741.1 of width 11.
Using motif -MA0741.1 of width 11.
Using motif +MA0105.3 of width 11.
Using motif -MA0105.3 of width 11.
Using motif +MA0442.1 of width 6.
Using motif -MA0442.1 of width 6.
Using motif +MA0017.1 of width 14.
Using motif -MA0017.1 of width 14.
Using motif +MA0697.1 of width 15.
Using motif -MA0697.1 of width 15.
Using motif +MA0698.1 of width 13.
Using motif -MA0698.1 of width 13.
Using motif +MA0699.1 of width 10.
Using motif -MA0699.1 of width 10.
Using motif +MA0700.1 of width 10.
Using motif -MA0700.1 of width 10.
Using motif +MA0694.1 of width 12.
Using motif -MA0694.1 of width 12.
Using motif +MA0695.1 of width 12.
Using motif -MA0695.1 of width 12.
Using motif +MA0696.1 of width 14.
Using motif -MA0696.1 of width 14.
Using motif +MA0018.1 of width 12.
Using motif -MA0018.1 of width 12.
Using motif +MA0701.1 of width 8.
Using motif -MA0701.1 of width 8.
Using motif +MA0702.1 of width 8.
Using motif -MA0702.1 of width 8.
Using motif +MA1133.1 of width 12.
Using motif -MA1133.1 of width 12.
Using motif +MA1132.1 of width 10.
Using motif -MA1132.1 of width 10.
Using motif +MA1129.1 of width 10.
Using motif -MA1129.1 of width 10.
Using motif +MA1128.1 of width 13.
Using motif -MA1128.1 of width 13.
Using motif +MA1131.1 of width 11.
Using motif -MA1131.1 of width 11.
Using motif +MA1130.1 of width 12.
Using motif -MA1130.1 of width 12.
Using motif +MA0099.3 of width 10.
Using motif -MA0099.3 of width 10.
Using motif +MA0037.3 of width 8.
Using motif -MA0037.3 of width 8.
Using motif +MA1127.1 of width 11.
Using motif -MA1127.1 of width 11.
Using motif +MA1126.1 of width 16.
Using motif -MA1126.1 of width 16.
Using motif +MA0473.1 of width 13.
Using motif -MA0473.1 of width 13.
Using motif +MA0470.1 of width 11.
Using motif -MA0470.1 of width 11.
Using motif +MA0471.1 of width 11.
Using motif -MA0471.1 of width 11.
Using motif +MA0476.1 of width 11.
Using motif -MA0476.1 of width 11.
Using motif +MA0477.1 of width 11.
Using motif -MA0477.1 of width 11.
Using motif +MA0475.1 of width 11.
Using motif -MA0475.1 of width 11.
Using motif +MA0478.1 of width 11.
Using motif -MA0478.1 of width 11.
Using motif +MA0479.1 of width 11.
Using motif -MA0479.1 of width 11.
Using motif +MA0767.1 of width 10.
Using motif -MA0767.1 of width 10.
Using motif +MA0768.1 of width 15.
Using motif -MA0768.1 of width 15.
Using motif +MA0112.2 of width 20.
Using motif -MA0112.2 of width 20.
Using motif +MA0770.1 of width 13.
Using motif -MA0770.1 of width 13.
Using motif +MA0771.1 of width 13.
Using motif -MA0771.1 of width 13.
Using motif +MA0772.1 of width 14.
Using motif -MA0772.1 of width 14.
Using motif +MA0052.3 of width 12.
Using motif -MA0052.3 of width 12.
Using motif +MA0773.1 of width 12.
Using motif -MA0773.1 of width 12.
Using motif +MA0498.2 of width 7.
Using motif -MA0498.2 of width 7.
Using motif +MA0774.1 of width 8.
Using motif -MA0774.1 of width 8.
Using motif +MA0150.1 of width 11.
Using motif -MA0150.1 of width 11.
Using motif +MA0692.1 of width 10.
Using motif -MA0692.1 of width 10.
Using motif +MA0145.3 of width 10.
Using motif -MA0145.3 of width 10.
Using motif +MA0083.3 of width 16.
Using motif -MA0083.3 of width 16.
Using motif +MA0687.1 of width 14.
Using motif -MA0687.1 of width 14.
Using motif +MA0688.1 of width 11.
Using motif -MA0688.1 of width 11.
Using motif +MA0009.2 of width 16.
Using motif -MA0009.2 of width 16.
Using motif +MA0690.1 of width 10.
Using motif -MA0690.1 of width 10.
Using motif +MA0689.1 of width 11.
Using motif -MA0689.1 of width 11.
Using motif +MA0691.1 of width 10.
Using motif -MA0691.1 of width 10.
Using motif +MA0090.2 of width 10.
Using motif -MA0090.2 of width 10.
Using motif +MA0899.1 of width 11.
Using motif -MA0899.1 of width 11.
Using motif +MA0900.1 of width 10.
Using motif -MA0900.1 of width 10.
Using motif +MA0901.1 of width 10.
Using motif -MA0901.1 of width 10.
Using motif +MA0902.1 of width 10.
Using motif -MA0902.1 of width 10.
Using motif +MA0903.1 of width 10.
Using motif -MA0903.1 of width 10.
Using motif +MA0905.1 of width 10.
Using motif -MA0905.1 of width 10.
Using motif +MA0906.1 of width 11.
Using motif -MA0906.1 of width 11.
Using motif +MA0862.1 of width 8.
Using motif -MA0862.1 of width 8.
Using motif +MA0861.1 of width 18.
Using motif -MA0861.1 of width 18.
Using motif +MA0106.3 of width 18.
Using motif -MA0106.3 of width 18.
Using motif +MA0866.1 of width 15.
Using motif -MA0866.1 of width 15.
Using motif +MA0865.1 of width 12.
Using motif -MA0865.1 of width 12.
Using motif +MA0864.1 of width 16.
Using motif -MA0864.1 of width 16.
Using motif +MA0024.3 of width 12.
Using motif -MA0024.3 of width 12.
Using motif +MA0672.1 of width 10.
Using motif -MA0672.1 of width 10.
Using motif +MA0793.1 of width 10.
Using motif -MA0793.1 of width 10.
Using motif +MA0715.1 of width 11.
Using motif -MA0715.1 of width 11.
Using motif +MA0714.1 of width 9.
Using motif -MA0714.1 of width 9.
Using motif +MA0717.1 of width 8.
Using motif -MA0717.1 of width 8.
Using motif +MA0716.1 of width 8.
Using motif -MA0716.1 of width 8.
Using motif +MA0712.1 of width 8.
Using motif -MA0712.1 of width 8.
Using motif +MA0711.1 of width 8.
Using motif -MA0711.1 of width 8.
Using motif +MA0713.1 of width 11.
Using motif -MA0713.1 of width 11.
Using motif +MA0132.2 of width 8.
Using motif -MA0132.2 of width 8.
Using motif +MA0719.1 of width 8.
Using motif -MA0719.1 of width 8.
Using motif +MA0718.1 of width 10.
Using motif -MA0718.1 of width 10.
Using motif +MA0036.2 of width 14.
Using motif -MA0036.2 of width 14.
Using motif +MA0258.2 of width 15.
Using motif -MA0258.2 of width 15.
Using motif +MA0076.2 of width 11.
Using motif -MA0076.2 of width 11.
Using motif +MA0148.3 of width 15.
Using motif -MA0148.3 of width 15.
Using motif +MA0024.2 of width 11.
Using motif -MA0024.2 of width 11.
Using motif +MA0102.3 of width 11.
Using motif -MA0102.3 of width 11.
Using motif +MA0162.2 of width 14.
Using motif -MA0162.2 of width 14.
Using motif +MA0154.2 of width 11.
Using motif -MA0154.2 of width 11.
Using motif +MA0105.4 of width 13.
Using motif -MA0105.4 of width 13.
Using motif +MA0068.2 of width 8.
Using motif -MA0068.2 of width 8.
Using motif +MA0679.1 of width 14.
Using motif -MA0679.1 of width 14.
Using motif +MA0080.2 of width 7.
Using motif -MA0080.2 of width 7.
Using motif +MA0809.1 of width 10.
Using motif -MA0809.1 of width 10.
Using motif +MA0810.1 of width 12.
Using motif -MA0810.1 of width 12.
Using motif +MA0805.1 of width 8.
Using motif -MA0805.1 of width 8.
Using motif +MA0806.1 of width 8.
Using motif -MA0806.1 of width 8.
Using motif +MA0807.1 of width 8.
Using motif -MA0807.1 of width 8.
Using motif +MA0808.1 of width 8.
Using motif -MA0808.1 of width 8.
Using motif +MA0801.1 of width 8.
Using motif -MA0801.1 of width 8.
Using motif +MA0802.1 of width 10.
Using motif -MA0802.1 of width 10.
Using motif +MA0803.1 of width 8.
Using motif -MA0803.1 of width 8.
Using motif +MA0804.1 of width 20.
Using motif -MA0804.1 of width 20.
Using motif +MA0508.1 of width 15.
Using motif -MA0508.1 of width 15.
Using motif +MA0163.1 of width 14.
Using motif -MA0163.1 of width 14.
Using motif +MA0079.2 of width 10.
Using motif -MA0079.2 of width 10.
Using motif +MA0099.2 of width 7.
Using motif -MA0099.2 of width 7.
Using motif +MA0018.2 of width 8.
Using motif -MA0018.2 of width 8.
Using motif +MA0501.1 of width 15.
Using motif -MA0501.1 of width 15.
Using motif +MA0502.1 of width 15.
Using motif -MA0502.1 of width 15.
Using motif +MA0504.1 of width 15.
Using motif -MA0504.1 of width 15.
Using motif +MA0506.1 of width 11.
Using motif -MA0506.1 of width 11.
Using motif +MA0507.1 of width 13.
Using motif -MA0507.1 of width 13.
Using motif +MA0107.1 of width 10.
Using motif -MA0107.1 of width 10.
Using motif +MA0106.1 of width 20.
Using motif -MA0106.1 of width 20.
Using motif +MA0105.2 of width 11.
Using motif -MA0105.2 of width 11.
Using motif +MA0065.1 of width 20.
Using motif -MA0065.1 of width 20.
Using motif +MA1149.1 of width 18.
Using motif -MA1149.1 of width 18.
Using motif +MA1105.1 of width 15.
Using motif -MA1105.1 of width 15.
Using motif +MA1104.1 of width 13.
Using motif -MA1104.1 of width 13.
Using motif +MA0039.3 of width 11.
Using motif -MA0039.3 of width 11.
Using motif +MA1106.1 of width 10.
Using motif -MA1106.1 of width 10.
Using motif +MA0495.2 of width 21.
Using motif -MA0495.2 of width 21.
Using motif +MA1107.1 of width 13.
Using motif -MA1107.1 of width 13.
Using motif +MA0620.2 of width 18.
Using motif -MA0620.2 of width 18.
Using motif +MA0496.2 of width 19.
Using motif -MA0496.2 of width 19.
Using motif +MA0147.3 of width 12.
Using motif -MA0147.3 of width 12.
Using motif +MA1108.1 of width 13.
Using motif -MA1108.1 of width 13.
Using motif +MA0002.1 of width 11.
Using motif -MA0002.1 of width 11.
Using motif +MA0003.1 of width 9.
Using motif -MA0003.1 of width 9.
Using motif +MA0069.1 of width 14.
Using motif -MA0069.1 of width 14.
Using motif +MA0066.1 of width 20.
Using motif -MA0066.1 of width 20.
Using motif +MA0153.2 of width 13.
Using motif -MA0153.2 of width 13.
Using motif +MA0650.1 of width 10.
Using motif -MA0650.1 of width 10.
Using motif +MA0043.2 of width 12.
Using motif -MA0043.2 of width 12.
Using motif +MA0046.2 of width 15.
Using motif -MA0046.2 of width 15.
Using motif +MA0649.1 of width 10.
Using motif -MA0649.1 of width 10.
Using motif +MA0131.2 of width 12.
Using motif -MA0131.2 of width 12.
Using motif +MA0647.1 of width 12.
Using motif -MA0647.1 of width 12.
Using motif +MA0648.1 of width 10.
Using motif -MA0648.1 of width 10.
Using motif +MA0744.1 of width 13.
Using motif -MA0744.1 of width 13.
Using motif +MA0743.1 of width 15.
Using motif -MA0743.1 of width 15.
Using motif +MA0746.1 of width 11.
Using motif -MA0746.1 of width 11.
Using motif +MA0745.1 of width 9.
Using motif -MA0745.1 of width 9.
Using motif +MA0748.1 of width 11.
Using motif -MA0748.1 of width 11.
Using motif +MA0747.1 of width 12.
Using motif -MA0747.1 of width 12.
Using motif +MA0651.1 of width 11.
Using motif -MA0651.1 of width 11.
Using motif +MA0486.2 of width 13.
Using motif -MA0486.2 of width 13.
Using motif +MA0835.1 of width 14.
Using motif -MA0835.1 of width 14.
Using motif +MA0466.2 of width 10.
Using motif -MA0466.2 of width 10.
Using motif +MA0836.1 of width 10.
Using motif -MA0836.1 of width 10.
Using motif +MA0837.1 of width 10.
Using motif -MA0837.1 of width 10.
Using motif +MA0838.1 of width 10.
Using motif -MA0838.1 of width 10.
Using motif +MA0839.1 of width 14.
Using motif -MA0839.1 of width 14.
Using motif +MA0841.1 of width 11.
Using motif -MA0841.1 of width 11.
Using motif +MA0842.1 of width 11.
Using motif -MA0842.1 of width 11.
Using motif +MA0889.1 of width 10.
Using motif -MA0889.1 of width 10.
Using motif +MA0888.1 of width 10.
Using motif -MA0888.1 of width 10.
Using motif +MA0891.1 of width 10.
Using motif -MA0891.1 of width 10.
Using motif +MA0890.1 of width 10.
Using motif -MA0890.1 of width 10.
Using motif +MA0893.1 of width 10.
Using motif -MA0893.1 of width 10.
Using motif +MA0892.1 of width 10.
Using motif -MA0892.1 of width 10.
Using motif +MA0895.1 of width 10.
Using motif -MA0895.1 of width 10.
Using motif +MA0894.1 of width 10.
Using motif -MA0894.1 of width 10.
Using motif +MA0042.1 of width 12.
Using motif -MA0042.1 of width 12.
Using motif +MA0043.1 of width 12.
Using motif -MA0043.1 of width 12.
Using motif +MA0048.1 of width 12.
Using motif -MA0048.1 of width 12.
Using motif +MA0050.1 of width 12.
Using motif -MA0050.1 of width 12.
Using motif +MA0051.1 of width 18.
Using motif -MA0051.1 of width 18.
Using motif +MA0149.1 of width 18.
Using motif -MA0149.1 of width 18.
Using motif +MA0148.1 of width 11.
Using motif -MA0148.1 of width 11.
Using motif +MA0095.2 of width 12.
Using motif -MA0095.2 of width 12.
Using motif +MA0103.2 of width 9.
Using motif -MA0103.2 of width 9.
Using motif +MA0106.2 of width 15.
Using motif -MA0106.2 of width 15.
Using motif +MA0093.2 of width 11.
Using motif -MA0093.2 of width 11.
Using motif +MA0814.1 of width 11.
Using motif -MA0814.1 of width 11.
Using motif +MA0524.2 of width 12.
Using motif -MA0524.2 of width 12.
Using motif +MA0815.1 of width 13.
Using motif -MA0815.1 of width 13.
Using motif +MA0811.1 of width 12.
Using motif -MA0811.1 of width 12.
Using motif +MA0003.3 of width 11.
Using motif -MA0003.3 of width 11.
Using motif +MA0813.1 of width 13.
Using motif -MA0813.1 of width 13.
Using motif +MA0812.1 of width 11.
Using motif -MA0812.1 of width 11.
Using motif +MA0464.2 of width 10.
Using motif -MA0464.2 of width 10.
Using motif +MA0491.1 of width 11.
Using motif -MA0491.1 of width 11.
Using motif +MA0490.1 of width 11.
Using motif -MA0490.1 of width 11.
Using motif +MA0492.1 of width 15.
Using motif -MA0492.1 of width 15.
Using motif +MA0495.1 of width 18.
Using motif -MA0495.1 of width 18.
Using motif +MA0497.1 of width 15.
Using motif -MA0497.1 of width 15.
Using motif +MA0496.1 of width 15.
Using motif -MA0496.1 of width 15.
Using motif +MA0592.1 of width 11.
Using motif -MA0592.1 of width 11.
Using motif +MA0593.1 of width 11.
Using motif -MA0593.1 of width 11.
Using motif +MA0595.1 of width 10.
Using motif -MA0595.1 of width 10.
Using motif +MA0080.1 of width 6.
Using motif -MA0080.1 of width 6.
Using motif +MA0081.1 of width 7.
Using motif -MA0081.1 of width 7.
Using motif +MA0076.1 of width 9.
Using motif -MA0076.1 of width 9.
Using motif +MA0077.1 of width 9.
Using motif -MA0077.1 of width 9.
Using motif +MA0079.1 of width 10.
Using motif -MA0079.1 of width 10.
Using motif +MA0072.1 of width 14.
Using motif -MA0072.1 of width 14.
Using motif +MA0073.1 of width 20.
Using motif -MA0073.1 of width 20.
Using motif +MA0074.1 of width 15.
Using motif -MA0074.1 of width 15.
Using motif +MA1155.1 of width 15.
Using motif -MA1155.1 of width 15.
Using motif +MA1125.1 of width 12.
Using motif -MA1125.1 of width 12.
Using motif +MA1154.1 of width 17.
Using motif -MA1154.1 of width 17.
Using motif +MA0103.3 of width 11.
Using motif -MA0103.3 of width 11.
Using motif +MA1124.1 of width 13.
Using motif -MA1124.1 of width 13.
Using motif +MA0526.2 of width 16.
Using motif -MA0526.2 of width 16.
Using motif +MA0750.2 of width 13.
Using motif -MA0750.2 of width 13.
Using motif +MA1122.1 of width 11.
Using motif -MA1122.1 of width 11.
Using motif +MA1123.1 of width 13.
Using motif -MA1123.1 of width 13.
Using motif +MA0159.1 of width 17.
Using motif -MA0159.1 of width 17.
Using motif +MA0158.1 of width 8.
Using motif -MA0158.1 of width 8.
Using motif +MA0157.1 of width 8.
Using motif -MA0157.1 of width 8.
Using motif +MA0156.1 of width 8.
Using motif -MA0156.1 of width 8.
Using motif +MA0155.1 of width 12.
Using motif -MA0155.1 of width 12.
Using motif +MA0782.1 of width 12.
Using motif -MA0782.1 of width 12.
Using motif +MA0153.1 of width 12.
Using motif -MA0153.1 of width 12.
Using motif +MA0152.1 of width 7.
Using motif -MA0152.1 of width 7.
Using motif +MA0779.1 of width 17.
Using motif -MA0779.1 of width 17.
Using motif +MA0778.1 of width 13.
Using motif -MA0778.1 of width 13.
Using motif +MA0781.1 of width 17.
Using motif -MA0781.1 of width 17.
Using motif +MA0780.1 of width 10.
Using motif -MA0780.1 of width 10.
Using motif +MA0776.1 of width 12.
Using motif -MA0776.1 of width 12.
Using motif +MA0775.1 of width 8.
Using motif -MA0775.1 of width 8.
Using motif +MA0161.1 of width 6.
Using motif -MA0161.1 of width 6.
Using motif +MA0160.1 of width 8.
Using motif -MA0160.1 of width 8.
Using motif +MA0686.1 of width 11.
Using motif -MA0686.1 of width 11.
Using motif +MA0080.4 of width 14.
Using motif -MA0080.4 of width 14.
Using motif +MA0683.1 of width 16.
Using motif -MA0683.1 of width 16.
Using motif +MA0680.1 of width 10.
Using motif -MA0680.1 of width 10.
Using motif +MA0685.1 of width 17.
Using motif -MA0685.1 of width 17.
Using motif +MA0684.1 of width 10.
Using motif -MA0684.1 of width 10.
Using motif +MA0028.2 of width 10.
Using motif -MA0028.2 of width 10.
Using motif +MA0873.1 of width 11.
Using motif -MA0873.1 of width 11.
Using motif +MA0875.1 of width 8.
Using motif -MA0875.1 of width 8.
Using motif +MA0871.1 of width 10.
Using motif -MA0871.1 of width 10.
Using motif +MA0872.1 of width 13.
Using motif -MA0872.1 of width 13.
Using motif +MA0876.1 of width 8.
Using motif -MA0876.1 of width 8.
Using motif +MA0751.1 of width 15.
Using motif -MA0751.1 of width 15.
Using motif +MA0777.1 of width 15.
Using motif -MA0777.1 of width 15.
Using motif +MA0642.1 of width 10.
Using motif -MA0642.1 of width 10.
Using motif +MA0726.1 of width 8.
Using motif -MA0726.1 of width 8.
Using motif +MA0112.3 of width 17.
Using motif -MA0112.3 of width 17.
Using motif +MA0724.1 of width 9.
Using motif -MA0724.1 of width 9.
Using motif +MA0759.1 of width 10.
Using motif -MA0759.1 of width 10.
Using motif +MA0722.1 of width 8.
Using motif -MA0722.1 of width 8.
Using motif +MA0723.1 of width 8.
Using motif -MA0723.1 of width 8.
Using motif +MA0721.1 of width 8.
Using motif -MA0721.1 of width 8.
Using motif +MA0141.3 of width 11.
Using motif -MA0141.3 of width 11.
Using motif +MA0528.1 of width 21.
Using motif -MA0528.1 of width 21.
Using motif +MA0007.2 of width 15.
Using motif -MA0007.2 of width 15.
Using motif +MA0258.1 of width 18.
Using motif -MA0258.1 of width 18.
Using motif +MA0259.1 of width 8.
Using motif -MA0259.1 of width 8.
Using motif +MA0524.1 of width 15.
Using motif -MA0524.1 of width 15.
Using motif +MA0525.1 of width 20.
Using motif -MA0525.1 of width 20.
Using motif +MA0523.1 of width 14.
Using motif -MA0523.1 of width 14.
Using motif +MA0783.1 of width 12.
Using motif -MA0783.1 of width 12.
Using motif +MA0752.1 of width 17.
Using motif -MA0752.1 of width 17.
Using motif +MA0850.1 of width 7.
Using motif -MA0850.1 of width 7.
Using motif +MA0753.1 of width 10.
Using motif -MA0753.1 of width 10.
Using motif +MA0844.1 of width 14.
Using motif -MA0844.1 of width 14.
Using motif +MA0843.1 of width 12.
Using motif -MA0843.1 of width 12.
Using motif +MA0032.2 of width 11.
Using motif -MA0032.2 of width 11.
Using motif +MA0845.1 of width 11.
Using motif -MA0845.1 of width 11.
Using motif +MA0847.1 of width 7.
Using motif -MA0847.1 of width 7.
Using motif +MA0846.1 of width 12.
Using motif -MA0846.1 of width 12.
Using motif +MA0849.1 of width 7.
Using motif -MA0849.1 of width 7.
Using motif +MA0848.1 of width 7.
Using motif -MA0848.1 of width 7.
Using motif +MA0112.1 of width 18.
Using motif -MA0112.1 of width 18.
Using motif +MA0113.1 of width 18.
Using motif -MA0113.1 of width 18.
Using motif +MA0115.1 of width 17.
Using motif -MA0115.1 of width 17.
Using motif +MA0119.1 of width 14.
Using motif -MA0119.1 of width 14.
Using motif +MA1100.1 of width 13.
Using motif -MA1100.1 of width 13.
Using motif +MA1101.1 of width 14.
Using motif -MA1101.1 of width 14.
Using motif +MA0852.2 of width 14.
Using motif -MA0852.2 of width 14.
Using motif +MA1103.1 of width 11.
Using motif -MA1103.1 of width 11.
Using motif +MA0018.3 of width 12.
Using motif -MA0018.3 of width 12.
Using motif +MA1102.1 of width 14.
Using motif -MA1102.1 of width 14.
Using motif +MA0481.2 of width 12.
Using motif -MA0481.2 of width 12.
Using motif +MA0036.3 of width 11.
Using motif -MA0036.3 of width 11.
Using motif +MA0599.1 of width 10.
Using motif -MA0599.1 of width 10.
Using motif +MA0598.1 of width 8.
Using motif -MA0598.1 of width 8.
Using motif +MA0600.1 of width 19.
Using motif -MA0600.1 of width 19.
Using motif +MA1151.1 of width 12.
Using motif -MA1151.1 of width 12.
Using motif +MA1150.1 of width 11.
Using motif -MA1150.1 of width 11.
Using motif +MA0062.1 of width 10.
Using motif -MA0062.1 of width 10.
Using motif +MA1148.1 of width 18.
Using motif -MA1148.1 of width 18.
Using motif +MA1147.1 of width 15.
Using motif -MA1147.1 of width 15.
Using motif +MA1146.1 of width 15.
Using motif -MA1146.1 of width 15.
Using motif +MA1145.1 of width 15.
Using motif -MA1145.1 of width 15.
Using motif +MA1144.1 of width 10.
Using motif -MA1144.1 of width 10.
Using motif +MA0070.1 of width 12.
Using motif -MA0070.1 of width 12.
Using motif +MA0071.1 of width 10.
Using motif -MA0071.1 of width 10.
Using motif +MA0831.2 of width 8.
Using motif -MA0831.2 of width 8.
Using motif +MA1152.1 of width 10.
Using motif -MA1152.1 of width 10.
Using motif +MA0644.1 of width 10.
Using motif -MA0644.1 of width 10.
Using motif +MA0473.2 of width 12.
Using motif -MA0473.2 of width 12.
Using motif +MA0027.2 of width 8.
Using motif -MA0027.2 of width 8.
Using motif +MA0033.2 of width 7.
Using motif -MA0033.2 of width 7.
Using motif +MA0042.2 of width 7.
Using motif -MA0042.2 of width 7.
Using motif +MA0475.2 of width 10.
Using motif -MA0475.2 of width 10.
Using motif +MA0645.1 of width 10.
Using motif -MA0645.1 of width 10.
Using motif +MA0754.1 of width 10.
Using motif -MA0754.1 of width 10.
Using motif +MA0755.1 of width 10.
Using motif -MA0755.1 of width 10.
Using motif +MA0646.1 of width 11.
Using motif -MA0646.1 of width 11.
Using motif +MA0157.2 of width 8.
Using motif -MA0157.2 of width 8.
Using motif +MA0469.2 of width 18.
Using motif -MA0469.2 of width 18.
Using motif +MA0758.1 of width 14.
Using motif -MA0758.1 of width 14.
Using motif +MA0756.1 of width 14.
Using motif -MA0756.1 of width 14.
Using motif +MA0757.1 of width 14.
Using motif -MA0757.1 of width 14.
Using motif +MA0886.1 of width 10.
Using motif -MA0886.1 of width 10.
Using motif +MA1418.1 of width 21.
Using motif -MA1418.1 of width 21.
Using motif +MA0162.3 of width 14.
Using motif -MA0162.3 of width 14.
Using motif +MA0887.1 of width 10.
Using motif -MA0887.1 of width 10.
Using motif +MA1419.1 of width 15.
Using motif -MA1419.1 of width 15.
Using motif +MA1420.1 of width 14.
Using motif -MA1420.1 of width 14.
Using motif +MA1421.1 of width 12.
Using motif -MA1421.1 of width 12.
Using motif +MA1110.1 of width 11.
Using motif -MA1110.1 of width 11.
Using motif +MA0878.1 of width 9.
Using motif -MA0878.1 of width 9.
Using motif +MA0884.1 of width 13.
Using motif -MA0884.1 of width 13.
Using motif +MA0882.1 of width 8.
Using motif -MA0882.1 of width 8.
Using motif +MA0101.1 of width 10.
Using motif -MA0101.1 of width 10.
Using motif +MA0100.3 of width 10.
Using motif -MA0100.3 of width 10.
Using motif +MA0033.1 of width 8.
Using motif -MA0033.1 of width 8.
Using motif +MA0032.1 of width 8.
Using motif -MA0032.1 of width 8.
Using motif +MA0037.1 of width 6.
Using motif -MA0037.1 of width 6.
Using motif +MA0036.1 of width 5.
Using motif -MA0036.1 of width 5.
Using motif +MA0161.2 of width 11.
Using motif -MA0161.2 of width 11.
Using motif +MA0823.1 of width 10.
Using motif -MA0823.1 of width 10.
Using motif +MA0824.1 of width 10.
Using motif -MA0824.1 of width 10.
Using motif +MA0821.1 of width 12.
Using motif -MA0821.1 of width 12.
Using motif +MA0822.1 of width 12.
Using motif -MA0822.1 of width 12.
Using motif +MA0819.1 of width 10.
Using motif -MA0819.1 of width 10.
Using motif +MA0820.1 of width 10.
Using motif -MA0820.1 of width 10.
Using motif +MA0817.1 of width 12.
Using motif -MA0817.1 of width 12.
Using motif +MA0818.1 of width 10.
Using motif -MA0818.1 of width 10.
Using motif +MA0014.3 of width 12.
Using motif -MA0014.3 of width 12.
Using motif +MA0058.3 of width 10.
Using motif -MA0058.3 of width 10.
Using motif +MA0825.1 of width 10.
Using motif -MA0825.1 of width 10.
Using motif +MA0481.1 of width 15.
Using motif -MA0481.1 of width 15.
Using motif +MA0486.1 of width 15.
Using motif -MA0486.1 of width 15.
Using motif +MA0484.1 of width 15.
Using motif -MA0484.1 of width 15.
Using motif +MA0706.1 of width 10.
Using motif -MA0706.1 of width 10.
Using motif +MA0488.1 of width 13.
Using motif -MA0488.1 of width 13.
Using motif +MA0489.1 of width 14.
Using motif -MA0489.1 of width 14.
Using motif +MA0618.1 of width 8.
Using motif -MA0618.1 of width 8.
Using motif +MA0091.1 of width 12.
Using motif -MA0091.1 of width 12.
Using motif +MA0090.1 of width 12.
Using motif -MA0090.1 of width 12.
Using motif +MA0625.1 of width 10.
Using motif -MA0625.1 of width 10.
Using motif +MA0084.1 of width 9.
Using motif -MA0084.1 of width 9.
Using motif +MA0083.1 of width 12.
Using motif -MA0083.1 of width 12.
Using motif +MA1121.1 of width 13.
Using motif -MA1121.1 of width 13.
Using motif +MA1120.1 of width 11.
Using motif -MA1120.1 of width 11.
Using motif +MA1116.1 of width 10.
Using motif -MA1116.1 of width 10.
Using motif +MA0508.2 of width 10.
Using motif -MA0508.2 of width 10.
Using motif +MA1115.1 of width 11.
Using motif -MA1115.1 of width 11.
Using motif +MA1114.1 of width 17.
Using motif -MA1114.1 of width 17.
Using motif +MA0442.2 of width 11.
Using motif -MA0442.2 of width 11.
Using motif +MA1119.1 of width 16.
Using motif -MA1119.1 of width 16.
Using motif +MA1118.1 of width 11.
Using motif -MA1118.1 of width 11.
Using motif +MA1117.1 of width 11.
Using motif -MA1117.1 of width 11.
Using motif +MA0678.1 of width 10.
Using motif -MA0678.1 of width 10.
Using motif +MA0675.1 of width 8.
Using motif -MA0675.1 of width 8.
Using motif +MA0674.1 of width 8.
Using motif -MA0674.1 of width 8.
Using motif +MA0673.1 of width 9.
Using motif -MA0673.1 of width 9.
Using motif +MA0792.1 of width 9.
Using motif -MA0792.1 of width 9.
Using motif +MA0048.2 of width 10.
Using motif -MA0048.2 of width 10.
Using motif +MA0790.1 of width 14.
Using motif -MA0790.1 of width 14.
Using motif +MA0791.1 of width 16.
Using motif -MA0791.1 of width 16.
Using motif +MA0788.1 of width 13.
Using motif -MA0788.1 of width 13.
Using motif +MA0789.1 of width 9.
Using motif -MA0789.1 of width 9.
Using motif +MA0786.1 of width 12.
Using motif -MA0786.1 of width 12.
Using motif +MA0787.1 of width 12.
Using motif -MA0787.1 of width 12.
Using motif +MA0784.1 of width 14.
Using motif -MA0784.1 of width 14.
Using motif +MA0785.1 of width 12.
Using motif -MA0785.1 of width 12.
Using motif +MA0725.1 of width 8.
Using motif -MA0725.1 of width 8.
Using motif +MA0727.1 of width 17.
Using motif -MA0727.1 of width 17.
Using motif +MA0113.3 of width 17.
Using motif -MA0113.3 of width 17.
Using motif +MA0017.2 of width 13.
Using motif -MA0017.2 of width 13.
Using motif +MA0731.1 of width 17.
Using motif -MA0731.1 of width 17.
Using motif +MA0730.1 of width 17.
Using motif -MA0730.1 of width 17.
Using motif +MA0729.1 of width 18.
Using motif -MA0729.1 of width 18.
Using motif +MA0732.1 of width 15.
Using motif -MA0732.1 of width 15.
Using motif +MA0472.2 of width 11.
Using motif -MA0472.2 of width 11.
Using motif +MA0003.2 of width 15.
Using motif -MA0003.2 of width 15.
Using motif +MA0140.2 of width 18.
Using motif -MA0140.2 of width 18.
Using motif +MA0596.1 of width 10.
Using motif -MA0596.1 of width 10.
Using motif +MA0014.2 of width 19.
Using motif -MA0014.2 of width 19.
Using motif +MA0060.2 of width 18.
Using motif -MA0060.2 of width 18.
Using motif +MA0144.2 of width 11.
Using motif -MA0144.2 of width 11.
Using motif +MA0137.3 of width 11.
Using motif -MA0137.3 of width 11.
Using motif +MA0083.2 of width 18.
Using motif -MA0083.2 of width 18.
Using motif +MA0079.3 of width 11.
Using motif -MA0079.3 of width 11.
Using motif +MA0088.2 of width 16.
Using motif -MA0088.2 of width 16.
Using motif +MA0525.2 of width 18.
Using motif -MA0525.2 of width 18.
Using motif +MA0597.1 of width 9.
Using motif -MA0597.1 of width 9.
Using motif +MA0855.1 of width 14.
Using motif -MA0855.1 of width 14.
Using motif +MA0856.1 of width 14.
Using motif -MA0856.1 of width 14.
Using motif +MA0526.1 of width 11.
Using motif -MA0526.1 of width 11.
Using motif +MA0527.1 of width 15.
Using motif -MA0527.1 of width 15.
Using motif +MA0124.1 of width 7.
Using motif -MA0124.1 of width 7.
Using motif +MA0130.1 of width 6.
Using motif -MA0130.1 of width 6.
Using motif +MA0138.2 of width 21.
Using motif -MA0138.2 of width 21.
Using motif +MA0137.2 of width 15.
Using motif -MA0137.2 of width 15.
Using motif +MA0610.1 of width 11.
Using motif -MA0610.1 of width 11.
Using motif +MA0613.1 of width 8.
Using motif -MA0613.1 of width 8.
Using motif +MA0750.1 of width 12.
Using motif -MA0750.1 of width 12.
Using motif +MA0612.1 of width 10.
Using motif -MA0612.1 of width 10.
Using motif +MA0749.1 of width 13.
Using motif -MA0749.1 of width 13.
Done!
